<ActRecord>
  <ProjectName>HybridMonteCarlo</ProjectName>
  <ProjectDescription>Hybrid Monte Carlo – An algorithm that combines Hamiltonian dynamics with Monte Carlo sampling for complex distributions.</ProjectDescription>
  <XMLSpecification><![CDATA[<WriteAndTestPatchSpecification>
  <WriteSpecification>Hybrid Monte Carlo – An algorithm that combines Hamiltonian dynamics with Monte Carlo sampling for complex distributions.</WriteSpecification>
  <TestSpecification>Write through unit tests.</TestSpecification>
  <SolutionFolderPath>D:\Code2025\RavenWork\HybridMonteCarlo</SolutionFolderPath>
  <ProjectFolderName>HybridMonteCarlo</ProjectFolderName>
  <ProjectName>HybridMonteCarlo</ProjectName>
  <ProjectType>CSharp ClassLibrary</ProjectType>
  <WriteMaxPasses>3</WriteMaxPasses>
  <TestMaxPasses>3</TestMaxPasses>
  <WriteAndTestMaxPasses>5</WriteAndTestMaxPasses>
  <Errors />
  <ContextPaths />
</WriteAndTestPatchSpecification>]]></XMLSpecification>
  <Logs>
    <string>WritePatch Started CycleStep. 2025-02-23 7:02:21 AM
HybridMonteCarlo</string>
    <string>WritePatch ran compiler. 2025-02-23 7:03:30 AM
HybridMonteCarlo</string>
    <string><![CDATA[CompilerResponse
Compile succeeded.
  Determining projects to restore...
  All projects are up-to-date for restore.
  HybridMonteCarlo -> D:\Code2025\RavenWork\HybridMonteCarlo\HybridMonteCarlo\bin\Debug\net9.0\HybridMonteCarlo.dll

Build succeeded.
    0 Warning(s)
    0 Error(s)

Time Elapsed 00:00:00.76
]]></string>
    <string>WritePatch: Code is Complete.
HybridMonteCarlo</string>
    <string>WritePatch Started CycleStep. 2025-02-23 7:04:04 AM
HybridMonteCarloTest</string>
    <string>Exception: The request was canceled due to the configured HttpClient.Timeout of 200 seconds elapsing.</string>
    <string>WritePatch Started CycleStep. 2025-02-23 7:07:24 AM
HybridMonteCarloTest</string>
    <string>WritePatch ran compiler. 2025-02-23 7:08:22 AM
HybridMonteCarloTest</string>
    <string><![CDATA[CompilerResponse
Compile succeeded.
  Determining projects to restore...
  Restored D:\Code2025\RavenWork\HybridMonteCarlo\HybridMonteCarloTest\HybridMonteCarloTest.csproj (in 175 ms).
  1 of 2 projects are up-to-date for restore.
  HybridMonteCarlo -> D:\Code2025\RavenWork\HybridMonteCarlo\HybridMonteCarlo\bin\Debug\net9.0\HybridMonteCarlo.dll
  HybridMonteCarloTest -> D:\Code2025\RavenWork\HybridMonteCarlo\HybridMonteCarloTest\bin\Debug\net9.0\HybridMonteCarloTest.dll

Build succeeded.
    0 Warning(s)
    0 Error(s)

Time Elapsed 00:00:01.22
]]></string>
    <string>WritePatch: Code is Complete.
HybridMonteCarloTest</string>
    <string>[INFO 2025-02-23 7:09:34 AM] Starting test for project: D:\Code2025\RavenWork\HybridMonteCarlo\HybridMonteCarloTest\HybridMonteCarloTest.csproj</string>
    <string>[INFO 2025-02-23 7:09:34 AM] Starting test for project: D:\Code2025\RavenWork\HybridMonteCarlo\HybridMonteCarloTest\HybridMonteCarloTest.csproj</string>
    <string>[INFO 2025-02-23 7:09:34 AM] Starting test for project: D:\Code2025\RavenWork\HybridMonteCarlo\HybridMonteCarloTest\HybridMonteCarloTest.csproj</string>
    <string>[INFO 2025-02-23 7:09:34 AM] Starting test for project: D:\Code2025\RavenWork\HybridMonteCarlo\HybridMonteCarloTest\HybridMonteCarloTest.csproj</string>
    <string>[INFO 2025-02-23 7:09:34 AM] Starting test for project: D:\Code2025\RavenWork\HybridMonteCarlo\HybridMonteCarloTest\HybridMonteCarloTest.csproj</string>
    <string>[INFO 2025-02-23 7:09:34 AM] Starting test for project: D:\Code2025\RavenWork\HybridMonteCarlo\HybridMonteCarloTest\HybridMonteCarloTest.csproj</string>
    <string>[INFO 2025-02-23 7:09:34 AM] Starting test for project: D:\Code2025\RavenWork\HybridMonteCarlo\HybridMonteCarloTest\HybridMonteCarloTest.csproj</string>
    <string>[INFO 2025-02-23 7:09:34 AM] Starting test for project: D:\Code2025\RavenWork\HybridMonteCarlo\HybridMonteCarloTest\HybridMonteCarloTest.csproj</string>
    <string>[INFO 2025-02-23 7:09:34 AM] Starting test for project: D:\Code2025\RavenWork\HybridMonteCarlo\HybridMonteCarloTest\HybridMonteCarloTest.csproj</string>
    <string>[INFO 2025-02-23 7:09:34 AM] Starting test for project: D:\Code2025\RavenWork\HybridMonteCarlo\HybridMonteCarloTest\HybridMonteCarloTest.csproj</string>
    <string>[INFO 2025-02-23 7:09:34 AM] Starting test for project: D:\Code2025\RavenWork\HybridMonteCarlo\HybridMonteCarloTest\HybridMonteCarloTest.csproj</string>
    <string>[INFO 2025-02-23 7:09:34 AM] Starting test for project: D:\Code2025\RavenWork\HybridMonteCarlo\HybridMonteCarloTest\HybridMonteCarloTest.csproj</string>
    <string>[INFO 2025-02-23 7:09:34 AM] Starting test for project: D:\Code2025\RavenWork\HybridMonteCarlo\HybridMonteCarloTest\HybridMonteCarloTest.csproj</string>
    <string><![CDATA[TestResult:
[OUTPUT 2025-02-23 7:09:35 AM]   HybridMonteCarlo -> D:\Code2025\RavenWork\HybridMonteCarlo\HybridMonteCarlo\bin\Debug\net9.0\HybridMonteCarlo.dll
[OUTPUT 2025-02-23 7:09:37 AM]   Passed TestSamplerWithLargeDimensions [2 ms]
[OUTPUT 2025-02-23 7:09:37 AM] Test Parallelization enabled for D:\Code2025\RavenWork\HybridMonteCarlo\HybridMonteCarloTest\bin\Debug\net9.0\HybridMonteCarloTest.dll (Workers: 16, Scope: MethodLevel)
[OUTPUT 2025-02-23 7:09:37 AM] D:\Code2025\RavenWork\HybridMonteCarlo\HybridMonteCarloTest\bin\Debug\net9.0\HybridMonteCarloTest.dll
[OUTPUT 2025-02-23 7:09:36 AM] A total of 1 test files matched the specified pattern.
[OUTPUT 2025-02-23 7:09:36 AM] Starting test execution, please wait...
[OUTPUT 2025-02-23 7:09:36 AM] VSTest version 17.12.0 (x64)
[OUTPUT 2025-02-23 7:09:36 AM] Test run for D:\Code2025\RavenWork\HybridMonteCarlo\HybridMonteCarloTest\bin\Debug\net9.0\HybridMonteCarloTest.dll (.NETCoreApp,Version=v9.0)
[OUTPUT 2025-02-23 7:09:36 AM]   HybridMonteCarloTest -> D:\Code2025\RavenWork\HybridMonteCarlo\HybridMonteCarloTest\bin\Debug\net9.0\HybridMonteCarloTest.dll
[OUTPUT 2025-02-23 7:09:35 AM]   All projects are up-to-date for restore.
[OUTPUT 2025-02-23 7:09:35 AM]   Determining projects to restore...
[SUCCESS 2025-02-23 7:09:37 AM] All tests passed successfully.
[INFO 2025-02-23 7:09:37 AM] Test process completed. Duration: 2.65 seconds.
[INFO 2025-02-23 7:09:37 AM] Process exited with code 0.
[INFO 2025-02-23 7:09:34 AM] Command: dotnet test "D:\Code2025\RavenWork\HybridMonteCarlo\HybridMonteCarloTest\HybridMonteCarloTest.csproj" --logger:"console;verbosity=detailed" --results-directory "TestResults"
[INFO 2025-02-23 7:09:34 AM] Starting test for project: D:\Code2025\RavenWork\HybridMonteCarlo\HybridMonteCarloTest\HybridMonteCarloTest.csproj]]></string>
    <string>Test succeeded!!!</string>
  </Logs>
  <ActResult><![CDATA[WritePatch Started CycleStep. 2025-02-23 7:02:21 AM
HybridMonteCarlo

WritePatch ran compiler. 2025-02-23 7:03:30 AM
HybridMonteCarlo

CompilerResponse
Compile succeeded.
  Determining projects to restore...
  All projects are up-to-date for restore.
  HybridMonteCarlo -> D:\Code2025\RavenWork\HybridMonteCarlo\HybridMonteCarlo\bin\Debug\net9.0\HybridMonteCarlo.dll

Build succeeded.
    0 Warning(s)
    0 Error(s)

Time Elapsed 00:00:00.76


WritePatch: Code is Complete.
HybridMonteCarlo

WritePatch Started CycleStep. 2025-02-23 7:04:04 AM
HybridMonteCarloTest

Exception: The request was canceled due to the configured HttpClient.Timeout of 200 seconds elapsing.

WritePatch Started CycleStep. 2025-02-23 7:07:24 AM
HybridMonteCarloTest

WritePatch ran compiler. 2025-02-23 7:08:22 AM
HybridMonteCarloTest

CompilerResponse
Compile succeeded.
  Determining projects to restore...
  Restored D:\Code2025\RavenWork\HybridMonteCarlo\HybridMonteCarloTest\HybridMonteCarloTest.csproj (in 175 ms).
  1 of 2 projects are up-to-date for restore.
  HybridMonteCarlo -> D:\Code2025\RavenWork\HybridMonteCarlo\HybridMonteCarlo\bin\Debug\net9.0\HybridMonteCarlo.dll
  HybridMonteCarloTest -> D:\Code2025\RavenWork\HybridMonteCarlo\HybridMonteCarloTest\bin\Debug\net9.0\HybridMonteCarloTest.dll

Build succeeded.
    0 Warning(s)
    0 Error(s)

Time Elapsed 00:00:01.22


WritePatch: Code is Complete.
HybridMonteCarloTest

TestResult:
[OUTPUT 2025-02-23 7:09:35 AM]   HybridMonteCarlo -> D:\Code2025\RavenWork\HybridMonteCarlo\HybridMonteCarlo\bin\Debug\net9.0\HybridMonteCarlo.dll
[OUTPUT 2025-02-23 7:09:37 AM]   Passed TestSamplerWithLargeDimensions [2 ms]
[OUTPUT 2025-02-23 7:09:37 AM] Test Parallelization enabled for D:\Code2025\RavenWork\HybridMonteCarlo\HybridMonteCarloTest\bin\Debug\net9.0\HybridMonteCarloTest.dll (Workers: 16, Scope: MethodLevel)
[OUTPUT 2025-02-23 7:09:37 AM] D:\Code2025\RavenWork\HybridMonteCarlo\HybridMonteCarloTest\bin\Debug\net9.0\HybridMonteCarloTest.dll
[OUTPUT 2025-02-23 7:09:36 AM] A total of 1 test files matched the specified pattern.
[OUTPUT 2025-02-23 7:09:36 AM] Starting test execution, please wait...
[OUTPUT 2025-02-23 7:09:36 AM] VSTest version 17.12.0 (x64)
[OUTPUT 2025-02-23 7:09:36 AM] Test run for D:\Code2025\RavenWork\HybridMonteCarlo\HybridMonteCarloTest\bin\Debug\net9.0\HybridMonteCarloTest.dll (.NETCoreApp,Version=v9.0)
[OUTPUT 2025-02-23 7:09:36 AM]   HybridMonteCarloTest -> D:\Code2025\RavenWork\HybridMonteCarlo\HybridMonteCarloTest\bin\Debug\net9.0\HybridMonteCarloTest.dll
[OUTPUT 2025-02-23 7:09:35 AM]   All projects are up-to-date for restore.
[OUTPUT 2025-02-23 7:09:35 AM]   Determining projects to restore...
[SUCCESS 2025-02-23 7:09:37 AM] All tests passed successfully.
[INFO 2025-02-23 7:09:37 AM] Test process completed. Duration: 2.65 seconds.
[INFO 2025-02-23 7:09:37 AM] Process exited with code 0.
[INFO 2025-02-23 7:09:34 AM] Command: dotnet test "D:\Code2025\RavenWork\HybridMonteCarlo\HybridMonteCarloTest\HybridMonteCarloTest.csproj" --logger:"console;verbosity=detailed" --results-directory "TestResults"
[INFO 2025-02-23 7:09:34 AM] Starting test for project: D:\Code2025\RavenWork\HybridMonteCarlo\HybridMonteCarloTest\HybridMonteCarloTest.csproj

Test succeeded!!!]]></ActResult>
</ActRecord>