<ActRecord>
  <ProjectName>WatershedTransformation</ProjectName>
  <ProjectDescription>Watershed transformation: A class of algorithms based on the watershed analogy</ProjectDescription>
  <XMLSpecification><![CDATA[<WriteAndTestPatchSpecification>
  <WriteSpecification>Watershed transformation: A class of algorithms based on the watershed analogy</WriteSpecification>
  <TestSpecification>Write through unit tests.</TestSpecification>
  <SolutionFolderPath>D:\Code2025\RavenWork\WatershedTransformation</SolutionFolderPath>
  <ProjectFolderName>WatershedTransformation</ProjectFolderName>
  <ProjectName>WatershedTransformation</ProjectName>
  <ProjectType>CSharp ClassLibrary</ProjectType>
  <WriteMaxPasses>3</WriteMaxPasses>
  <TestMaxPasses>3</TestMaxPasses>
  <WriteAndTestMaxPasses>5</WriteAndTestMaxPasses>
  <Errors />
  <ContextPaths />
</WriteAndTestPatchSpecification>]]></XMLSpecification>
  <Logs>
    <string>WritePatch Started CycleStep. 2025-02-23 8:48:23 AM
WatershedTransformation</string>
    <string>WritePatch ran compiler. 2025-02-23 8:48:44 AM
WatershedTransformation</string>
    <string><![CDATA[CompilerResponse
Compile succeeded.
  Determining projects to restore...
  All projects are up-to-date for restore.
  WatershedTransformation -> D:\Code2025\RavenWork\WatershedTransformation\WatershedTransformation\bin\Debug\net9.0\WatershedTransformation.dll

Build succeeded.
    0 Warning(s)
    0 Error(s)

Time Elapsed 00:00:01.36
]]></string>
    <string>WritePatch: Code is not Complete.
WatershedTransformation</string>
    <string>Finished WritePatch cycle step.
2025-02-23 8:49:10 AM
WatershedTransformation</string>
    <string>WritePatch Started CycleStep. 2025-02-23 8:49:10 AM
WatershedTransformation</string>
    <string>WritePatch: WriteSpecification extraction failed. 2025-02-23 8:49:53 AM
WatershedTransformation</string>
    <string>WritePatch Started CycleStep. 2025-02-23 8:49:54 AM
WatershedTransformation</string>
    <string>WritePatch ran compiler. 2025-02-23 8:51:06 AM
WatershedTransformation</string>
    <string><![CDATA[CompilerResponse
Compile failed or had warnings.

Output:
  Determining projects to restore...
  All projects are up-to-date for restore.
D:\Code2025\RavenWork\WatershedTransformation\WatershedTransformation\WatershedAlgorithmBase.cs(6,52): error CS0246: The type or namespace name 'IWatershedSegmenter' could not be found (are you missing a using directive or an assembly reference?) [D:\Code2025\RavenWork\WatershedTransformation\WatershedTransformation\WatershedTransformation.csproj]

Build FAILED.

D:\Code2025\RavenWork\WatershedTransformation\WatershedTransformation\WatershedAlgorithmBase.cs(6,52): error CS0246: The type or namespace name 'IWatershedSegmenter' could not be found (are you missing a using directive or an assembly reference?) [D:\Code2025\RavenWork\WatershedTransformation\WatershedTransformation\WatershedTransformation.csproj]
    0 Warning(s)
    1 Error(s)

Time Elapsed 00:00:01.44


Errors:]]></string>
    <string>WritePatch: Compile failed.
WatershedTransformation</string>
    <string>Finished WritePatch cycle step.
2025-02-23 8:51:08 AM
WatershedTransformation</string>
    <string><![CDATA[WritePatch completed but failed. MaxPasses reached.
<FolderPath>
D:\Code2025\RavenWork\WatershedTransformation\WatershedTransformation
</FolderPath>
<CompilerResponse>
CompilerResponse
Compile failed or had warnings.

Output:
  Determining projects to restore...
  All projects are up-to-date for restore.
D:\Code2025\RavenWork\WatershedTransformation\WatershedTransformation\WatershedAlgorithmBase.cs(6,52): error CS0246: The type or namespace name 'IWatershedSegmenter' could not be found (are you missing a using directive or an assembly reference?) [D:\Code2025\RavenWork\WatershedTransformation\WatershedTransformation\WatershedTransformation.csproj]

Build FAILED.

D:\Code2025\RavenWork\WatershedTransformation\WatershedTransformation\WatershedAlgorithmBase.cs(6,52): error CS0246: The type or namespace name 'IWatershedSegmenter' could not be found (are you missing a using directive or an assembly reference?) [D:\Code2025\RavenWork\WatershedTransformation\WatershedTransformation\WatershedTransformation.csproj]
    0 Warning(s)
    1 Error(s)

Time Elapsed 00:00:01.44


Errors:
</CompilerResponse>
2025-02-23 8:51:08 AM
WatershedTransformation]]></string>
    <string>WritePatch ran compiler. 2025-02-23 8:51:10 AM
WatershedTransformation</string>
    <string><![CDATA[CompilerResponse
Compile failed or had warnings.

Output:
  Determining projects to restore...
  All projects are up-to-date for restore.
D:\Code2025\RavenWork\WatershedTransformation\WatershedTransformation\WatershedAlgorithmBase.cs(6,52): error CS0246: The type or namespace name 'IWatershedSegmenter' could not be found (are you missing a using directive or an assembly reference?) [D:\Code2025\RavenWork\WatershedTransformation\WatershedTransformation\WatershedTransformation.csproj]

Build FAILED.

D:\Code2025\RavenWork\WatershedTransformation\WatershedTransformation\WatershedAlgorithmBase.cs(6,52): error CS0246: The type or namespace name 'IWatershedSegmenter' could not be found (are you missing a using directive or an assembly reference?) [D:\Code2025\RavenWork\WatershedTransformation\WatershedTransformation\WatershedTransformation.csproj]
    0 Warning(s)
    1 Error(s)

Time Elapsed 00:00:00.98


Errors:]]></string>
    <string>WritePatch: Compile failed.
WatershedTransformation</string>
    <string>WritePatch Started CycleStep. 2025-02-23 8:51:11 AM
WatershedTransformation</string>
    <string>WritePatch ran compiler. 2025-02-23 8:52:08 AM
WatershedTransformation</string>
    <string><![CDATA[CompilerResponse
Compile succeeded.
  Determining projects to restore...
  All projects are up-to-date for restore.
D:\Code2025\RavenWork\WatershedTransformation\WatershedTransformation\WatershedSegmenter.cs(26,23): warning CS0219: The variable 'INIT' is assigned but its value is never used [D:\Code2025\RavenWork\WatershedTransformation\WatershedTransformation\WatershedTransformation.csproj]
  WatershedTransformation -> D:\Code2025\RavenWork\WatershedTransformation\WatershedTransformation\bin\Debug\net9.0\WatershedTransformation.dll

Build succeeded.

D:\Code2025\RavenWork\WatershedTransformation\WatershedTransformation\WatershedSegmenter.cs(26,23): warning CS0219: The variable 'INIT' is assigned but its value is never used [D:\Code2025\RavenWork\WatershedTransformation\WatershedTransformation\WatershedTransformation.csproj]
    1 Warning(s)
    0 Error(s)

Time Elapsed 00:00:01.16
]]></string>
    <string>WritePatch: Compile failed.
WatershedTransformation</string>
    <string>Finished WritePatch cycle step.
2025-02-23 8:52:10 AM
WatershedTransformation</string>
    <string>WritePatch Started CycleStep. 2025-02-23 8:52:10 AM
WatershedTransformation</string>
    <string>WritePatch ran compiler. 2025-02-23 8:53:14 AM
WatershedTransformation</string>
    <string><![CDATA[CompilerResponse
Compile succeeded.
  Determining projects to restore...
  All projects are up-to-date for restore.
  WatershedTransformation -> D:\Code2025\RavenWork\WatershedTransformation\WatershedTransformation\bin\Debug\net9.0\WatershedTransformation.dll

Build succeeded.
    0 Warning(s)
    0 Error(s)

Time Elapsed 00:00:01.12
]]></string>
    <string>WritePatch: Code is Complete.
WatershedTransformation</string>
    <string>WritePatch Started CycleStep. 2025-02-23 8:53:32 AM
WatershedTransformationTest</string>
    <string>WritePatch ran compiler. 2025-02-23 8:54:31 AM
WatershedTransformationTest</string>
    <string><![CDATA[CompilerResponse
Compile succeeded.
  Determining projects to restore...
  Restored D:\Code2025\RavenWork\WatershedTransformation\WatershedTransformationTest\WatershedTransformationTest.csproj (in 281 ms).
  1 of 2 projects are up-to-date for restore.
  WatershedTransformation -> D:\Code2025\RavenWork\WatershedTransformation\WatershedTransformation\bin\Debug\net9.0\WatershedTransformation.dll
  WatershedTransformationTest -> D:\Code2025\RavenWork\WatershedTransformation\WatershedTransformationTest\bin\Debug\net9.0\WatershedTransformationTest.dll

Build succeeded.
    0 Warning(s)
    0 Error(s)

Time Elapsed 00:00:01.94
]]></string>
    <string>WritePatch: Code is Complete.
WatershedTransformationTest</string>
    <string>[INFO 2025-02-23 8:54:49 AM] Starting test for project: D:\Code2025\RavenWork\WatershedTransformation\WatershedTransformationTest\WatershedTransformationTest.csproj</string>
    <string>[INFO 2025-02-23 8:54:49 AM] Starting test for project: D:\Code2025\RavenWork\WatershedTransformation\WatershedTransformationTest\WatershedTransformationTest.csproj</string>
    <string>[INFO 2025-02-23 8:54:49 AM] Starting test for project: D:\Code2025\RavenWork\WatershedTransformation\WatershedTransformationTest\WatershedTransformationTest.csproj</string>
    <string>[INFO 2025-02-23 8:54:49 AM] Starting test for project: D:\Code2025\RavenWork\WatershedTransformation\WatershedTransformationTest\WatershedTransformationTest.csproj</string>
    <string>[INFO 2025-02-23 8:54:49 AM] Starting test for project: D:\Code2025\RavenWork\WatershedTransformation\WatershedTransformationTest\WatershedTransformationTest.csproj</string>
    <string>[INFO 2025-02-23 8:54:49 AM] Starting test for project: D:\Code2025\RavenWork\WatershedTransformation\WatershedTransformationTest\WatershedTransformationTest.csproj</string>
    <string>[INFO 2025-02-23 8:54:49 AM] Starting test for project: D:\Code2025\RavenWork\WatershedTransformation\WatershedTransformationTest\WatershedTransformationTest.csproj</string>
    <string>[INFO 2025-02-23 8:54:49 AM] Starting test for project: D:\Code2025\RavenWork\WatershedTransformation\WatershedTransformationTest\WatershedTransformationTest.csproj</string>
    <string>[INFO 2025-02-23 8:54:49 AM] Starting test for project: D:\Code2025\RavenWork\WatershedTransformation\WatershedTransformationTest\WatershedTransformationTest.csproj</string>
    <string>[INFO 2025-02-23 8:54:49 AM] Starting test for project: D:\Code2025\RavenWork\WatershedTransformation\WatershedTransformationTest\WatershedTransformationTest.csproj</string>
    <string>[INFO 2025-02-23 8:54:49 AM] Starting test for project: D:\Code2025\RavenWork\WatershedTransformation\WatershedTransformationTest\WatershedTransformationTest.csproj</string>
    <string>[INFO 2025-02-23 8:54:49 AM] Starting test for project: D:\Code2025\RavenWork\WatershedTransformation\WatershedTransformationTest\WatershedTransformationTest.csproj</string>
    <string><![CDATA[TestResult:
[OUTPUT 2025-02-23 8:54:53 AM] D:\Code2025\RavenWork\WatershedTransformation\WatershedTransformationTest\bin\Debug\net9.0\WatershedTransformationTest.dll
[OUTPUT 2025-02-23 8:54:53 AM] A total of 1 test files matched the specified pattern.
[OUTPUT 2025-02-23 8:54:53 AM] Starting test execution, please wait...
[OUTPUT 2025-02-23 8:54:52 AM] VSTest version 17.12.0 (x64)
[OUTPUT 2025-02-23 8:54:52 AM] Test run for D:\Code2025\RavenWork\WatershedTransformation\WatershedTransformationTest\bin\Debug\net9.0\WatershedTransformationTest.dll (.NETCoreApp,Version=v9.0)
[OUTPUT 2025-02-23 8:54:51 AM]   WatershedTransformationTest -> D:\Code2025\RavenWork\WatershedTransformation\WatershedTransformationTest\bin\Debug\net9.0\WatershedTransformationTest.dll
[OUTPUT 2025-02-23 8:54:50 AM]   All projects are up-to-date for restore.
[OUTPUT 2025-02-23 8:54:54 AM] Test Parallelization enabled for D:\Code2025\RavenWork\WatershedTransformation\WatershedTransformationTest\bin\Debug\net9.0\WatershedTransformationTest.dll (Workers: 16, Scope: MethodLevel)
[OUTPUT 2025-02-23 8:54:51 AM]   WatershedTransformation -> D:\Code2025\RavenWork\WatershedTransformation\WatershedTransformation\bin\Debug\net9.0\WatershedTransformation.dll
[OUTPUT 2025-02-23 8:54:50 AM]   Determining projects to restore...
[SUCCESS 2025-02-23 8:54:53 AM] All tests passed successfully.
[INFO 2025-02-23 8:54:53 AM] Test process completed. Duration: 4.60 seconds.
[INFO 2025-02-23 8:54:53 AM] Process exited with code 0.
[INFO 2025-02-23 8:54:49 AM] Command: dotnet test "D:\Code2025\RavenWork\WatershedTransformation\WatershedTransformationTest\WatershedTransformationTest.csproj" --logger:"console;verbosity=detailed" --results-directory "TestResults"
[INFO 2025-02-23 8:54:49 AM] Starting test for project: D:\Code2025\RavenWork\WatershedTransformation\WatershedTransformationTest\WatershedTransformationTest.csproj]]></string>
    <string>Test succeeded!!!</string>
  </Logs>
  <ActResult><![CDATA[WritePatch Started CycleStep. 2025-02-23 8:48:23 AM
WatershedTransformation

WritePatch ran compiler. 2025-02-23 8:48:44 AM
WatershedTransformation

CompilerResponse
Compile succeeded.
  Determining projects to restore...
  All projects are up-to-date for restore.
  WatershedTransformation -> D:\Code2025\RavenWork\WatershedTransformation\WatershedTransformation\bin\Debug\net9.0\WatershedTransformation.dll

Build succeeded.
    0 Warning(s)
    0 Error(s)

Time Elapsed 00:00:01.36


WritePatch: Code is not Complete.
WatershedTransformation

Finished WritePatch cycle step.
2025-02-23 8:49:10 AM
WatershedTransformation

WritePatch Started CycleStep. 2025-02-23 8:49:10 AM
WatershedTransformation

WritePatch: WriteSpecification extraction failed. 2025-02-23 8:49:53 AM
WatershedTransformation

WritePatch Started CycleStep. 2025-02-23 8:49:54 AM
WatershedTransformation

WritePatch ran compiler. 2025-02-23 8:51:06 AM
WatershedTransformation

CompilerResponse
Compile failed or had warnings.

Output:
  Determining projects to restore...
  All projects are up-to-date for restore.
D:\Code2025\RavenWork\WatershedTransformation\WatershedTransformation\WatershedAlgorithmBase.cs(6,52): error CS0246: The type or namespace name 'IWatershedSegmenter' could not be found (are you missing a using directive or an assembly reference?) [D:\Code2025\RavenWork\WatershedTransformation\WatershedTransformation\WatershedTransformation.csproj]

Build FAILED.

D:\Code2025\RavenWork\WatershedTransformation\WatershedTransformation\WatershedAlgorithmBase.cs(6,52): error CS0246: The type or namespace name 'IWatershedSegmenter' could not be found (are you missing a using directive or an assembly reference?) [D:\Code2025\RavenWork\WatershedTransformation\WatershedTransformation\WatershedTransformation.csproj]
    0 Warning(s)
    1 Error(s)

Time Elapsed 00:00:01.44


Errors:

WritePatch: Compile failed.
WatershedTransformation

Finished WritePatch cycle step.
2025-02-23 8:51:08 AM
WatershedTransformation

WritePatch completed but failed. MaxPasses reached.
<FolderPath>
D:\Code2025\RavenWork\WatershedTransformation\WatershedTransformation
</FolderPath>
<CompilerResponse>
CompilerResponse
Compile failed or had warnings.

Output:
  Determining projects to restore...
  All projects are up-to-date for restore.
D:\Code2025\RavenWork\WatershedTransformation\WatershedTransformation\WatershedAlgorithmBase.cs(6,52): error CS0246: The type or namespace name 'IWatershedSegmenter' could not be found (are you missing a using directive or an assembly reference?) [D:\Code2025\RavenWork\WatershedTransformation\WatershedTransformation\WatershedTransformation.csproj]

Build FAILED.

D:\Code2025\RavenWork\WatershedTransformation\WatershedTransformation\WatershedAlgorithmBase.cs(6,52): error CS0246: The type or namespace name 'IWatershedSegmenter' could not be found (are you missing a using directive or an assembly reference?) [D:\Code2025\RavenWork\WatershedTransformation\WatershedTransformation\WatershedTransformation.csproj]
    0 Warning(s)
    1 Error(s)

Time Elapsed 00:00:01.44


Errors:
</CompilerResponse>
2025-02-23 8:51:08 AM
WatershedTransformation

WritePatch ran compiler. 2025-02-23 8:51:10 AM
WatershedTransformation

CompilerResponse
Compile failed or had warnings.

Output:
  Determining projects to restore...
  All projects are up-to-date for restore.
D:\Code2025\RavenWork\WatershedTransformation\WatershedTransformation\WatershedAlgorithmBase.cs(6,52): error CS0246: The type or namespace name 'IWatershedSegmenter' could not be found (are you missing a using directive or an assembly reference?) [D:\Code2025\RavenWork\WatershedTransformation\WatershedTransformation\WatershedTransformation.csproj]

Build FAILED.

D:\Code2025\RavenWork\WatershedTransformation\WatershedTransformation\WatershedAlgorithmBase.cs(6,52): error CS0246: The type or namespace name 'IWatershedSegmenter' could not be found (are you missing a using directive or an assembly reference?) [D:\Code2025\RavenWork\WatershedTransformation\WatershedTransformation\WatershedTransformation.csproj]
    0 Warning(s)
    1 Error(s)

Time Elapsed 00:00:00.98


Errors:

WritePatch: Compile failed.
WatershedTransformation

WritePatch Started CycleStep. 2025-02-23 8:51:11 AM
WatershedTransformation

WritePatch ran compiler. 2025-02-23 8:52:08 AM
WatershedTransformation

CompilerResponse
Compile succeeded.
  Determining projects to restore...
  All projects are up-to-date for restore.
D:\Code2025\RavenWork\WatershedTransformation\WatershedTransformation\WatershedSegmenter.cs(26,23): warning CS0219: The variable 'INIT' is assigned but its value is never used [D:\Code2025\RavenWork\WatershedTransformation\WatershedTransformation\WatershedTransformation.csproj]
  WatershedTransformation -> D:\Code2025\RavenWork\WatershedTransformation\WatershedTransformation\bin\Debug\net9.0\WatershedTransformation.dll

Build succeeded.

D:\Code2025\RavenWork\WatershedTransformation\WatershedTransformation\WatershedSegmenter.cs(26,23): warning CS0219: The variable 'INIT' is assigned but its value is never used [D:\Code2025\RavenWork\WatershedTransformation\WatershedTransformation\WatershedTransformation.csproj]
    1 Warning(s)
    0 Error(s)

Time Elapsed 00:00:01.16


WritePatch: Compile failed.
WatershedTransformation

Finished WritePatch cycle step.
2025-02-23 8:52:10 AM
WatershedTransformation

WritePatch Started CycleStep. 2025-02-23 8:52:10 AM
WatershedTransformation

WritePatch ran compiler. 2025-02-23 8:53:14 AM
WatershedTransformation

CompilerResponse
Compile succeeded.
  Determining projects to restore...
  All projects are up-to-date for restore.
  WatershedTransformation -> D:\Code2025\RavenWork\WatershedTransformation\WatershedTransformation\bin\Debug\net9.0\WatershedTransformation.dll

Build succeeded.
    0 Warning(s)
    0 Error(s)

Time Elapsed 00:00:01.12


WritePatch: Code is Complete.
WatershedTransformation

WritePatch Started CycleStep. 2025-02-23 8:53:32 AM
WatershedTransformationTest

WritePatch ran compiler. 2025-02-23 8:54:31 AM
WatershedTransformationTest

CompilerResponse
Compile succeeded.
  Determining projects to restore...
  Restored D:\Code2025\RavenWork\WatershedTransformation\WatershedTransformationTest\WatershedTransformationTest.csproj (in 281 ms).
  1 of 2 projects are up-to-date for restore.
  WatershedTransformation -> D:\Code2025\RavenWork\WatershedTransformation\WatershedTransformation\bin\Debug\net9.0\WatershedTransformation.dll
  WatershedTransformationTest -> D:\Code2025\RavenWork\WatershedTransformation\WatershedTransformationTest\bin\Debug\net9.0\WatershedTransformationTest.dll

Build succeeded.
    0 Warning(s)
    0 Error(s)

Time Elapsed 00:00:01.94


WritePatch: Code is Complete.
WatershedTransformationTest

TestResult:
[OUTPUT 2025-02-23 8:54:53 AM] D:\Code2025\RavenWork\WatershedTransformation\WatershedTransformationTest\bin\Debug\net9.0\WatershedTransformationTest.dll
[OUTPUT 2025-02-23 8:54:53 AM] A total of 1 test files matched the specified pattern.
[OUTPUT 2025-02-23 8:54:53 AM] Starting test execution, please wait...
[OUTPUT 2025-02-23 8:54:52 AM] VSTest version 17.12.0 (x64)
[OUTPUT 2025-02-23 8:54:52 AM] Test run for D:\Code2025\RavenWork\WatershedTransformation\WatershedTransformationTest\bin\Debug\net9.0\WatershedTransformationTest.dll (.NETCoreApp,Version=v9.0)
[OUTPUT 2025-02-23 8:54:51 AM]   WatershedTransformationTest -> D:\Code2025\RavenWork\WatershedTransformation\WatershedTransformationTest\bin\Debug\net9.0\WatershedTransformationTest.dll
[OUTPUT 2025-02-23 8:54:50 AM]   All projects are up-to-date for restore.
[OUTPUT 2025-02-23 8:54:54 AM] Test Parallelization enabled for D:\Code2025\RavenWork\WatershedTransformation\WatershedTransformationTest\bin\Debug\net9.0\WatershedTransformationTest.dll (Workers: 16, Scope: MethodLevel)
[OUTPUT 2025-02-23 8:54:51 AM]   WatershedTransformation -> D:\Code2025\RavenWork\WatershedTransformation\WatershedTransformation\bin\Debug\net9.0\WatershedTransformation.dll
[OUTPUT 2025-02-23 8:54:50 AM]   Determining projects to restore...
[SUCCESS 2025-02-23 8:54:53 AM] All tests passed successfully.
[INFO 2025-02-23 8:54:53 AM] Test process completed. Duration: 4.60 seconds.
[INFO 2025-02-23 8:54:53 AM] Process exited with code 0.
[INFO 2025-02-23 8:54:49 AM] Command: dotnet test "D:\Code2025\RavenWork\WatershedTransformation\WatershedTransformationTest\WatershedTransformationTest.csproj" --logger:"console;verbosity=detailed" --results-directory "TestResults"
[INFO 2025-02-23 8:54:49 AM] Starting test for project: D:\Code2025\RavenWork\WatershedTransformation\WatershedTransformationTest\WatershedTransformationTest.csproj

Test succeeded!!!]]></ActResult>
</ActRecord>