<ActRecord>
  <ProjectName>SortMergeJoin</ProjectName>
  <ProjectDescription>Sort‑Merge Join</ProjectDescription>
  <XMLSpecification><![CDATA[<WriteAndTestPatchSpecification>
  <WriteSpecification>Sort‑Merge Join</WriteSpecification>
  <TestSpecification>Write through unit tests.</TestSpecification>
  <SolutionFolderPath>D:\Code2025\RavenWork\SortMergeJoin</SolutionFolderPath>
  <ProjectFolderName>SortMergeJoin</ProjectFolderName>
  <ProjectName>SortMergeJoin</ProjectName>
  <ProjectType>CSharp ClassLibrary</ProjectType>
  <WriteMaxPasses>3</WriteMaxPasses>
  <TestMaxPasses>3</TestMaxPasses>
  <WriteAndTestMaxPasses>5</WriteAndTestMaxPasses>
  <Errors />
  <ContextPaths />
</WriteAndTestPatchSpecification>]]></XMLSpecification>
  <Logs>
    <string>WritePatch Started CycleStep. 2025-02-23 10:10:29 AM
SortMergeJoin</string>
    <string>WritePatch ran compiler. 2025-02-23 10:11:15 AM
SortMergeJoin</string>
    <string><![CDATA[CompilerResponse
Compile succeeded.
  Determining projects to restore...
  All projects are up-to-date for restore.
  SortMergeJoin -> D:\Code2025\RavenWork\SortMergeJoin\SortMergeJoin\bin\Debug\net9.0\SortMergeJoin.dll

Build succeeded.
    0 Warning(s)
    0 Error(s)

Time Elapsed 00:00:00.86
]]></string>
    <string>WritePatch: Code is Complete.
SortMergeJoin</string>
    <string>WritePatch Started CycleStep. 2025-02-23 10:11:34 AM
SortMergeJoinTest</string>
    <string>Exception: The request was canceled due to the configured HttpClient.Timeout of 200 seconds elapsing.</string>
    <string>WritePatch Started CycleStep. 2025-02-23 10:14:55 AM
SortMergeJoinTest</string>
    <string>WritePatch ran compiler. 2025-02-23 10:15:53 AM
SortMergeJoinTest</string>
    <string><![CDATA[CompilerResponse
Compile succeeded.
  Determining projects to restore...
  Restored D:\Code2025\RavenWork\SortMergeJoin\SortMergeJoinTest\SortMergeJoinTest.csproj (in 252 ms).
  1 of 2 projects are up-to-date for restore.
  SortMergeJoin -> D:\Code2025\RavenWork\SortMergeJoin\SortMergeJoin\bin\Debug\net9.0\SortMergeJoin.dll
D:\Code2025\RavenWork\SortMergeJoin\SortMergeJoinTest\SortMergeJoinerTests.cs(117,58): warning CS8625: Cannot convert null literal to non-nullable reference type. [D:\Code2025\RavenWork\SortMergeJoin\SortMergeJoinTest\SortMergeJoinTest.csproj]
D:\Code2025\RavenWork\SortMergeJoin\SortMergeJoinTest\SortMergeJoinerTests.cs(125,71): warning CS8625: Cannot convert null literal to non-nullable reference type. [D:\Code2025\RavenWork\SortMergeJoin\SortMergeJoinTest\SortMergeJoinTest.csproj]
D:\Code2025\RavenWork\SortMergeJoin\SortMergeJoinTest\SortMergeJoinerTests.cs(133,84): warning CS8625: Cannot convert null literal to non-nullable reference type. [D:\Code2025\RavenWork\SortMergeJoin\SortMergeJoinTest\SortMergeJoinTest.csproj]
D:\Code2025\RavenWork\SortMergeJoin\SortMergeJoinTest\SortMergeJoinerTests.cs(141,16): warning CS8625: Cannot convert null literal to non-nullable reference type. [D:\Code2025\RavenWork\SortMergeJoin\SortMergeJoinTest\SortMergeJoinTest.csproj]
D:\Code2025\RavenWork\SortMergeJoin\SortMergeJoinTest\SortMergeJoinerTests.cs(149,16): warning CS8625: Cannot convert null literal to non-nullable reference type. [D:\Code2025\RavenWork\SortMergeJoin\SortMergeJoinTest\SortMergeJoinTest.csproj]
  SortMergeJoinTest -> D:\Code2025\RavenWork\SortMergeJoin\SortMergeJoinTest\bin\Debug\net9.0\SortMergeJoinTest.dll

Build succeeded.

D:\Code2025\RavenWork\SortMergeJoin\SortMergeJoinTest\SortMergeJoinerTests.cs(117,58): warning CS8625: Cannot convert null literal to non-nullable reference type. [D:\Code2025\RavenWork\SortMergeJoin\SortMergeJoinTest\SortMergeJoinTest.csproj]
D:\Code2025\RavenWork\SortMergeJoin\SortMergeJoinTest\SortMergeJoinerTests.cs(125,71): warning CS8625: Cannot convert null literal to non-nullable reference type. [D:\Code2025\RavenWork\SortMergeJoin\SortMergeJoinTest\SortMergeJoinTest.csproj]
D:\Code2025\RavenWork\SortMergeJoin\SortMergeJoinTest\SortMergeJoinerTests.cs(133,84): warning CS8625: Cannot convert null literal to non-nullable reference type. [D:\Code2025\RavenWork\SortMergeJoin\SortMergeJoinTest\SortMergeJoinTest.csproj]
D:\Code2025\RavenWork\SortMergeJoin\SortMergeJoinTest\SortMergeJoinerTests.cs(141,16): warning CS8625: Cannot convert null literal to non-nullable reference type. [D:\Code2025\RavenWork\SortMergeJoin\SortMergeJoinTest\SortMergeJoinTest.csproj]
D:\Code2025\RavenWork\SortMergeJoin\SortMergeJoinTest\SortMergeJoinerTests.cs(149,16): warning CS8625: Cannot convert null literal to non-nullable reference type. [D:\Code2025\RavenWork\SortMergeJoin\SortMergeJoinTest\SortMergeJoinTest.csproj]
    5 Warning(s)
    0 Error(s)

Time Elapsed 00:00:01.75
]]></string>
    <string>WritePatch: Compile failed.
SortMergeJoinTest</string>
    <string>Finished WritePatch cycle step.
2025-02-23 10:15:53 AM
SortMergeJoinTest</string>
    <string>WritePatch Started CycleStep. 2025-02-23 10:15:53 AM
SortMergeJoinTest</string>
    <string>WritePatch ran compiler. 2025-02-23 10:16:27 AM
SortMergeJoinTest</string>
    <string><![CDATA[CompilerResponse
Compile succeeded.
  Determining projects to restore...
  All projects are up-to-date for restore.
  SortMergeJoin -> D:\Code2025\RavenWork\SortMergeJoin\SortMergeJoin\bin\Debug\net9.0\SortMergeJoin.dll
  SortMergeJoinTest -> D:\Code2025\RavenWork\SortMergeJoin\SortMergeJoinTest\bin\Debug\net9.0\SortMergeJoinTest.dll

Build succeeded.
    0 Warning(s)
    0 Error(s)

Time Elapsed 00:00:00.99
]]></string>
    <string>WritePatch: Code is not Complete.
SortMergeJoinTest</string>
    <string>Finished WritePatch cycle step.
2025-02-23 10:16:41 AM
SortMergeJoinTest</string>
    <string><![CDATA[WritePatch completed but failed. MaxPasses reached.
<FolderPath>
D:\Code2025\RavenWork\SortMergeJoin\SortMergeJoinTest
</FolderPath>
<CompilerResponse>
CompilerResponse
Compile succeeded.
  Determining projects to restore...
  All projects are up-to-date for restore.
  SortMergeJoin -> D:\Code2025\RavenWork\SortMergeJoin\SortMergeJoin\bin\Debug\net9.0\SortMergeJoin.dll
  SortMergeJoinTest -> D:\Code2025\RavenWork\SortMergeJoin\SortMergeJoinTest\bin\Debug\net9.0\SortMergeJoinTest.dll

Build succeeded.
    0 Warning(s)
    0 Error(s)

Time Elapsed 00:00:00.99

</CompilerResponse>
2025-02-23 10:16:42 AM
SortMergeJoinTest]]></string>
    <string>WritePatch ran compiler. 2025-02-23 10:16:43 AM
SortMergeJoin</string>
    <string><![CDATA[CompilerResponse
Compile succeeded.
  Determining projects to restore...
  All projects are up-to-date for restore.
  SortMergeJoin -> D:\Code2025\RavenWork\SortMergeJoin\SortMergeJoin\bin\Debug\net9.0\SortMergeJoin.dll

Build succeeded.
    0 Warning(s)
    0 Error(s)

Time Elapsed 00:00:00.74
]]></string>
    <string>WritePatch: Code is Complete.
SortMergeJoin</string>
    <string>WritePatch ran compiler. 2025-02-23 10:17:03 AM
SortMergeJoinTest</string>
    <string><![CDATA[CompilerResponse
Compile succeeded.
  Determining projects to restore...
  All projects are up-to-date for restore.
  SortMergeJoin -> D:\Code2025\RavenWork\SortMergeJoin\SortMergeJoin\bin\Debug\net9.0\SortMergeJoin.dll
  SortMergeJoinTest -> D:\Code2025\RavenWork\SortMergeJoin\SortMergeJoinTest\bin\Debug\net9.0\SortMergeJoinTest.dll

Build succeeded.
    0 Warning(s)
    0 Error(s)

Time Elapsed 00:00:00.95
]]></string>
    <string>WritePatch: Code is Complete.
SortMergeJoinTest</string>
    <string>[INFO 2025-02-23 10:17:19 AM] Starting test for project: D:\Code2025\RavenWork\SortMergeJoin\SortMergeJoinTest\SortMergeJoinTest.csproj</string>
    <string>[INFO 2025-02-23 10:17:19 AM] Starting test for project: D:\Code2025\RavenWork\SortMergeJoin\SortMergeJoinTest\SortMergeJoinTest.csproj</string>
    <string>[INFO 2025-02-23 10:17:19 AM] Starting test for project: D:\Code2025\RavenWork\SortMergeJoin\SortMergeJoinTest\SortMergeJoinTest.csproj</string>
    <string>[INFO 2025-02-23 10:17:19 AM] Starting test for project: D:\Code2025\RavenWork\SortMergeJoin\SortMergeJoinTest\SortMergeJoinTest.csproj</string>
    <string>[INFO 2025-02-23 10:17:19 AM] Starting test for project: D:\Code2025\RavenWork\SortMergeJoin\SortMergeJoinTest\SortMergeJoinTest.csproj</string>
    <string>[INFO 2025-02-23 10:17:19 AM] Starting test for project: D:\Code2025\RavenWork\SortMergeJoin\SortMergeJoinTest\SortMergeJoinTest.csproj</string>
    <string>[INFO 2025-02-23 10:17:19 AM] Starting test for project: D:\Code2025\RavenWork\SortMergeJoin\SortMergeJoinTest\SortMergeJoinTest.csproj</string>
    <string>[INFO 2025-02-23 10:17:19 AM] Starting test for project: D:\Code2025\RavenWork\SortMergeJoin\SortMergeJoinTest\SortMergeJoinTest.csproj</string>
    <string>[INFO 2025-02-23 10:17:19 AM] Starting test for project: D:\Code2025\RavenWork\SortMergeJoin\SortMergeJoinTest\SortMergeJoinTest.csproj</string>
    <string>[INFO 2025-02-23 10:17:19 AM] Starting test for project: D:\Code2025\RavenWork\SortMergeJoin\SortMergeJoinTest\SortMergeJoinTest.csproj</string>
    <string>[INFO 2025-02-23 10:17:19 AM] Starting test for project: D:\Code2025\RavenWork\SortMergeJoin\SortMergeJoinTest\SortMergeJoinTest.csproj</string>
    <string>[INFO 2025-02-23 10:17:19 AM] Starting test for project: D:\Code2025\RavenWork\SortMergeJoin\SortMergeJoinTest\SortMergeJoinTest.csproj</string>
    <string>[INFO 2025-02-23 10:17:19 AM] Starting test for project: D:\Code2025\RavenWork\SortMergeJoin\SortMergeJoinTest\SortMergeJoinTest.csproj</string>
    <string>[INFO 2025-02-23 10:17:19 AM] Starting test for project: D:\Code2025\RavenWork\SortMergeJoin\SortMergeJoinTest\SortMergeJoinTest.csproj</string>
    <string><![CDATA[TestResult:
[SUCCESS 2025-02-23 10:17:22 AM] All tests passed successfully.
[INFO 2025-02-23 10:17:22 AM] Test process completed. Duration: 3.18 seconds.
[INFO 2025-02-23 10:17:22 AM] Process exited with code 0.
[OUTPUT 2025-02-23 10:17:22 AM]   Passed TestJoin_EmptyInput [5 ms]
[OUTPUT 2025-02-23 10:17:22 AM]   Passed TestJoin_NullParameters [5 ms]
[OUTPUT 2025-02-23 10:17:22 AM] Test Parallelization enabled for D:\Code2025\RavenWork\SortMergeJoin\SortMergeJoinTest\bin\Debug\net9.0\SortMergeJoinTest.dll (Workers: 16, Scope: MethodLevel)
[OUTPUT 2025-02-23 10:17:21 AM] D:\Code2025\RavenWork\SortMergeJoin\SortMergeJoinTest\bin\Debug\net9.0\SortMergeJoinTest.dll
[OUTPUT 2025-02-23 10:17:21 AM] A total of 1 test files matched the specified pattern.
[OUTPUT 2025-02-23 10:17:21 AM] Starting test execution, please wait...
[OUTPUT 2025-02-23 10:17:20 AM] VSTest version 17.12.0 (x64)
[OUTPUT 2025-02-23 10:17:20 AM] Test run for D:\Code2025\RavenWork\SortMergeJoin\SortMergeJoinTest\bin\Debug\net9.0\SortMergeJoinTest.dll (.NETCoreApp,Version=v9.0)
[OUTPUT 2025-02-23 10:17:20 AM]   SortMergeJoinTest -> D:\Code2025\RavenWork\SortMergeJoin\SortMergeJoinTest\bin\Debug\net9.0\SortMergeJoinTest.dll
[OUTPUT 2025-02-23 10:17:20 AM]   SortMergeJoin -> D:\Code2025\RavenWork\SortMergeJoin\SortMergeJoin\bin\Debug\net9.0\SortMergeJoin.dll
[OUTPUT 2025-02-23 10:17:19 AM]   All projects are up-to-date for restore.
[OUTPUT 2025-02-23 10:17:19 AM]   Determining projects to restore...
[INFO 2025-02-23 10:17:19 AM] Command: dotnet test "D:\Code2025\RavenWork\SortMergeJoin\SortMergeJoinTest\SortMergeJoinTest.csproj" --logger:"console;verbosity=detailed" --results-directory "TestResults"
[INFO 2025-02-23 10:17:19 AM] Starting test for project: D:\Code2025\RavenWork\SortMergeJoin\SortMergeJoinTest\SortMergeJoinTest.csproj]]></string>
    <string>Test succeeded!!!</string>
  </Logs>
  <ActResult><![CDATA[WritePatch Started CycleStep. 2025-02-23 10:10:29 AM
SortMergeJoin

WritePatch ran compiler. 2025-02-23 10:11:15 AM
SortMergeJoin

CompilerResponse
Compile succeeded.
  Determining projects to restore...
  All projects are up-to-date for restore.
  SortMergeJoin -> D:\Code2025\RavenWork\SortMergeJoin\SortMergeJoin\bin\Debug\net9.0\SortMergeJoin.dll

Build succeeded.
    0 Warning(s)
    0 Error(s)

Time Elapsed 00:00:00.86


WritePatch: Code is Complete.
SortMergeJoin

WritePatch Started CycleStep. 2025-02-23 10:11:34 AM
SortMergeJoinTest

Exception: The request was canceled due to the configured HttpClient.Timeout of 200 seconds elapsing.

WritePatch Started CycleStep. 2025-02-23 10:14:55 AM
SortMergeJoinTest

WritePatch ran compiler. 2025-02-23 10:15:53 AM
SortMergeJoinTest

CompilerResponse
Compile succeeded.
  Determining projects to restore...
  Restored D:\Code2025\RavenWork\SortMergeJoin\SortMergeJoinTest\SortMergeJoinTest.csproj (in 252 ms).
  1 of 2 projects are up-to-date for restore.
  SortMergeJoin -> D:\Code2025\RavenWork\SortMergeJoin\SortMergeJoin\bin\Debug\net9.0\SortMergeJoin.dll
D:\Code2025\RavenWork\SortMergeJoin\SortMergeJoinTest\SortMergeJoinerTests.cs(117,58): warning CS8625: Cannot convert null literal to non-nullable reference type. [D:\Code2025\RavenWork\SortMergeJoin\SortMergeJoinTest\SortMergeJoinTest.csproj]
D:\Code2025\RavenWork\SortMergeJoin\SortMergeJoinTest\SortMergeJoinerTests.cs(125,71): warning CS8625: Cannot convert null literal to non-nullable reference type. [D:\Code2025\RavenWork\SortMergeJoin\SortMergeJoinTest\SortMergeJoinTest.csproj]
D:\Code2025\RavenWork\SortMergeJoin\SortMergeJoinTest\SortMergeJoinerTests.cs(133,84): warning CS8625: Cannot convert null literal to non-nullable reference type. [D:\Code2025\RavenWork\SortMergeJoin\SortMergeJoinTest\SortMergeJoinTest.csproj]
D:\Code2025\RavenWork\SortMergeJoin\SortMergeJoinTest\SortMergeJoinerTests.cs(141,16): warning CS8625: Cannot convert null literal to non-nullable reference type. [D:\Code2025\RavenWork\SortMergeJoin\SortMergeJoinTest\SortMergeJoinTest.csproj]
D:\Code2025\RavenWork\SortMergeJoin\SortMergeJoinTest\SortMergeJoinerTests.cs(149,16): warning CS8625: Cannot convert null literal to non-nullable reference type. [D:\Code2025\RavenWork\SortMergeJoin\SortMergeJoinTest\SortMergeJoinTest.csproj]
  SortMergeJoinTest -> D:\Code2025\RavenWork\SortMergeJoin\SortMergeJoinTest\bin\Debug\net9.0\SortMergeJoinTest.dll

Build succeeded.

D:\Code2025\RavenWork\SortMergeJoin\SortMergeJoinTest\SortMergeJoinerTests.cs(117,58): warning CS8625: Cannot convert null literal to non-nullable reference type. [D:\Code2025\RavenWork\SortMergeJoin\SortMergeJoinTest\SortMergeJoinTest.csproj]
D:\Code2025\RavenWork\SortMergeJoin\SortMergeJoinTest\SortMergeJoinerTests.cs(125,71): warning CS8625: Cannot convert null literal to non-nullable reference type. [D:\Code2025\RavenWork\SortMergeJoin\SortMergeJoinTest\SortMergeJoinTest.csproj]
D:\Code2025\RavenWork\SortMergeJoin\SortMergeJoinTest\SortMergeJoinerTests.cs(133,84): warning CS8625: Cannot convert null literal to non-nullable reference type. [D:\Code2025\RavenWork\SortMergeJoin\SortMergeJoinTest\SortMergeJoinTest.csproj]
D:\Code2025\RavenWork\SortMergeJoin\SortMergeJoinTest\SortMergeJoinerTests.cs(141,16): warning CS8625: Cannot convert null literal to non-nullable reference type. [D:\Code2025\RavenWork\SortMergeJoin\SortMergeJoinTest\SortMergeJoinTest.csproj]
D:\Code2025\RavenWork\SortMergeJoin\SortMergeJoinTest\SortMergeJoinerTests.cs(149,16): warning CS8625: Cannot convert null literal to non-nullable reference type. [D:\Code2025\RavenWork\SortMergeJoin\SortMergeJoinTest\SortMergeJoinTest.csproj]
    5 Warning(s)
    0 Error(s)

Time Elapsed 00:00:01.75


WritePatch: Compile failed.
SortMergeJoinTest

Finished WritePatch cycle step.
2025-02-23 10:15:53 AM
SortMergeJoinTest

WritePatch Started CycleStep. 2025-02-23 10:15:53 AM
SortMergeJoinTest

WritePatch ran compiler. 2025-02-23 10:16:27 AM
SortMergeJoinTest

CompilerResponse
Compile succeeded.
  Determining projects to restore...
  All projects are up-to-date for restore.
  SortMergeJoin -> D:\Code2025\RavenWork\SortMergeJoin\SortMergeJoin\bin\Debug\net9.0\SortMergeJoin.dll
  SortMergeJoinTest -> D:\Code2025\RavenWork\SortMergeJoin\SortMergeJoinTest\bin\Debug\net9.0\SortMergeJoinTest.dll

Build succeeded.
    0 Warning(s)
    0 Error(s)

Time Elapsed 00:00:00.99


WritePatch: Code is not Complete.
SortMergeJoinTest

Finished WritePatch cycle step.
2025-02-23 10:16:41 AM
SortMergeJoinTest

WritePatch completed but failed. MaxPasses reached.
<FolderPath>
D:\Code2025\RavenWork\SortMergeJoin\SortMergeJoinTest
</FolderPath>
<CompilerResponse>
CompilerResponse
Compile succeeded.
  Determining projects to restore...
  All projects are up-to-date for restore.
  SortMergeJoin -> D:\Code2025\RavenWork\SortMergeJoin\SortMergeJoin\bin\Debug\net9.0\SortMergeJoin.dll
  SortMergeJoinTest -> D:\Code2025\RavenWork\SortMergeJoin\SortMergeJoinTest\bin\Debug\net9.0\SortMergeJoinTest.dll

Build succeeded.
    0 Warning(s)
    0 Error(s)

Time Elapsed 00:00:00.99

</CompilerResponse>
2025-02-23 10:16:42 AM
SortMergeJoinTest

WritePatch ran compiler. 2025-02-23 10:16:43 AM
SortMergeJoin

CompilerResponse
Compile succeeded.
  Determining projects to restore...
  All projects are up-to-date for restore.
  SortMergeJoin -> D:\Code2025\RavenWork\SortMergeJoin\SortMergeJoin\bin\Debug\net9.0\SortMergeJoin.dll

Build succeeded.
    0 Warning(s)
    0 Error(s)

Time Elapsed 00:00:00.74


WritePatch: Code is Complete.
SortMergeJoin

WritePatch ran compiler. 2025-02-23 10:17:03 AM
SortMergeJoinTest

CompilerResponse
Compile succeeded.
  Determining projects to restore...
  All projects are up-to-date for restore.
  SortMergeJoin -> D:\Code2025\RavenWork\SortMergeJoin\SortMergeJoin\bin\Debug\net9.0\SortMergeJoin.dll
  SortMergeJoinTest -> D:\Code2025\RavenWork\SortMergeJoin\SortMergeJoinTest\bin\Debug\net9.0\SortMergeJoinTest.dll

Build succeeded.
    0 Warning(s)
    0 Error(s)

Time Elapsed 00:00:00.95


WritePatch: Code is Complete.
SortMergeJoinTest

TestResult:
[SUCCESS 2025-02-23 10:17:22 AM] All tests passed successfully.
[INFO 2025-02-23 10:17:22 AM] Test process completed. Duration: 3.18 seconds.
[INFO 2025-02-23 10:17:22 AM] Process exited with code 0.
[OUTPUT 2025-02-23 10:17:22 AM]   Passed TestJoin_EmptyInput [5 ms]
[OUTPUT 2025-02-23 10:17:22 AM]   Passed TestJoin_NullParameters [5 ms]
[OUTPUT 2025-02-23 10:17:22 AM] Test Parallelization enabled for D:\Code2025\RavenWork\SortMergeJoin\SortMergeJoinTest\bin\Debug\net9.0\SortMergeJoinTest.dll (Workers: 16, Scope: MethodLevel)
[OUTPUT 2025-02-23 10:17:21 AM] D:\Code2025\RavenWork\SortMergeJoin\SortMergeJoinTest\bin\Debug\net9.0\SortMergeJoinTest.dll
[OUTPUT 2025-02-23 10:17:21 AM] A total of 1 test files matched the specified pattern.
[OUTPUT 2025-02-23 10:17:21 AM] Starting test execution, please wait...
[OUTPUT 2025-02-23 10:17:20 AM] VSTest version 17.12.0 (x64)
[OUTPUT 2025-02-23 10:17:20 AM] Test run for D:\Code2025\RavenWork\SortMergeJoin\SortMergeJoinTest\bin\Debug\net9.0\SortMergeJoinTest.dll (.NETCoreApp,Version=v9.0)
[OUTPUT 2025-02-23 10:17:20 AM]   SortMergeJoinTest -> D:\Code2025\RavenWork\SortMergeJoin\SortMergeJoinTest\bin\Debug\net9.0\SortMergeJoinTest.dll
[OUTPUT 2025-02-23 10:17:20 AM]   SortMergeJoin -> D:\Code2025\RavenWork\SortMergeJoin\SortMergeJoin\bin\Debug\net9.0\SortMergeJoin.dll
[OUTPUT 2025-02-23 10:17:19 AM]   All projects are up-to-date for restore.
[OUTPUT 2025-02-23 10:17:19 AM]   Determining projects to restore...
[INFO 2025-02-23 10:17:19 AM] Command: dotnet test "D:\Code2025\RavenWork\SortMergeJoin\SortMergeJoinTest\SortMergeJoinTest.csproj" --logger:"console;verbosity=detailed" --results-directory "TestResults"
[INFO 2025-02-23 10:17:19 AM] Starting test for project: D:\Code2025\RavenWork\SortMergeJoin\SortMergeJoinTest\SortMergeJoinTest.csproj

Test succeeded!!!]]></ActResult>
</ActRecord>