<ActRecord>
  <ProjectName>BruunsFftAlgorithm</ProjectName>
  <ProjectDescription><![CDATA[Bruun's FFT algorithm]]></ProjectDescription>
  <XMLSpecification><![CDATA[<WriteAndTestPatchSpecification>
  <WriteSpecification><![CDATA[Bruun's FFT algorithm]]]]><![CDATA[></WriteSpecification>
  <TestSpecification>Write through unit tests.</TestSpecification>
  <SolutionFolderPath>D:\Code2025\RavenWork\BruunsFftAlgorithm</SolutionFolderPath>
  <ProjectFolderName>BruunsFftAlgorithm</ProjectFolderName>
  <ProjectName>BruunsFftAlgorithm</ProjectName>
  <ProjectType>CSharp ClassLibrary</ProjectType>
  <WriteMaxPasses>3</WriteMaxPasses>
  <TestMaxPasses>3</TestMaxPasses>
  <WriteAndTestMaxPasses>5</WriteAndTestMaxPasses>
  <Errors />
  <ContextPaths />
</WriteAndTestPatchSpecification>]]></XMLSpecification>
  <Logs>
    <string>WritePatch Started CycleStep. 2025-02-23 2:10:35 PM
BruunsFftAlgorithm</string>
    <string>Exception: The request was canceled due to the configured HttpClient.Timeout of 200 seconds elapsing.</string>
    <string>WritePatch Started CycleStep. 2025-02-23 2:13:56 PM
BruunsFftAlgorithm</string>
    <string>WritePatch ran compiler. 2025-02-23 2:15:49 PM
BruunsFftAlgorithm</string>
    <string><![CDATA[CompilerResponse
Compile succeeded.
  Determining projects to restore...
  All projects are up-to-date for restore.
  BruunsFftAlgorithm -> D:\Code2025\RavenWork\BruunsFftAlgorithm\BruunsFftAlgorithm\bin\Debug\net9.0\BruunsFftAlgorithm.dll

Build succeeded.
    0 Warning(s)
    0 Error(s)

Time Elapsed 00:00:02.32
]]></string>
    <string>WritePatch: Code is not Complete.
BruunsFftAlgorithm</string>
    <string>Finished WritePatch cycle step.
2025-02-23 2:16:14 PM
BruunsFftAlgorithm</string>
    <string>WritePatch Started CycleStep. 2025-02-23 2:16:14 PM
BruunsFftAlgorithm</string>
    <string>WritePatch ran compiler. 2025-02-23 2:19:26 PM
BruunsFftAlgorithm</string>
    <string><![CDATA[CompilerResponse
Compile succeeded.
  Determining projects to restore...
  All projects are up-to-date for restore.
  BruunsFftAlgorithm -> D:\Code2025\RavenWork\BruunsFftAlgorithm\BruunsFftAlgorithm\bin\Debug\net9.0\BruunsFftAlgorithm.dll

Build succeeded.
    0 Warning(s)
    0 Error(s)

Time Elapsed 00:00:01.13
]]></string>
    <string>WritePatch: Code is Complete.
BruunsFftAlgorithm</string>
    <string>WritePatch Started CycleStep. 2025-02-23 2:20:14 PM
BruunsFftAlgorithmTest</string>
    <string>WritePatch ran compiler. 2025-02-23 2:22:42 PM
BruunsFftAlgorithmTest</string>
    <string><![CDATA[CompilerResponse
Compile succeeded.
  Determining projects to restore...
  Restored D:\Code2025\RavenWork\BruunsFftAlgorithm\BruunsFftAlgorithmTest\BruunsFftAlgorithmTest.csproj (in 356 ms).
  1 of 2 projects are up-to-date for restore.
  BruunsFftAlgorithm -> D:\Code2025\RavenWork\BruunsFftAlgorithm\BruunsFftAlgorithm\bin\Debug\net9.0\BruunsFftAlgorithm.dll
D:\Code2025\RavenWork\BruunsFftAlgorithm\BruunsFftAlgorithmTest\BruunsFftTests.cs(14,50): warning CS8625: Cannot convert null literal to non-nullable reference type. [D:\Code2025\RavenWork\BruunsFftAlgorithm\BruunsFftAlgorithmTest\BruunsFftAlgorithmTest.csproj]
  BruunsFftAlgorithmTest -> D:\Code2025\RavenWork\BruunsFftAlgorithm\BruunsFftAlgorithmTest\bin\Debug\net9.0\BruunsFftAlgorithmTest.dll

Build succeeded.

D:\Code2025\RavenWork\BruunsFftAlgorithm\BruunsFftAlgorithmTest\BruunsFftTests.cs(14,50): warning CS8625: Cannot convert null literal to non-nullable reference type. [D:\Code2025\RavenWork\BruunsFftAlgorithm\BruunsFftAlgorithmTest\BruunsFftAlgorithmTest.csproj]
    1 Warning(s)
    0 Error(s)

Time Elapsed 00:00:02.55
]]></string>
    <string>WritePatch: Compile failed.
BruunsFftAlgorithmTest</string>
    <string>Finished WritePatch cycle step.
2025-02-23 2:22:44 PM
BruunsFftAlgorithmTest</string>
    <string>WritePatch Started CycleStep. 2025-02-23 2:22:44 PM
BruunsFftAlgorithmTest</string>
    <string>WritePatch ran compiler. 2025-02-23 2:23:34 PM
BruunsFftAlgorithmTest</string>
    <string><![CDATA[CompilerResponse
Compile succeeded.
  Determining projects to restore...
  All projects are up-to-date for restore.
  BruunsFftAlgorithm -> D:\Code2025\RavenWork\BruunsFftAlgorithm\BruunsFftAlgorithm\bin\Debug\net9.0\BruunsFftAlgorithm.dll
  BruunsFftAlgorithmTest -> D:\Code2025\RavenWork\BruunsFftAlgorithm\BruunsFftAlgorithmTest\bin\Debug\net9.0\BruunsFftAlgorithmTest.dll

Build succeeded.
    0 Warning(s)
    0 Error(s)

Time Elapsed 00:00:01.38
]]></string>
    <string>WritePatch: Code is not Complete.
BruunsFftAlgorithmTest</string>
    <string>Finished WritePatch cycle step.
2025-02-23 2:23:54 PM
BruunsFftAlgorithmTest</string>
    <string>WritePatch Started CycleStep. 2025-02-23 2:23:55 PM
BruunsFftAlgorithmTest</string>
    <string>WritePatch ran compiler. 2025-02-23 2:25:17 PM
BruunsFftAlgorithmTest</string>
    <string><![CDATA[CompilerResponse
Compile succeeded.
  Determining projects to restore...
  All projects are up-to-date for restore.
  BruunsFftAlgorithm -> D:\Code2025\RavenWork\BruunsFftAlgorithm\BruunsFftAlgorithm\bin\Debug\net9.0\BruunsFftAlgorithm.dll
D:\Code2025\RavenWork\BruunsFftAlgorithm\BruunsFftAlgorithmTest\BruunsFftTests.cs(14,50): warning CS8625: Cannot convert null literal to non-nullable reference type. [D:\Code2025\RavenWork\BruunsFftAlgorithm\BruunsFftAlgorithmTest\BruunsFftAlgorithmTest.csproj]
  BruunsFftAlgorithmTest -> D:\Code2025\RavenWork\BruunsFftAlgorithm\BruunsFftAlgorithmTest\bin\Debug\net9.0\BruunsFftAlgorithmTest.dll

Build succeeded.

D:\Code2025\RavenWork\BruunsFftAlgorithm\BruunsFftAlgorithmTest\BruunsFftTests.cs(14,50): warning CS8625: Cannot convert null literal to non-nullable reference type. [D:\Code2025\RavenWork\BruunsFftAlgorithm\BruunsFftAlgorithmTest\BruunsFftAlgorithmTest.csproj]
    1 Warning(s)
    0 Error(s)

Time Elapsed 00:00:01.92
]]></string>
    <string>WritePatch: Compile failed.
BruunsFftAlgorithmTest</string>
    <string>Finished WritePatch cycle step.
2025-02-23 2:25:20 PM
BruunsFftAlgorithmTest</string>
    <string><![CDATA[WritePatch completed but failed. MaxPasses reached.
<FolderPath>
D:\Code2025\RavenWork\BruunsFftAlgorithm\BruunsFftAlgorithmTest
</FolderPath>
<CompilerResponse>
CompilerResponse
Compile succeeded.
  Determining projects to restore...
  All projects are up-to-date for restore.
  BruunsFftAlgorithm -> D:\Code2025\RavenWork\BruunsFftAlgorithm\BruunsFftAlgorithm\bin\Debug\net9.0\BruunsFftAlgorithm.dll
D:\Code2025\RavenWork\BruunsFftAlgorithm\BruunsFftAlgorithmTest\BruunsFftTests.cs(14,50): warning CS8625: Cannot convert null literal to non-nullable reference type. [D:\Code2025\RavenWork\BruunsFftAlgorithm\BruunsFftAlgorithmTest\BruunsFftAlgorithmTest.csproj]
  BruunsFftAlgorithmTest -> D:\Code2025\RavenWork\BruunsFftAlgorithm\BruunsFftAlgorithmTest\bin\Debug\net9.0\BruunsFftAlgorithmTest.dll

Build succeeded.

D:\Code2025\RavenWork\BruunsFftAlgorithm\BruunsFftAlgorithmTest\BruunsFftTests.cs(14,50): warning CS8625: Cannot convert null literal to non-nullable reference type. [D:\Code2025\RavenWork\BruunsFftAlgorithm\BruunsFftAlgorithmTest\BruunsFftAlgorithmTest.csproj]
    1 Warning(s)
    0 Error(s)

Time Elapsed 00:00:01.92

</CompilerResponse>
2025-02-23 2:25:22 PM
BruunsFftAlgorithmTest]]></string>
    <string>WritePatch ran compiler. 2025-02-23 2:25:24 PM
BruunsFftAlgorithm</string>
    <string><![CDATA[CompilerResponse
Compile succeeded.
  Determining projects to restore...
  All projects are up-to-date for restore.
  BruunsFftAlgorithm -> D:\Code2025\RavenWork\BruunsFftAlgorithm\BruunsFftAlgorithm\bin\Debug\net9.0\BruunsFftAlgorithm.dll

Build succeeded.
    0 Warning(s)
    0 Error(s)

Time Elapsed 00:00:01.15
]]></string>
    <string>WritePatch: Code is Complete.
BruunsFftAlgorithm</string>
    <string>WritePatch ran compiler. 2025-02-23 2:26:06 PM
BruunsFftAlgorithmTest</string>
    <string><![CDATA[CompilerResponse
Compile succeeded.
  Determining projects to restore...
  All projects are up-to-date for restore.
  BruunsFftAlgorithm -> D:\Code2025\RavenWork\BruunsFftAlgorithm\BruunsFftAlgorithm\bin\Debug\net9.0\BruunsFftAlgorithm.dll
  BruunsFftAlgorithmTest -> D:\Code2025\RavenWork\BruunsFftAlgorithm\BruunsFftAlgorithmTest\bin\Debug\net9.0\BruunsFftAlgorithmTest.dll

Build succeeded.
    0 Warning(s)
    0 Error(s)

Time Elapsed 00:00:01.36
]]></string>
    <string>WritePatch: Code is Complete.
BruunsFftAlgorithmTest</string>
    <string>[INFO 2025-02-23 2:26:26 PM] Starting test for project: D:\Code2025\RavenWork\BruunsFftAlgorithm\BruunsFftAlgorithmTest\BruunsFftAlgorithmTest.csproj</string>
    <string>[INFO 2025-02-23 2:26:26 PM] Starting test for project: D:\Code2025\RavenWork\BruunsFftAlgorithm\BruunsFftAlgorithmTest\BruunsFftAlgorithmTest.csproj</string>
    <string>[INFO 2025-02-23 2:26:26 PM] Starting test for project: D:\Code2025\RavenWork\BruunsFftAlgorithm\BruunsFftAlgorithmTest\BruunsFftAlgorithmTest.csproj</string>
    <string>[INFO 2025-02-23 2:26:26 PM] Starting test for project: D:\Code2025\RavenWork\BruunsFftAlgorithm\BruunsFftAlgorithmTest\BruunsFftAlgorithmTest.csproj</string>
    <string>[INFO 2025-02-23 2:26:26 PM] Starting test for project: D:\Code2025\RavenWork\BruunsFftAlgorithm\BruunsFftAlgorithmTest\BruunsFftAlgorithmTest.csproj</string>
    <string>[INFO 2025-02-23 2:26:26 PM] Starting test for project: D:\Code2025\RavenWork\BruunsFftAlgorithm\BruunsFftAlgorithmTest\BruunsFftAlgorithmTest.csproj</string>
    <string>[INFO 2025-02-23 2:26:26 PM] Starting test for project: D:\Code2025\RavenWork\BruunsFftAlgorithm\BruunsFftAlgorithmTest\BruunsFftAlgorithmTest.csproj</string>
    <string>[INFO 2025-02-23 2:26:26 PM] Starting test for project: D:\Code2025\RavenWork\BruunsFftAlgorithm\BruunsFftAlgorithmTest\BruunsFftAlgorithmTest.csproj</string>
    <string>[INFO 2025-02-23 2:26:26 PM] Starting test for project: D:\Code2025\RavenWork\BruunsFftAlgorithm\BruunsFftAlgorithmTest\BruunsFftAlgorithmTest.csproj</string>
    <string>[INFO 2025-02-23 2:26:26 PM] Starting test for project: D:\Code2025\RavenWork\BruunsFftAlgorithm\BruunsFftAlgorithmTest\BruunsFftAlgorithmTest.csproj</string>
    <string>[INFO 2025-02-23 2:26:26 PM] Starting test for project: D:\Code2025\RavenWork\BruunsFftAlgorithm\BruunsFftAlgorithmTest\BruunsFftAlgorithmTest.csproj</string>
    <string><![CDATA[TestResult:
[OUTPUT 2025-02-23 2:26:32 PM] D:\Code2025\RavenWork\BruunsFftAlgorithm\BruunsFftAlgorithmTest\bin\Debug\net9.0\BruunsFftAlgorithmTest.dll
[OUTPUT 2025-02-23 2:26:31 PM] A total of 1 test files matched the specified pattern.
[OUTPUT 2025-02-23 2:26:31 PM] Starting test execution, please wait...
[OUTPUT 2025-02-23 2:26:30 PM] VSTest version 17.12.0 (x64)
[OUTPUT 2025-02-23 2:26:28 PM]   All projects are up-to-date for restore.
[OUTPUT 2025-02-23 2:26:29 PM] Test run for D:\Code2025\RavenWork\BruunsFftAlgorithm\BruunsFftAlgorithmTest\bin\Debug\net9.0\BruunsFftAlgorithmTest.dll (.NETCoreApp,Version=v9.0)
[OUTPUT 2025-02-23 2:26:29 PM]   BruunsFftAlgorithmTest -> D:\Code2025\RavenWork\BruunsFftAlgorithm\BruunsFftAlgorithmTest\bin\Debug\net9.0\BruunsFftAlgorithmTest.dll
[OUTPUT 2025-02-23 2:26:28 PM]   BruunsFftAlgorithm -> D:\Code2025\RavenWork\BruunsFftAlgorithm\BruunsFftAlgorithm\bin\Debug\net9.0\BruunsFftAlgorithm.dll
[OUTPUT 2025-02-23 2:26:27 PM]   Determining projects to restore...
[SUCCESS 2025-02-23 2:26:31 PM] All tests passed successfully.
[INFO 2025-02-23 2:26:31 PM] Test process completed. Duration: 5.06 seconds.
[INFO 2025-02-23 2:26:31 PM] Process exited with code 0.
[INFO 2025-02-23 2:26:26 PM] Command: dotnet test "D:\Code2025\RavenWork\BruunsFftAlgorithm\BruunsFftAlgorithmTest\BruunsFftAlgorithmTest.csproj" --logger:"console;verbosity=detailed" --results-directory "TestResults"
[INFO 2025-02-23 2:26:26 PM] Starting test for project: D:\Code2025\RavenWork\BruunsFftAlgorithm\BruunsFftAlgorithmTest\BruunsFftAlgorithmTest.csproj]]></string>
    <string>Test succeeded!!!</string>
  </Logs>
  <ActResult><![CDATA[WritePatch Started CycleStep. 2025-02-23 2:10:35 PM
BruunsFftAlgorithm

Exception: The request was canceled due to the configured HttpClient.Timeout of 200 seconds elapsing.

WritePatch Started CycleStep. 2025-02-23 2:13:56 PM
BruunsFftAlgorithm

WritePatch ran compiler. 2025-02-23 2:15:49 PM
BruunsFftAlgorithm

CompilerResponse
Compile succeeded.
  Determining projects to restore...
  All projects are up-to-date for restore.
  BruunsFftAlgorithm -> D:\Code2025\RavenWork\BruunsFftAlgorithm\BruunsFftAlgorithm\bin\Debug\net9.0\BruunsFftAlgorithm.dll

Build succeeded.
    0 Warning(s)
    0 Error(s)

Time Elapsed 00:00:02.32


WritePatch: Code is not Complete.
BruunsFftAlgorithm

Finished WritePatch cycle step.
2025-02-23 2:16:14 PM
BruunsFftAlgorithm

WritePatch Started CycleStep. 2025-02-23 2:16:14 PM
BruunsFftAlgorithm

WritePatch ran compiler. 2025-02-23 2:19:26 PM
BruunsFftAlgorithm

CompilerResponse
Compile succeeded.
  Determining projects to restore...
  All projects are up-to-date for restore.
  BruunsFftAlgorithm -> D:\Code2025\RavenWork\BruunsFftAlgorithm\BruunsFftAlgorithm\bin\Debug\net9.0\BruunsFftAlgorithm.dll

Build succeeded.
    0 Warning(s)
    0 Error(s)

Time Elapsed 00:00:01.13


WritePatch: Code is Complete.
BruunsFftAlgorithm

WritePatch Started CycleStep. 2025-02-23 2:20:14 PM
BruunsFftAlgorithmTest

WritePatch ran compiler. 2025-02-23 2:22:42 PM
BruunsFftAlgorithmTest

CompilerResponse
Compile succeeded.
  Determining projects to restore...
  Restored D:\Code2025\RavenWork\BruunsFftAlgorithm\BruunsFftAlgorithmTest\BruunsFftAlgorithmTest.csproj (in 356 ms).
  1 of 2 projects are up-to-date for restore.
  BruunsFftAlgorithm -> D:\Code2025\RavenWork\BruunsFftAlgorithm\BruunsFftAlgorithm\bin\Debug\net9.0\BruunsFftAlgorithm.dll
D:\Code2025\RavenWork\BruunsFftAlgorithm\BruunsFftAlgorithmTest\BruunsFftTests.cs(14,50): warning CS8625: Cannot convert null literal to non-nullable reference type. [D:\Code2025\RavenWork\BruunsFftAlgorithm\BruunsFftAlgorithmTest\BruunsFftAlgorithmTest.csproj]
  BruunsFftAlgorithmTest -> D:\Code2025\RavenWork\BruunsFftAlgorithm\BruunsFftAlgorithmTest\bin\Debug\net9.0\BruunsFftAlgorithmTest.dll

Build succeeded.

D:\Code2025\RavenWork\BruunsFftAlgorithm\BruunsFftAlgorithmTest\BruunsFftTests.cs(14,50): warning CS8625: Cannot convert null literal to non-nullable reference type. [D:\Code2025\RavenWork\BruunsFftAlgorithm\BruunsFftAlgorithmTest\BruunsFftAlgorithmTest.csproj]
    1 Warning(s)
    0 Error(s)

Time Elapsed 00:00:02.55


WritePatch: Compile failed.
BruunsFftAlgorithmTest

Finished WritePatch cycle step.
2025-02-23 2:22:44 PM
BruunsFftAlgorithmTest

WritePatch Started CycleStep. 2025-02-23 2:22:44 PM
BruunsFftAlgorithmTest

WritePatch ran compiler. 2025-02-23 2:23:34 PM
BruunsFftAlgorithmTest

CompilerResponse
Compile succeeded.
  Determining projects to restore...
  All projects are up-to-date for restore.
  BruunsFftAlgorithm -> D:\Code2025\RavenWork\BruunsFftAlgorithm\BruunsFftAlgorithm\bin\Debug\net9.0\BruunsFftAlgorithm.dll
  BruunsFftAlgorithmTest -> D:\Code2025\RavenWork\BruunsFftAlgorithm\BruunsFftAlgorithmTest\bin\Debug\net9.0\BruunsFftAlgorithmTest.dll

Build succeeded.
    0 Warning(s)
    0 Error(s)

Time Elapsed 00:00:01.38


WritePatch: Code is not Complete.
BruunsFftAlgorithmTest

Finished WritePatch cycle step.
2025-02-23 2:23:54 PM
BruunsFftAlgorithmTest

WritePatch Started CycleStep. 2025-02-23 2:23:55 PM
BruunsFftAlgorithmTest

WritePatch ran compiler. 2025-02-23 2:25:17 PM
BruunsFftAlgorithmTest

CompilerResponse
Compile succeeded.
  Determining projects to restore...
  All projects are up-to-date for restore.
  BruunsFftAlgorithm -> D:\Code2025\RavenWork\BruunsFftAlgorithm\BruunsFftAlgorithm\bin\Debug\net9.0\BruunsFftAlgorithm.dll
D:\Code2025\RavenWork\BruunsFftAlgorithm\BruunsFftAlgorithmTest\BruunsFftTests.cs(14,50): warning CS8625: Cannot convert null literal to non-nullable reference type. [D:\Code2025\RavenWork\BruunsFftAlgorithm\BruunsFftAlgorithmTest\BruunsFftAlgorithmTest.csproj]
  BruunsFftAlgorithmTest -> D:\Code2025\RavenWork\BruunsFftAlgorithm\BruunsFftAlgorithmTest\bin\Debug\net9.0\BruunsFftAlgorithmTest.dll

Build succeeded.

D:\Code2025\RavenWork\BruunsFftAlgorithm\BruunsFftAlgorithmTest\BruunsFftTests.cs(14,50): warning CS8625: Cannot convert null literal to non-nullable reference type. [D:\Code2025\RavenWork\BruunsFftAlgorithm\BruunsFftAlgorithmTest\BruunsFftAlgorithmTest.csproj]
    1 Warning(s)
    0 Error(s)

Time Elapsed 00:00:01.92


WritePatch: Compile failed.
BruunsFftAlgorithmTest

Finished WritePatch cycle step.
2025-02-23 2:25:20 PM
BruunsFftAlgorithmTest

WritePatch completed but failed. MaxPasses reached.
<FolderPath>
D:\Code2025\RavenWork\BruunsFftAlgorithm\BruunsFftAlgorithmTest
</FolderPath>
<CompilerResponse>
CompilerResponse
Compile succeeded.
  Determining projects to restore...
  All projects are up-to-date for restore.
  BruunsFftAlgorithm -> D:\Code2025\RavenWork\BruunsFftAlgorithm\BruunsFftAlgorithm\bin\Debug\net9.0\BruunsFftAlgorithm.dll
D:\Code2025\RavenWork\BruunsFftAlgorithm\BruunsFftAlgorithmTest\BruunsFftTests.cs(14,50): warning CS8625: Cannot convert null literal to non-nullable reference type. [D:\Code2025\RavenWork\BruunsFftAlgorithm\BruunsFftAlgorithmTest\BruunsFftAlgorithmTest.csproj]
  BruunsFftAlgorithmTest -> D:\Code2025\RavenWork\BruunsFftAlgorithm\BruunsFftAlgorithmTest\bin\Debug\net9.0\BruunsFftAlgorithmTest.dll

Build succeeded.

D:\Code2025\RavenWork\BruunsFftAlgorithm\BruunsFftAlgorithmTest\BruunsFftTests.cs(14,50): warning CS8625: Cannot convert null literal to non-nullable reference type. [D:\Code2025\RavenWork\BruunsFftAlgorithm\BruunsFftAlgorithmTest\BruunsFftAlgorithmTest.csproj]
    1 Warning(s)
    0 Error(s)

Time Elapsed 00:00:01.92

</CompilerResponse>
2025-02-23 2:25:22 PM
BruunsFftAlgorithmTest

WritePatch ran compiler. 2025-02-23 2:25:24 PM
BruunsFftAlgorithm

CompilerResponse
Compile succeeded.
  Determining projects to restore...
  All projects are up-to-date for restore.
  BruunsFftAlgorithm -> D:\Code2025\RavenWork\BruunsFftAlgorithm\BruunsFftAlgorithm\bin\Debug\net9.0\BruunsFftAlgorithm.dll

Build succeeded.
    0 Warning(s)
    0 Error(s)

Time Elapsed 00:00:01.15


WritePatch: Code is Complete.
BruunsFftAlgorithm

WritePatch ran compiler. 2025-02-23 2:26:06 PM
BruunsFftAlgorithmTest

CompilerResponse
Compile succeeded.
  Determining projects to restore...
  All projects are up-to-date for restore.
  BruunsFftAlgorithm -> D:\Code2025\RavenWork\BruunsFftAlgorithm\BruunsFftAlgorithm\bin\Debug\net9.0\BruunsFftAlgorithm.dll
  BruunsFftAlgorithmTest -> D:\Code2025\RavenWork\BruunsFftAlgorithm\BruunsFftAlgorithmTest\bin\Debug\net9.0\BruunsFftAlgorithmTest.dll

Build succeeded.
    0 Warning(s)
    0 Error(s)

Time Elapsed 00:00:01.36


WritePatch: Code is Complete.
BruunsFftAlgorithmTest

TestResult:
[OUTPUT 2025-02-23 2:26:32 PM] D:\Code2025\RavenWork\BruunsFftAlgorithm\BruunsFftAlgorithmTest\bin\Debug\net9.0\BruunsFftAlgorithmTest.dll
[OUTPUT 2025-02-23 2:26:31 PM] A total of 1 test files matched the specified pattern.
[OUTPUT 2025-02-23 2:26:31 PM] Starting test execution, please wait...
[OUTPUT 2025-02-23 2:26:30 PM] VSTest version 17.12.0 (x64)
[OUTPUT 2025-02-23 2:26:28 PM]   All projects are up-to-date for restore.
[OUTPUT 2025-02-23 2:26:29 PM] Test run for D:\Code2025\RavenWork\BruunsFftAlgorithm\BruunsFftAlgorithmTest\bin\Debug\net9.0\BruunsFftAlgorithmTest.dll (.NETCoreApp,Version=v9.0)
[OUTPUT 2025-02-23 2:26:29 PM]   BruunsFftAlgorithmTest -> D:\Code2025\RavenWork\BruunsFftAlgorithm\BruunsFftAlgorithmTest\bin\Debug\net9.0\BruunsFftAlgorithmTest.dll
[OUTPUT 2025-02-23 2:26:28 PM]   BruunsFftAlgorithm -> D:\Code2025\RavenWork\BruunsFftAlgorithm\BruunsFftAlgorithm\bin\Debug\net9.0\BruunsFftAlgorithm.dll
[OUTPUT 2025-02-23 2:26:27 PM]   Determining projects to restore...
[SUCCESS 2025-02-23 2:26:31 PM] All tests passed successfully.
[INFO 2025-02-23 2:26:31 PM] Test process completed. Duration: 5.06 seconds.
[INFO 2025-02-23 2:26:31 PM] Process exited with code 0.
[INFO 2025-02-23 2:26:26 PM] Command: dotnet test "D:\Code2025\RavenWork\BruunsFftAlgorithm\BruunsFftAlgorithmTest\BruunsFftAlgorithmTest.csproj" --logger:"console;verbosity=detailed" --results-directory "TestResults"
[INFO 2025-02-23 2:26:26 PM] Starting test for project: D:\Code2025\RavenWork\BruunsFftAlgorithm\BruunsFftAlgorithmTest\BruunsFftAlgorithmTest.csproj

Test succeeded!!!]]></ActResult>
</ActRecord>