<ActRecord>
  <ProjectName>BronKerboschAlgorithm</ProjectName>
  <ProjectDescription>Bron–Kerbosch algorithm: a technique for finding maximal cliques in an undirected graph</ProjectDescription>
  <XMLSpecification><![CDATA[<WriteAndTestPatchSpecification>
  <WriteSpecification>Bron–Kerbosch algorithm: a technique for finding maximal cliques in an undirected graph</WriteSpecification>
  <TestSpecification>Write through unit tests.</TestSpecification>
  <SolutionFolderPath>D:\Code2025\RavenWork\BronKerboschAlgorithm</SolutionFolderPath>
  <ProjectFolderName>BronKerboschAlgorithm</ProjectFolderName>
  <ProjectName>BronKerboschAlgorithm</ProjectName>
  <ProjectType>CSharp ClassLibrary</ProjectType>
  <WriteMaxPasses>3</WriteMaxPasses>
  <TestMaxPasses>3</TestMaxPasses>
  <WriteAndTestMaxPasses>5</WriteAndTestMaxPasses>
  <Errors />
  <ContextPaths />
</WriteAndTestPatchSpecification>]]></XMLSpecification>
  <Logs>
    <string>WritePatch Started CycleStep. 2025-02-23 7:19:04 AM
BronKerboschAlgorithm</string>
    <string>WritePatch ran compiler. 2025-02-23 7:20:27 AM
BronKerboschAlgorithm</string>
    <string><![CDATA[CompilerResponse
Compile succeeded.
  Determining projects to restore...
  All projects are up-to-date for restore.
  BronKerboschAlgorithm -> D:\Code2025\RavenWork\BronKerboschAlgorithm\BronKerboschAlgorithm\bin\Debug\net9.0\BronKerboschAlgorithm.dll

Build succeeded.
    0 Warning(s)
    0 Error(s)

Time Elapsed 00:00:00.76
]]></string>
    <string>WritePatch: Code is Complete.
BronKerboschAlgorithm</string>
    <string>WritePatch Started CycleStep. 2025-02-23 7:21:08 AM
BronKerboschAlgorithmTest</string>
    <string>Exception: The request was canceled due to the configured HttpClient.Timeout of 200 seconds elapsing.</string>
    <string>WritePatch Started CycleStep. 2025-02-23 7:24:28 AM
BronKerboschAlgorithmTest</string>
    <string>WritePatch ran compiler. 2025-02-23 7:25:23 AM
BronKerboschAlgorithmTest</string>
    <string><![CDATA[CompilerResponse
Compile succeeded.
  Determining projects to restore...
  Restored D:\Code2025\RavenWork\BronKerboschAlgorithm\BronKerboschAlgorithmTest\BronKerboschAlgorithmTest.csproj (in 186 ms).
  1 of 2 projects are up-to-date for restore.
  BronKerboschAlgorithm -> D:\Code2025\RavenWork\BronKerboschAlgorithm\BronKerboschAlgorithm\bin\Debug\net9.0\BronKerboschAlgorithm.dll
  BronKerboschAlgorithmTest -> D:\Code2025\RavenWork\BronKerboschAlgorithm\BronKerboschAlgorithmTest\bin\Debug\net9.0\BronKerboschAlgorithmTest.dll

Build succeeded.
    0 Warning(s)
    0 Error(s)

Time Elapsed 00:00:01.30
]]></string>
    <string>WritePatch: Code is Complete.
BronKerboschAlgorithmTest</string>
    <string>[INFO 2025-02-23 7:26:06 AM] Starting test for project: D:\Code2025\RavenWork\BronKerboschAlgorithm\BronKerboschAlgorithmTest\BronKerboschAlgorithmTest.csproj</string>
    <string>[INFO 2025-02-23 7:26:06 AM] Starting test for project: D:\Code2025\RavenWork\BronKerboschAlgorithm\BronKerboschAlgorithmTest\BronKerboschAlgorithmTest.csproj</string>
    <string>[INFO 2025-02-23 7:26:06 AM] Starting test for project: D:\Code2025\RavenWork\BronKerboschAlgorithm\BronKerboschAlgorithmTest\BronKerboschAlgorithmTest.csproj</string>
    <string>[INFO 2025-02-23 7:26:06 AM] Starting test for project: D:\Code2025\RavenWork\BronKerboschAlgorithm\BronKerboschAlgorithmTest\BronKerboschAlgorithmTest.csproj</string>
    <string>[INFO 2025-02-23 7:26:06 AM] Starting test for project: D:\Code2025\RavenWork\BronKerboschAlgorithm\BronKerboschAlgorithmTest\BronKerboschAlgorithmTest.csproj</string>
    <string>[INFO 2025-02-23 7:26:06 AM] Starting test for project: D:\Code2025\RavenWork\BronKerboschAlgorithm\BronKerboschAlgorithmTest\BronKerboschAlgorithmTest.csproj</string>
    <string>[INFO 2025-02-23 7:26:06 AM] Starting test for project: D:\Code2025\RavenWork\BronKerboschAlgorithm\BronKerboschAlgorithmTest\BronKerboschAlgorithmTest.csproj</string>
    <string>[INFO 2025-02-23 7:26:06 AM] Starting test for project: D:\Code2025\RavenWork\BronKerboschAlgorithm\BronKerboschAlgorithmTest\BronKerboschAlgorithmTest.csproj</string>
    <string>[INFO 2025-02-23 7:26:06 AM] Starting test for project: D:\Code2025\RavenWork\BronKerboschAlgorithm\BronKerboschAlgorithmTest\BronKerboschAlgorithmTest.csproj</string>
    <string>[INFO 2025-02-23 7:26:06 AM] Starting test for project: D:\Code2025\RavenWork\BronKerboschAlgorithm\BronKerboschAlgorithmTest\BronKerboschAlgorithmTest.csproj</string>
    <string>[INFO 2025-02-23 7:26:06 AM] Starting test for project: D:\Code2025\RavenWork\BronKerboschAlgorithm\BronKerboschAlgorithmTest\BronKerboschAlgorithmTest.csproj</string>
    <string>[INFO 2025-02-23 7:26:06 AM] Starting test for project: D:\Code2025\RavenWork\BronKerboschAlgorithm\BronKerboschAlgorithmTest\BronKerboschAlgorithmTest.csproj</string>
    <string>[INFO 2025-02-23 7:26:06 AM] Starting test for project: D:\Code2025\RavenWork\BronKerboschAlgorithm\BronKerboschAlgorithmTest\BronKerboschAlgorithmTest.csproj</string>
    <string>[INFO 2025-02-23 7:26:06 AM] Starting test for project: D:\Code2025\RavenWork\BronKerboschAlgorithm\BronKerboschAlgorithmTest\BronKerboschAlgorithmTest.csproj</string>
    <string><![CDATA[TestResult:
[OUTPUT 2025-02-23 7:26:09 AM] Test Parallelization enabled for D:\Code2025\RavenWork\BronKerboschAlgorithm\BronKerboschAlgorithmTest\bin\Debug\net9.0\BronKerboschAlgorithmTest.dll (Workers: 16, Scope: MethodLevel)
[OUTPUT 2025-02-23 7:26:07 AM]   All projects are up-to-date for restore.
[OUTPUT 2025-02-23 7:26:09 AM]   Passed TestSingleVertexGraph [6 ms]
[OUTPUT 2025-02-23 7:26:09 AM]   Passed TestGraphWithIsolatedVertex [5 ms]
[OUTPUT 2025-02-23 7:26:09 AM] D:\Code2025\RavenWork\BronKerboschAlgorithm\BronKerboschAlgorithmTest\bin\Debug\net9.0\BronKerboschAlgorithmTest.dll
[OUTPUT 2025-02-23 7:26:08 AM] A total of 1 test files matched the specified pattern.
[OUTPUT 2025-02-23 7:26:08 AM] Starting test execution, please wait...
[OUTPUT 2025-02-23 7:26:08 AM] VSTest version 17.12.0 (x64)
[OUTPUT 2025-02-23 7:26:08 AM] Test run for D:\Code2025\RavenWork\BronKerboschAlgorithm\BronKerboschAlgorithmTest\bin\Debug\net9.0\BronKerboschAlgorithmTest.dll (.NETCoreApp,Version=v9.0)
[OUTPUT 2025-02-23 7:26:08 AM]   BronKerboschAlgorithmTest -> D:\Code2025\RavenWork\BronKerboschAlgorithm\BronKerboschAlgorithmTest\bin\Debug\net9.0\BronKerboschAlgorithmTest.dll
[OUTPUT 2025-02-23 7:26:07 AM]   BronKerboschAlgorithm -> D:\Code2025\RavenWork\BronKerboschAlgorithm\BronKerboschAlgorithm\bin\Debug\net9.0\BronKerboschAlgorithm.dll
[OUTPUT 2025-02-23 7:26:07 AM]   Determining projects to restore...
[SUCCESS 2025-02-23 7:26:09 AM] All tests passed successfully.
[INFO 2025-02-23 7:26:09 AM] Test process completed. Duration: 3.11 seconds.
[INFO 2025-02-23 7:26:09 AM] Process exited with code 0.
[INFO 2025-02-23 7:26:06 AM] Command: dotnet test "D:\Code2025\RavenWork\BronKerboschAlgorithm\BronKerboschAlgorithmTest\BronKerboschAlgorithmTest.csproj" --logger:"console;verbosity=detailed" --results-directory "TestResults"
[INFO 2025-02-23 7:26:06 AM] Starting test for project: D:\Code2025\RavenWork\BronKerboschAlgorithm\BronKerboschAlgorithmTest\BronKerboschAlgorithmTest.csproj]]></string>
    <string>Test succeeded!!!</string>
  </Logs>
  <ActResult><![CDATA[WritePatch Started CycleStep. 2025-02-23 7:19:04 AM
BronKerboschAlgorithm

WritePatch ran compiler. 2025-02-23 7:20:27 AM
BronKerboschAlgorithm

CompilerResponse
Compile succeeded.
  Determining projects to restore...
  All projects are up-to-date for restore.
  BronKerboschAlgorithm -> D:\Code2025\RavenWork\BronKerboschAlgorithm\BronKerboschAlgorithm\bin\Debug\net9.0\BronKerboschAlgorithm.dll

Build succeeded.
    0 Warning(s)
    0 Error(s)

Time Elapsed 00:00:00.76


WritePatch: Code is Complete.
BronKerboschAlgorithm

WritePatch Started CycleStep. 2025-02-23 7:21:08 AM
BronKerboschAlgorithmTest

Exception: The request was canceled due to the configured HttpClient.Timeout of 200 seconds elapsing.

WritePatch Started CycleStep. 2025-02-23 7:24:28 AM
BronKerboschAlgorithmTest

WritePatch ran compiler. 2025-02-23 7:25:23 AM
BronKerboschAlgorithmTest

CompilerResponse
Compile succeeded.
  Determining projects to restore...
  Restored D:\Code2025\RavenWork\BronKerboschAlgorithm\BronKerboschAlgorithmTest\BronKerboschAlgorithmTest.csproj (in 186 ms).
  1 of 2 projects are up-to-date for restore.
  BronKerboschAlgorithm -> D:\Code2025\RavenWork\BronKerboschAlgorithm\BronKerboschAlgorithm\bin\Debug\net9.0\BronKerboschAlgorithm.dll
  BronKerboschAlgorithmTest -> D:\Code2025\RavenWork\BronKerboschAlgorithm\BronKerboschAlgorithmTest\bin\Debug\net9.0\BronKerboschAlgorithmTest.dll

Build succeeded.
    0 Warning(s)
    0 Error(s)

Time Elapsed 00:00:01.30


WritePatch: Code is Complete.
BronKerboschAlgorithmTest

TestResult:
[OUTPUT 2025-02-23 7:26:09 AM] Test Parallelization enabled for D:\Code2025\RavenWork\BronKerboschAlgorithm\BronKerboschAlgorithmTest\bin\Debug\net9.0\BronKerboschAlgorithmTest.dll (Workers: 16, Scope: MethodLevel)
[OUTPUT 2025-02-23 7:26:07 AM]   All projects are up-to-date for restore.
[OUTPUT 2025-02-23 7:26:09 AM]   Passed TestSingleVertexGraph [6 ms]
[OUTPUT 2025-02-23 7:26:09 AM]   Passed TestGraphWithIsolatedVertex [5 ms]
[OUTPUT 2025-02-23 7:26:09 AM] D:\Code2025\RavenWork\BronKerboschAlgorithm\BronKerboschAlgorithmTest\bin\Debug\net9.0\BronKerboschAlgorithmTest.dll
[OUTPUT 2025-02-23 7:26:08 AM] A total of 1 test files matched the specified pattern.
[OUTPUT 2025-02-23 7:26:08 AM] Starting test execution, please wait...
[OUTPUT 2025-02-23 7:26:08 AM] VSTest version 17.12.0 (x64)
[OUTPUT 2025-02-23 7:26:08 AM] Test run for D:\Code2025\RavenWork\BronKerboschAlgorithm\BronKerboschAlgorithmTest\bin\Debug\net9.0\BronKerboschAlgorithmTest.dll (.NETCoreApp,Version=v9.0)
[OUTPUT 2025-02-23 7:26:08 AM]   BronKerboschAlgorithmTest -> D:\Code2025\RavenWork\BronKerboschAlgorithm\BronKerboschAlgorithmTest\bin\Debug\net9.0\BronKerboschAlgorithmTest.dll
[OUTPUT 2025-02-23 7:26:07 AM]   BronKerboschAlgorithm -> D:\Code2025\RavenWork\BronKerboschAlgorithm\BronKerboschAlgorithm\bin\Debug\net9.0\BronKerboschAlgorithm.dll
[OUTPUT 2025-02-23 7:26:07 AM]   Determining projects to restore...
[SUCCESS 2025-02-23 7:26:09 AM] All tests passed successfully.
[INFO 2025-02-23 7:26:09 AM] Test process completed. Duration: 3.11 seconds.
[INFO 2025-02-23 7:26:09 AM] Process exited with code 0.
[INFO 2025-02-23 7:26:06 AM] Command: dotnet test "D:\Code2025\RavenWork\BronKerboschAlgorithm\BronKerboschAlgorithmTest\BronKerboschAlgorithmTest.csproj" --logger:"console;verbosity=detailed" --results-directory "TestResults"
[INFO 2025-02-23 7:26:06 AM] Starting test for project: D:\Code2025\RavenWork\BronKerboschAlgorithm\BronKerboschAlgorithmTest\BronKerboschAlgorithmTest.csproj

Test succeeded!!!]]></ActResult>
</ActRecord>