<ActRecord>
  <ProjectName>FalsePositionMethod</ProjectName>
  <ProjectDescription>False position method (Illinois method) – A bracketing root‐finding algorithm that uses linear interpolation between endpoints.</ProjectDescription>
  <XMLSpecification><![CDATA[<WriteAndTestPatchSpecification>
  <WriteSpecification>False position method (Illinois method) – A bracketing root‐finding algorithm that uses linear interpolation between endpoints.</WriteSpecification>
  <TestSpecification>Write through unit tests.</TestSpecification>
  <SolutionFolderPath>D:\Code2025\RavenWork\FalsePositionMethod</SolutionFolderPath>
  <ProjectFolderName>FalsePositionMethod</ProjectFolderName>
  <ProjectName>FalsePositionMethod</ProjectName>
  <ProjectType>CSharp ClassLibrary</ProjectType>
  <WriteMaxPasses>3</WriteMaxPasses>
  <TestMaxPasses>3</TestMaxPasses>
  <WriteAndTestMaxPasses>5</WriteAndTestMaxPasses>
  <Errors />
  <ContextPaths />
</WriteAndTestPatchSpecification>]]></XMLSpecification>
  <Logs>
    <string>WritePatch Started CycleStep. 2025-02-23 9:42:07 AM
FalsePositionMethod</string>
    <string>WritePatch ran compiler. 2025-02-23 9:42:53 AM
FalsePositionMethod</string>
    <string><![CDATA[CompilerResponse
Compile succeeded.
  Determining projects to restore...
  All projects are up-to-date for restore.
  FalsePositionMethod -> D:\Code2025\RavenWork\FalsePositionMethod\FalsePositionMethod\bin\Debug\net9.0\FalsePositionMethod.dll

Build succeeded.
    0 Warning(s)
    0 Error(s)

Time Elapsed 00:00:01.30
]]></string>
    <string>WritePatch: Code is Complete.
FalsePositionMethod</string>
    <string>WritePatch Started CycleStep. 2025-02-23 9:43:17 AM
FalsePositionMethodTest</string>
    <string>Exception: The request was canceled due to the configured HttpClient.Timeout of 200 seconds elapsing.</string>
    <string>WritePatch Started CycleStep. 2025-02-23 9:46:38 AM
FalsePositionMethodTest</string>
    <string>WritePatch ran compiler. 2025-02-23 9:47:08 AM
FalsePositionMethodTest</string>
    <string><![CDATA[CompilerResponse
Compile succeeded.
  Determining projects to restore...
  Restored D:\Code2025\RavenWork\FalsePositionMethod\FalsePositionMethodTest\FalsePositionMethodTest.csproj (in 321 ms).
  1 of 2 projects are up-to-date for restore.
  FalsePositionMethod -> D:\Code2025\RavenWork\FalsePositionMethod\FalsePositionMethod\bin\Debug\net9.0\FalsePositionMethod.dll
D:\Code2025\RavenWork\FalsePositionMethod\FalsePositionMethodTest\FalsePositionMethodTests.cs(15,64): warning CS8625: Cannot convert null literal to non-nullable reference type. [D:\Code2025\RavenWork\FalsePositionMethod\FalsePositionMethodTest\FalsePositionMethodTest.csproj]
  FalsePositionMethodTest -> D:\Code2025\RavenWork\FalsePositionMethod\FalsePositionMethodTest\bin\Debug\net9.0\FalsePositionMethodTest.dll

Build succeeded.

D:\Code2025\RavenWork\FalsePositionMethod\FalsePositionMethodTest\FalsePositionMethodTests.cs(15,64): warning CS8625: Cannot convert null literal to non-nullable reference type. [D:\Code2025\RavenWork\FalsePositionMethod\FalsePositionMethodTest\FalsePositionMethodTest.csproj]
    1 Warning(s)
    0 Error(s)

Time Elapsed 00:00:02.90
]]></string>
    <string>WritePatch: Compile failed.
FalsePositionMethodTest</string>
    <string>Finished WritePatch cycle step.
2025-02-23 9:47:09 AM
FalsePositionMethodTest</string>
    <string>WritePatch Started CycleStep. 2025-02-23 9:47:09 AM
FalsePositionMethodTest</string>
    <string>WritePatch ran compiler. 2025-02-23 9:47:33 AM
FalsePositionMethodTest</string>
    <string><![CDATA[CompilerResponse
Compile succeeded.
  Determining projects to restore...
  All projects are up-to-date for restore.
  FalsePositionMethod -> D:\Code2025\RavenWork\FalsePositionMethod\FalsePositionMethod\bin\Debug\net9.0\FalsePositionMethod.dll
  FalsePositionMethodTest -> D:\Code2025\RavenWork\FalsePositionMethod\FalsePositionMethodTest\bin\Debug\net9.0\FalsePositionMethodTest.dll

Build succeeded.
    0 Warning(s)
    0 Error(s)

Time Elapsed 00:00:01.26
]]></string>
    <string>WritePatch: Code is not Complete.
FalsePositionMethodTest</string>
    <string>Finished WritePatch cycle step.
2025-02-23 9:47:54 AM
FalsePositionMethodTest</string>
    <string><![CDATA[WritePatch completed but failed. MaxPasses reached.
<FolderPath>
D:\Code2025\RavenWork\FalsePositionMethod\FalsePositionMethodTest
</FolderPath>
<CompilerResponse>
CompilerResponse
Compile succeeded.
  Determining projects to restore...
  All projects are up-to-date for restore.
  FalsePositionMethod -> D:\Code2025\RavenWork\FalsePositionMethod\FalsePositionMethod\bin\Debug\net9.0\FalsePositionMethod.dll
  FalsePositionMethodTest -> D:\Code2025\RavenWork\FalsePositionMethod\FalsePositionMethodTest\bin\Debug\net9.0\FalsePositionMethodTest.dll

Build succeeded.
    0 Warning(s)
    0 Error(s)

Time Elapsed 00:00:01.26

</CompilerResponse>
2025-02-23 9:47:55 AM
FalsePositionMethodTest]]></string>
    <string>WritePatch ran compiler. 2025-02-23 9:47:56 AM
FalsePositionMethod</string>
    <string><![CDATA[CompilerResponse
Compile succeeded.
  Determining projects to restore...
  All projects are up-to-date for restore.
  FalsePositionMethod -> D:\Code2025\RavenWork\FalsePositionMethod\FalsePositionMethod\bin\Debug\net9.0\FalsePositionMethod.dll

Build succeeded.
    0 Warning(s)
    0 Error(s)

Time Elapsed 00:00:01.05
]]></string>
    <string>WritePatch: Code is Complete.
FalsePositionMethod</string>
    <string>WritePatch ran compiler. 2025-02-23 9:48:19 AM
FalsePositionMethodTest</string>
    <string><![CDATA[CompilerResponse
Compile succeeded.
  Determining projects to restore...
  All projects are up-to-date for restore.
  FalsePositionMethod -> D:\Code2025\RavenWork\FalsePositionMethod\FalsePositionMethod\bin\Debug\net9.0\FalsePositionMethod.dll
  FalsePositionMethodTest -> D:\Code2025\RavenWork\FalsePositionMethod\FalsePositionMethodTest\bin\Debug\net9.0\FalsePositionMethodTest.dll

Build succeeded.
    0 Warning(s)
    0 Error(s)

Time Elapsed 00:00:01.27
]]></string>
    <string>WritePatch: Code is Complete.
FalsePositionMethodTest</string>
    <string>[INFO 2025-02-23 9:48:32 AM] Starting test for project: D:\Code2025\RavenWork\FalsePositionMethod\FalsePositionMethodTest\FalsePositionMethodTest.csproj</string>
    <string>[INFO 2025-02-23 9:48:32 AM] Starting test for project: D:\Code2025\RavenWork\FalsePositionMethod\FalsePositionMethodTest\FalsePositionMethodTest.csproj</string>
    <string>[INFO 2025-02-23 9:48:32 AM] Starting test for project: D:\Code2025\RavenWork\FalsePositionMethod\FalsePositionMethodTest\FalsePositionMethodTest.csproj</string>
    <string>[INFO 2025-02-23 9:48:32 AM] Starting test for project: D:\Code2025\RavenWork\FalsePositionMethod\FalsePositionMethodTest\FalsePositionMethodTest.csproj</string>
    <string>[INFO 2025-02-23 9:48:32 AM] Starting test for project: D:\Code2025\RavenWork\FalsePositionMethod\FalsePositionMethodTest\FalsePositionMethodTest.csproj</string>
    <string>[INFO 2025-02-23 9:48:32 AM] Starting test for project: D:\Code2025\RavenWork\FalsePositionMethod\FalsePositionMethodTest\FalsePositionMethodTest.csproj</string>
    <string>[INFO 2025-02-23 9:48:32 AM] Starting test for project: D:\Code2025\RavenWork\FalsePositionMethod\FalsePositionMethodTest\FalsePositionMethodTest.csproj</string>
    <string>[INFO 2025-02-23 9:48:32 AM] Starting test for project: D:\Code2025\RavenWork\FalsePositionMethod\FalsePositionMethodTest\FalsePositionMethodTest.csproj</string>
    <string>[INFO 2025-02-23 9:48:32 AM] Starting test for project: D:\Code2025\RavenWork\FalsePositionMethod\FalsePositionMethodTest\FalsePositionMethodTest.csproj</string>
    <string>[INFO 2025-02-23 9:48:32 AM] Starting test for project: D:\Code2025\RavenWork\FalsePositionMethod\FalsePositionMethodTest\FalsePositionMethodTest.csproj</string>
    <string>[INFO 2025-02-23 9:48:32 AM] Starting test for project: D:\Code2025\RavenWork\FalsePositionMethod\FalsePositionMethodTest\FalsePositionMethodTest.csproj</string>
    <string>[INFO 2025-02-23 9:48:32 AM] Starting test for project: D:\Code2025\RavenWork\FalsePositionMethod\FalsePositionMethodTest\FalsePositionMethodTest.csproj</string>
    <string>[INFO 2025-02-23 9:48:32 AM] Starting test for project: D:\Code2025\RavenWork\FalsePositionMethod\FalsePositionMethodTest\FalsePositionMethodTest.csproj</string>
    <string><![CDATA[TestResult:
[SUCCESS 2025-02-23 9:48:37 AM] All tests passed successfully.
[INFO 2025-02-23 9:48:37 AM] Test process completed. Duration: 4.63 seconds.
[INFO 2025-02-23 9:48:37 AM] Process exited with code 0.
[OUTPUT 2025-02-23 9:48:37 AM]   Passed TestSyntheticLinearFunctions [30 ms]
[OUTPUT 2025-02-23 9:48:36 AM] Test Parallelization enabled for D:\Code2025\RavenWork\FalsePositionMethod\FalsePositionMethodTest\bin\Debug\net9.0\FalsePositionMethodTest.dll (Workers: 16, Scope: MethodLevel)
[OUTPUT 2025-02-23 9:48:36 AM] D:\Code2025\RavenWork\FalsePositionMethod\FalsePositionMethodTest\bin\Debug\net9.0\FalsePositionMethodTest.dll
[OUTPUT 2025-02-23 9:48:35 AM] A total of 1 test files matched the specified pattern.
[OUTPUT 2025-02-23 9:48:35 AM] Starting test execution, please wait...
[OUTPUT 2025-02-23 9:48:35 AM] VSTest version 17.12.0 (x64)
[OUTPUT 2025-02-23 9:48:34 AM]   FalsePositionMethod -> D:\Code2025\RavenWork\FalsePositionMethod\FalsePositionMethod\bin\Debug\net9.0\FalsePositionMethod.dll
[OUTPUT 2025-02-23 9:48:35 AM] Test run for D:\Code2025\RavenWork\FalsePositionMethod\FalsePositionMethodTest\bin\Debug\net9.0\FalsePositionMethodTest.dll (.NETCoreApp,Version=v9.0)
[OUTPUT 2025-02-23 9:48:34 AM]   FalsePositionMethodTest -> D:\Code2025\RavenWork\FalsePositionMethod\FalsePositionMethodTest\bin\Debug\net9.0\FalsePositionMethodTest.dll
[OUTPUT 2025-02-23 9:48:34 AM]   All projects are up-to-date for restore.
[OUTPUT 2025-02-23 9:48:33 AM]   Determining projects to restore...
[INFO 2025-02-23 9:48:32 AM] Command: dotnet test "D:\Code2025\RavenWork\FalsePositionMethod\FalsePositionMethodTest\FalsePositionMethodTest.csproj" --logger:"console;verbosity=detailed" --results-directory "TestResults"
[INFO 2025-02-23 9:48:32 AM] Starting test for project: D:\Code2025\RavenWork\FalsePositionMethod\FalsePositionMethodTest\FalsePositionMethodTest.csproj]]></string>
    <string>Test succeeded!!!</string>
  </Logs>
  <ActResult><![CDATA[WritePatch Started CycleStep. 2025-02-23 9:42:07 AM
FalsePositionMethod

WritePatch ran compiler. 2025-02-23 9:42:53 AM
FalsePositionMethod

CompilerResponse
Compile succeeded.
  Determining projects to restore...
  All projects are up-to-date for restore.
  FalsePositionMethod -> D:\Code2025\RavenWork\FalsePositionMethod\FalsePositionMethod\bin\Debug\net9.0\FalsePositionMethod.dll

Build succeeded.
    0 Warning(s)
    0 Error(s)

Time Elapsed 00:00:01.30


WritePatch: Code is Complete.
FalsePositionMethod

WritePatch Started CycleStep. 2025-02-23 9:43:17 AM
FalsePositionMethodTest

Exception: The request was canceled due to the configured HttpClient.Timeout of 200 seconds elapsing.

WritePatch Started CycleStep. 2025-02-23 9:46:38 AM
FalsePositionMethodTest

WritePatch ran compiler. 2025-02-23 9:47:08 AM
FalsePositionMethodTest

CompilerResponse
Compile succeeded.
  Determining projects to restore...
  Restored D:\Code2025\RavenWork\FalsePositionMethod\FalsePositionMethodTest\FalsePositionMethodTest.csproj (in 321 ms).
  1 of 2 projects are up-to-date for restore.
  FalsePositionMethod -> D:\Code2025\RavenWork\FalsePositionMethod\FalsePositionMethod\bin\Debug\net9.0\FalsePositionMethod.dll
D:\Code2025\RavenWork\FalsePositionMethod\FalsePositionMethodTest\FalsePositionMethodTests.cs(15,64): warning CS8625: Cannot convert null literal to non-nullable reference type. [D:\Code2025\RavenWork\FalsePositionMethod\FalsePositionMethodTest\FalsePositionMethodTest.csproj]
  FalsePositionMethodTest -> D:\Code2025\RavenWork\FalsePositionMethod\FalsePositionMethodTest\bin\Debug\net9.0\FalsePositionMethodTest.dll

Build succeeded.

D:\Code2025\RavenWork\FalsePositionMethod\FalsePositionMethodTest\FalsePositionMethodTests.cs(15,64): warning CS8625: Cannot convert null literal to non-nullable reference type. [D:\Code2025\RavenWork\FalsePositionMethod\FalsePositionMethodTest\FalsePositionMethodTest.csproj]
    1 Warning(s)
    0 Error(s)

Time Elapsed 00:00:02.90


WritePatch: Compile failed.
FalsePositionMethodTest

Finished WritePatch cycle step.
2025-02-23 9:47:09 AM
FalsePositionMethodTest

WritePatch Started CycleStep. 2025-02-23 9:47:09 AM
FalsePositionMethodTest

WritePatch ran compiler. 2025-02-23 9:47:33 AM
FalsePositionMethodTest

CompilerResponse
Compile succeeded.
  Determining projects to restore...
  All projects are up-to-date for restore.
  FalsePositionMethod -> D:\Code2025\RavenWork\FalsePositionMethod\FalsePositionMethod\bin\Debug\net9.0\FalsePositionMethod.dll
  FalsePositionMethodTest -> D:\Code2025\RavenWork\FalsePositionMethod\FalsePositionMethodTest\bin\Debug\net9.0\FalsePositionMethodTest.dll

Build succeeded.
    0 Warning(s)
    0 Error(s)

Time Elapsed 00:00:01.26


WritePatch: Code is not Complete.
FalsePositionMethodTest

Finished WritePatch cycle step.
2025-02-23 9:47:54 AM
FalsePositionMethodTest

WritePatch completed but failed. MaxPasses reached.
<FolderPath>
D:\Code2025\RavenWork\FalsePositionMethod\FalsePositionMethodTest
</FolderPath>
<CompilerResponse>
CompilerResponse
Compile succeeded.
  Determining projects to restore...
  All projects are up-to-date for restore.
  FalsePositionMethod -> D:\Code2025\RavenWork\FalsePositionMethod\FalsePositionMethod\bin\Debug\net9.0\FalsePositionMethod.dll
  FalsePositionMethodTest -> D:\Code2025\RavenWork\FalsePositionMethod\FalsePositionMethodTest\bin\Debug\net9.0\FalsePositionMethodTest.dll

Build succeeded.
    0 Warning(s)
    0 Error(s)

Time Elapsed 00:00:01.26

</CompilerResponse>
2025-02-23 9:47:55 AM
FalsePositionMethodTest

WritePatch ran compiler. 2025-02-23 9:47:56 AM
FalsePositionMethod

CompilerResponse
Compile succeeded.
  Determining projects to restore...
  All projects are up-to-date for restore.
  FalsePositionMethod -> D:\Code2025\RavenWork\FalsePositionMethod\FalsePositionMethod\bin\Debug\net9.0\FalsePositionMethod.dll

Build succeeded.
    0 Warning(s)
    0 Error(s)

Time Elapsed 00:00:01.05


WritePatch: Code is Complete.
FalsePositionMethod

WritePatch ran compiler. 2025-02-23 9:48:19 AM
FalsePositionMethodTest

CompilerResponse
Compile succeeded.
  Determining projects to restore...
  All projects are up-to-date for restore.
  FalsePositionMethod -> D:\Code2025\RavenWork\FalsePositionMethod\FalsePositionMethod\bin\Debug\net9.0\FalsePositionMethod.dll
  FalsePositionMethodTest -> D:\Code2025\RavenWork\FalsePositionMethod\FalsePositionMethodTest\bin\Debug\net9.0\FalsePositionMethodTest.dll

Build succeeded.
    0 Warning(s)
    0 Error(s)

Time Elapsed 00:00:01.27


WritePatch: Code is Complete.
FalsePositionMethodTest

TestResult:
[SUCCESS 2025-02-23 9:48:37 AM] All tests passed successfully.
[INFO 2025-02-23 9:48:37 AM] Test process completed. Duration: 4.63 seconds.
[INFO 2025-02-23 9:48:37 AM] Process exited with code 0.
[OUTPUT 2025-02-23 9:48:37 AM]   Passed TestSyntheticLinearFunctions [30 ms]
[OUTPUT 2025-02-23 9:48:36 AM] Test Parallelization enabled for D:\Code2025\RavenWork\FalsePositionMethod\FalsePositionMethodTest\bin\Debug\net9.0\FalsePositionMethodTest.dll (Workers: 16, Scope: MethodLevel)
[OUTPUT 2025-02-23 9:48:36 AM] D:\Code2025\RavenWork\FalsePositionMethod\FalsePositionMethodTest\bin\Debug\net9.0\FalsePositionMethodTest.dll
[OUTPUT 2025-02-23 9:48:35 AM] A total of 1 test files matched the specified pattern.
[OUTPUT 2025-02-23 9:48:35 AM] Starting test execution, please wait...
[OUTPUT 2025-02-23 9:48:35 AM] VSTest version 17.12.0 (x64)
[OUTPUT 2025-02-23 9:48:34 AM]   FalsePositionMethod -> D:\Code2025\RavenWork\FalsePositionMethod\FalsePositionMethod\bin\Debug\net9.0\FalsePositionMethod.dll
[OUTPUT 2025-02-23 9:48:35 AM] Test run for D:\Code2025\RavenWork\FalsePositionMethod\FalsePositionMethodTest\bin\Debug\net9.0\FalsePositionMethodTest.dll (.NETCoreApp,Version=v9.0)
[OUTPUT 2025-02-23 9:48:34 AM]   FalsePositionMethodTest -> D:\Code2025\RavenWork\FalsePositionMethod\FalsePositionMethodTest\bin\Debug\net9.0\FalsePositionMethodTest.dll
[OUTPUT 2025-02-23 9:48:34 AM]   All projects are up-to-date for restore.
[OUTPUT 2025-02-23 9:48:33 AM]   Determining projects to restore...
[INFO 2025-02-23 9:48:32 AM] Command: dotnet test "D:\Code2025\RavenWork\FalsePositionMethod\FalsePositionMethodTest\FalsePositionMethodTest.csproj" --logger:"console;verbosity=detailed" --results-directory "TestResults"
[INFO 2025-02-23 9:48:32 AM] Starting test for project: D:\Code2025\RavenWork\FalsePositionMethod\FalsePositionMethodTest\FalsePositionMethodTest.csproj

Test succeeded!!!]]></ActResult>
</ActRecord>