<ActRecord>
  <ProjectName>NaglesAlgorithm</ProjectName>
  <ProjectDescription><![CDATA[Nagle's algorithm: Improves TCP/IP efficiency by coalescing packets]]></ProjectDescription>
  <XMLSpecification><![CDATA[<WriteAndTestPatchSpecification>
  <WriteSpecification><![CDATA[Nagle's algorithm: Improves TCP/IP efficiency by coalescing packets]]]]><![CDATA[></WriteSpecification>
  <TestSpecification>Write through unit tests.</TestSpecification>
  <SolutionFolderPath>D:\Code2025\RavenWork\NaglesAlgorithm</SolutionFolderPath>
  <ProjectFolderName>NaglesAlgorithm</ProjectFolderName>
  <ProjectName>NaglesAlgorithm</ProjectName>
  <ProjectType>CSharp ClassLibrary</ProjectType>
  <WriteMaxPasses>3</WriteMaxPasses>
  <TestMaxPasses>3</TestMaxPasses>
  <WriteAndTestMaxPasses>5</WriteAndTestMaxPasses>
  <Errors />
  <ContextPaths />
</WriteAndTestPatchSpecification>]]></XMLSpecification>
  <Logs>
    <string>WritePatch Started CycleStep. 2025-02-23 1:24:51 PM
NaglesAlgorithm</string>
    <string>WritePatch ran compiler. 2025-02-23 1:26:08 PM
NaglesAlgorithm</string>
    <string><![CDATA[CompilerResponse
Compile succeeded.
  Determining projects to restore...
  All projects are up-to-date for restore.
  NaglesAlgorithm -> D:\Code2025\RavenWork\NaglesAlgorithm\NaglesAlgorithm\bin\Debug\net9.0\NaglesAlgorithm.dll

Build succeeded.
    0 Warning(s)
    0 Error(s)

Time Elapsed 00:00:00.90
]]></string>
    <string>WritePatch: Code is Complete.
NaglesAlgorithm</string>
    <string>WritePatch Started CycleStep. 2025-02-23 1:26:24 PM
NaglesAlgorithmTest</string>
    <string>WritePatch ran compiler. 2025-02-23 1:27:16 PM
NaglesAlgorithmTest</string>
    <string><![CDATA[CompilerResponse
Compile succeeded.
  Determining projects to restore...
  Restored D:\Code2025\RavenWork\NaglesAlgorithm\NaglesAlgorithmTest\NaglesAlgorithmTest.csproj (in 245 ms).
  1 of 2 projects are up-to-date for restore.
  NaglesAlgorithm -> D:\Code2025\RavenWork\NaglesAlgorithm\NaglesAlgorithm\bin\Debug\net9.0\NaglesAlgorithm.dll
D:\Code2025\RavenWork\NaglesAlgorithm\NaglesAlgorithmTest\NagleAlgorithmEngineTests.cs(58,32): warning CS8625: Cannot convert null literal to non-nullable reference type. [D:\Code2025\RavenWork\NaglesAlgorithm\NaglesAlgorithmTest\NaglesAlgorithmTest.csproj]
  NaglesAlgorithmTest -> D:\Code2025\RavenWork\NaglesAlgorithm\NaglesAlgorithmTest\bin\Debug\net9.0\NaglesAlgorithmTest.dll

Build succeeded.

D:\Code2025\RavenWork\NaglesAlgorithm\NaglesAlgorithmTest\NagleAlgorithmEngineTests.cs(58,32): warning CS8625: Cannot convert null literal to non-nullable reference type. [D:\Code2025\RavenWork\NaglesAlgorithm\NaglesAlgorithmTest\NaglesAlgorithmTest.csproj]
    1 Warning(s)
    0 Error(s)

Time Elapsed 00:00:01.87
]]></string>
    <string>WritePatch: Compile failed.
NaglesAlgorithmTest</string>
    <string>Finished WritePatch cycle step.
2025-02-23 1:27:19 PM
NaglesAlgorithmTest</string>
    <string>WritePatch Started CycleStep. 2025-02-23 1:27:19 PM
NaglesAlgorithmTest</string>
    <string>WritePatch ran compiler. 2025-02-23 1:30:18 PM
NaglesAlgorithmTest</string>
    <string><![CDATA[CompilerResponse
Compile succeeded.
  Determining projects to restore...
  All projects are up-to-date for restore.
  NaglesAlgorithm -> D:\Code2025\RavenWork\NaglesAlgorithm\NaglesAlgorithm\bin\Debug\net9.0\NaglesAlgorithm.dll
D:\Code2025\RavenWork\NaglesAlgorithm\NaglesAlgorithmTest\NagleAlgorithmEngineTests.cs(59,32): warning CS8625: Cannot convert null literal to non-nullable reference type. [D:\Code2025\RavenWork\NaglesAlgorithm\NaglesAlgorithmTest\NaglesAlgorithmTest.csproj]
  NaglesAlgorithmTest -> D:\Code2025\RavenWork\NaglesAlgorithm\NaglesAlgorithmTest\bin\Debug\net9.0\NaglesAlgorithmTest.dll

Build succeeded.

D:\Code2025\RavenWork\NaglesAlgorithm\NaglesAlgorithmTest\NagleAlgorithmEngineTests.cs(59,32): warning CS8625: Cannot convert null literal to non-nullable reference type. [D:\Code2025\RavenWork\NaglesAlgorithm\NaglesAlgorithmTest\NaglesAlgorithmTest.csproj]
    1 Warning(s)
    0 Error(s)

Time Elapsed 00:00:01.12
]]></string>
    <string>WritePatch: Compile failed.
NaglesAlgorithmTest</string>
    <string>Finished WritePatch cycle step.
2025-02-23 1:30:19 PM
NaglesAlgorithmTest</string>
    <string>WritePatch Started CycleStep. 2025-02-23 1:30:19 PM
NaglesAlgorithmTest</string>
    <string>Exception: The request was canceled due to the configured HttpClient.Timeout of 200 seconds elapsing.</string>
    <string><![CDATA[WritePatch completed but failed. MaxPasses reached.
<FolderPath>
D:\Code2025\RavenWork\NaglesAlgorithm\NaglesAlgorithmTest
</FolderPath>
<CompilerResponse>
CompilerResponse
Compile succeeded.
  Determining projects to restore...
  All projects are up-to-date for restore.
  NaglesAlgorithm -> D:\Code2025\RavenWork\NaglesAlgorithm\NaglesAlgorithm\bin\Debug\net9.0\NaglesAlgorithm.dll
D:\Code2025\RavenWork\NaglesAlgorithm\NaglesAlgorithmTest\NagleAlgorithmEngineTests.cs(59,32): warning CS8625: Cannot convert null literal to non-nullable reference type. [D:\Code2025\RavenWork\NaglesAlgorithm\NaglesAlgorithmTest\NaglesAlgorithmTest.csproj]
  NaglesAlgorithmTest -> D:\Code2025\RavenWork\NaglesAlgorithm\NaglesAlgorithmTest\bin\Debug\net9.0\NaglesAlgorithmTest.dll

Build succeeded.

D:\Code2025\RavenWork\NaglesAlgorithm\NaglesAlgorithmTest\NagleAlgorithmEngineTests.cs(59,32): warning CS8625: Cannot convert null literal to non-nullable reference type. [D:\Code2025\RavenWork\NaglesAlgorithm\NaglesAlgorithmTest\NaglesAlgorithmTest.csproj]
    1 Warning(s)
    0 Error(s)

Time Elapsed 00:00:01.12

</CompilerResponse>
2025-02-23 1:33:40 PM
NaglesAlgorithmTest]]></string>
    <string>WritePatch ran compiler. 2025-02-23 1:33:42 PM
NaglesAlgorithm</string>
    <string><![CDATA[CompilerResponse
Compile succeeded.
  Determining projects to restore...
  All projects are up-to-date for restore.
  NaglesAlgorithm -> D:\Code2025\RavenWork\NaglesAlgorithm\NaglesAlgorithm\bin\Debug\net9.0\NaglesAlgorithm.dll

Build succeeded.
    0 Warning(s)
    0 Error(s)

Time Elapsed 00:00:01.07
]]></string>
    <string>WritePatch: Code is Complete.
NaglesAlgorithm</string>
    <string>WritePatch ran compiler. 2025-02-23 1:34:03 PM
NaglesAlgorithmTest</string>
    <string><![CDATA[CompilerResponse
Compile succeeded.
  Determining projects to restore...
  All projects are up-to-date for restore.
  NaglesAlgorithm -> D:\Code2025\RavenWork\NaglesAlgorithm\NaglesAlgorithm\bin\Debug\net9.0\NaglesAlgorithm.dll
  NaglesAlgorithmTest -> D:\Code2025\RavenWork\NaglesAlgorithm\NaglesAlgorithmTest\bin\Debug\net9.0\NaglesAlgorithmTest.dll

Build succeeded.
    0 Warning(s)
    0 Error(s)

Time Elapsed 00:00:01.58
]]></string>
    <string>WritePatch: Code is Complete.
NaglesAlgorithmTest</string>
    <string>[INFO 2025-02-23 1:34:19 PM] Starting test for project: D:\Code2025\RavenWork\NaglesAlgorithm\NaglesAlgorithmTest\NaglesAlgorithmTest.csproj</string>
    <string>[INFO 2025-02-23 1:34:19 PM] Starting test for project: D:\Code2025\RavenWork\NaglesAlgorithm\NaglesAlgorithmTest\NaglesAlgorithmTest.csproj</string>
    <string>[INFO 2025-02-23 1:34:19 PM] Starting test for project: D:\Code2025\RavenWork\NaglesAlgorithm\NaglesAlgorithmTest\NaglesAlgorithmTest.csproj</string>
    <string>[INFO 2025-02-23 1:34:19 PM] Starting test for project: D:\Code2025\RavenWork\NaglesAlgorithm\NaglesAlgorithmTest\NaglesAlgorithmTest.csproj</string>
    <string>[INFO 2025-02-23 1:34:19 PM] Starting test for project: D:\Code2025\RavenWork\NaglesAlgorithm\NaglesAlgorithmTest\NaglesAlgorithmTest.csproj</string>
    <string>[INFO 2025-02-23 1:34:19 PM] Starting test for project: D:\Code2025\RavenWork\NaglesAlgorithm\NaglesAlgorithmTest\NaglesAlgorithmTest.csproj</string>
    <string>[INFO 2025-02-23 1:34:19 PM] Starting test for project: D:\Code2025\RavenWork\NaglesAlgorithm\NaglesAlgorithmTest\NaglesAlgorithmTest.csproj</string>
    <string>[INFO 2025-02-23 1:34:19 PM] Starting test for project: D:\Code2025\RavenWork\NaglesAlgorithm\NaglesAlgorithmTest\NaglesAlgorithmTest.csproj</string>
    <string>[INFO 2025-02-23 1:34:19 PM] Starting test for project: D:\Code2025\RavenWork\NaglesAlgorithm\NaglesAlgorithmTest\NaglesAlgorithmTest.csproj</string>
    <string>[INFO 2025-02-23 1:34:19 PM] Starting test for project: D:\Code2025\RavenWork\NaglesAlgorithm\NaglesAlgorithmTest\NaglesAlgorithmTest.csproj</string>
    <string>[INFO 2025-02-23 1:34:19 PM] Starting test for project: D:\Code2025\RavenWork\NaglesAlgorithm\NaglesAlgorithmTest\NaglesAlgorithmTest.csproj</string>
    <string><![CDATA[TestResult:
[SUCCESS 2025-02-23 1:34:24 PM] All tests passed successfully.
[INFO 2025-02-23 1:34:24 PM] Test process completed. Duration: 4.84 seconds.
[INFO 2025-02-23 1:34:24 PM] Process exited with code 0.
[OUTPUT 2025-02-23 1:34:22 PM] Test run for D:\Code2025\RavenWork\NaglesAlgorithm\NaglesAlgorithmTest\bin\Debug\net9.0\NaglesAlgorithmTest.dll (.NETCoreApp,Version=v9.0)
[OUTPUT 2025-02-23 1:34:22 PM]   NaglesAlgorithmTest -> D:\Code2025\RavenWork\NaglesAlgorithm\NaglesAlgorithmTest\bin\Debug\net9.0\NaglesAlgorithmTest.dll
[OUTPUT 2025-02-23 1:34:21 PM]   NaglesAlgorithm -> D:\Code2025\RavenWork\NaglesAlgorithm\NaglesAlgorithm\bin\Debug\net9.0\NaglesAlgorithm.dll
[OUTPUT 2025-02-23 1:34:20 PM]   Determining projects to restore...
[OUTPUT 2025-02-23 1:34:24 PM] D:\Code2025\RavenWork\NaglesAlgorithm\NaglesAlgorithmTest\bin\Debug\net9.0\NaglesAlgorithmTest.dll
[OUTPUT 2025-02-23 1:34:23 PM] A total of 1 test files matched the specified pattern.
[OUTPUT 2025-02-23 1:34:23 PM] Starting test execution, please wait...
[OUTPUT 2025-02-23 1:34:22 PM] VSTest version 17.12.0 (x64)
[OUTPUT 2025-02-23 1:34:21 PM]   All projects are up-to-date for restore.
[INFO 2025-02-23 1:34:19 PM] Command: dotnet test "D:\Code2025\RavenWork\NaglesAlgorithm\NaglesAlgorithmTest\NaglesAlgorithmTest.csproj" --logger:"console;verbosity=detailed" --results-directory "TestResults"
[INFO 2025-02-23 1:34:19 PM] Starting test for project: D:\Code2025\RavenWork\NaglesAlgorithm\NaglesAlgorithmTest\NaglesAlgorithmTest.csproj]]></string>
    <string>Test succeeded!!!</string>
  </Logs>
  <ActResult><![CDATA[WritePatch Started CycleStep. 2025-02-23 1:24:51 PM
NaglesAlgorithm

WritePatch ran compiler. 2025-02-23 1:26:08 PM
NaglesAlgorithm

CompilerResponse
Compile succeeded.
  Determining projects to restore...
  All projects are up-to-date for restore.
  NaglesAlgorithm -> D:\Code2025\RavenWork\NaglesAlgorithm\NaglesAlgorithm\bin\Debug\net9.0\NaglesAlgorithm.dll

Build succeeded.
    0 Warning(s)
    0 Error(s)

Time Elapsed 00:00:00.90


WritePatch: Code is Complete.
NaglesAlgorithm

WritePatch Started CycleStep. 2025-02-23 1:26:24 PM
NaglesAlgorithmTest

WritePatch ran compiler. 2025-02-23 1:27:16 PM
NaglesAlgorithmTest

CompilerResponse
Compile succeeded.
  Determining projects to restore...
  Restored D:\Code2025\RavenWork\NaglesAlgorithm\NaglesAlgorithmTest\NaglesAlgorithmTest.csproj (in 245 ms).
  1 of 2 projects are up-to-date for restore.
  NaglesAlgorithm -> D:\Code2025\RavenWork\NaglesAlgorithm\NaglesAlgorithm\bin\Debug\net9.0\NaglesAlgorithm.dll
D:\Code2025\RavenWork\NaglesAlgorithm\NaglesAlgorithmTest\NagleAlgorithmEngineTests.cs(58,32): warning CS8625: Cannot convert null literal to non-nullable reference type. [D:\Code2025\RavenWork\NaglesAlgorithm\NaglesAlgorithmTest\NaglesAlgorithmTest.csproj]
  NaglesAlgorithmTest -> D:\Code2025\RavenWork\NaglesAlgorithm\NaglesAlgorithmTest\bin\Debug\net9.0\NaglesAlgorithmTest.dll

Build succeeded.

D:\Code2025\RavenWork\NaglesAlgorithm\NaglesAlgorithmTest\NagleAlgorithmEngineTests.cs(58,32): warning CS8625: Cannot convert null literal to non-nullable reference type. [D:\Code2025\RavenWork\NaglesAlgorithm\NaglesAlgorithmTest\NaglesAlgorithmTest.csproj]
    1 Warning(s)
    0 Error(s)

Time Elapsed 00:00:01.87


WritePatch: Compile failed.
NaglesAlgorithmTest

Finished WritePatch cycle step.
2025-02-23 1:27:19 PM
NaglesAlgorithmTest

WritePatch Started CycleStep. 2025-02-23 1:27:19 PM
NaglesAlgorithmTest

WritePatch ran compiler. 2025-02-23 1:30:18 PM
NaglesAlgorithmTest

CompilerResponse
Compile succeeded.
  Determining projects to restore...
  All projects are up-to-date for restore.
  NaglesAlgorithm -> D:\Code2025\RavenWork\NaglesAlgorithm\NaglesAlgorithm\bin\Debug\net9.0\NaglesAlgorithm.dll
D:\Code2025\RavenWork\NaglesAlgorithm\NaglesAlgorithmTest\NagleAlgorithmEngineTests.cs(59,32): warning CS8625: Cannot convert null literal to non-nullable reference type. [D:\Code2025\RavenWork\NaglesAlgorithm\NaglesAlgorithmTest\NaglesAlgorithmTest.csproj]
  NaglesAlgorithmTest -> D:\Code2025\RavenWork\NaglesAlgorithm\NaglesAlgorithmTest\bin\Debug\net9.0\NaglesAlgorithmTest.dll

Build succeeded.

D:\Code2025\RavenWork\NaglesAlgorithm\NaglesAlgorithmTest\NagleAlgorithmEngineTests.cs(59,32): warning CS8625: Cannot convert null literal to non-nullable reference type. [D:\Code2025\RavenWork\NaglesAlgorithm\NaglesAlgorithmTest\NaglesAlgorithmTest.csproj]
    1 Warning(s)
    0 Error(s)

Time Elapsed 00:00:01.12


WritePatch: Compile failed.
NaglesAlgorithmTest

Finished WritePatch cycle step.
2025-02-23 1:30:19 PM
NaglesAlgorithmTest

WritePatch Started CycleStep. 2025-02-23 1:30:19 PM
NaglesAlgorithmTest

Exception: The request was canceled due to the configured HttpClient.Timeout of 200 seconds elapsing.

WritePatch completed but failed. MaxPasses reached.
<FolderPath>
D:\Code2025\RavenWork\NaglesAlgorithm\NaglesAlgorithmTest
</FolderPath>
<CompilerResponse>
CompilerResponse
Compile succeeded.
  Determining projects to restore...
  All projects are up-to-date for restore.
  NaglesAlgorithm -> D:\Code2025\RavenWork\NaglesAlgorithm\NaglesAlgorithm\bin\Debug\net9.0\NaglesAlgorithm.dll
D:\Code2025\RavenWork\NaglesAlgorithm\NaglesAlgorithmTest\NagleAlgorithmEngineTests.cs(59,32): warning CS8625: Cannot convert null literal to non-nullable reference type. [D:\Code2025\RavenWork\NaglesAlgorithm\NaglesAlgorithmTest\NaglesAlgorithmTest.csproj]
  NaglesAlgorithmTest -> D:\Code2025\RavenWork\NaglesAlgorithm\NaglesAlgorithmTest\bin\Debug\net9.0\NaglesAlgorithmTest.dll

Build succeeded.

D:\Code2025\RavenWork\NaglesAlgorithm\NaglesAlgorithmTest\NagleAlgorithmEngineTests.cs(59,32): warning CS8625: Cannot convert null literal to non-nullable reference type. [D:\Code2025\RavenWork\NaglesAlgorithm\NaglesAlgorithmTest\NaglesAlgorithmTest.csproj]
    1 Warning(s)
    0 Error(s)

Time Elapsed 00:00:01.12

</CompilerResponse>
2025-02-23 1:33:40 PM
NaglesAlgorithmTest

WritePatch ran compiler. 2025-02-23 1:33:42 PM
NaglesAlgorithm

CompilerResponse
Compile succeeded.
  Determining projects to restore...
  All projects are up-to-date for restore.
  NaglesAlgorithm -> D:\Code2025\RavenWork\NaglesAlgorithm\NaglesAlgorithm\bin\Debug\net9.0\NaglesAlgorithm.dll

Build succeeded.
    0 Warning(s)
    0 Error(s)

Time Elapsed 00:00:01.07


WritePatch: Code is Complete.
NaglesAlgorithm

WritePatch ran compiler. 2025-02-23 1:34:03 PM
NaglesAlgorithmTest

CompilerResponse
Compile succeeded.
  Determining projects to restore...
  All projects are up-to-date for restore.
  NaglesAlgorithm -> D:\Code2025\RavenWork\NaglesAlgorithm\NaglesAlgorithm\bin\Debug\net9.0\NaglesAlgorithm.dll
  NaglesAlgorithmTest -> D:\Code2025\RavenWork\NaglesAlgorithm\NaglesAlgorithmTest\bin\Debug\net9.0\NaglesAlgorithmTest.dll

Build succeeded.
    0 Warning(s)
    0 Error(s)

Time Elapsed 00:00:01.58


WritePatch: Code is Complete.
NaglesAlgorithmTest

TestResult:
[SUCCESS 2025-02-23 1:34:24 PM] All tests passed successfully.
[INFO 2025-02-23 1:34:24 PM] Test process completed. Duration: 4.84 seconds.
[INFO 2025-02-23 1:34:24 PM] Process exited with code 0.
[OUTPUT 2025-02-23 1:34:22 PM] Test run for D:\Code2025\RavenWork\NaglesAlgorithm\NaglesAlgorithmTest\bin\Debug\net9.0\NaglesAlgorithmTest.dll (.NETCoreApp,Version=v9.0)
[OUTPUT 2025-02-23 1:34:22 PM]   NaglesAlgorithmTest -> D:\Code2025\RavenWork\NaglesAlgorithm\NaglesAlgorithmTest\bin\Debug\net9.0\NaglesAlgorithmTest.dll
[OUTPUT 2025-02-23 1:34:21 PM]   NaglesAlgorithm -> D:\Code2025\RavenWork\NaglesAlgorithm\NaglesAlgorithm\bin\Debug\net9.0\NaglesAlgorithm.dll
[OUTPUT 2025-02-23 1:34:20 PM]   Determining projects to restore...
[OUTPUT 2025-02-23 1:34:24 PM] D:\Code2025\RavenWork\NaglesAlgorithm\NaglesAlgorithmTest\bin\Debug\net9.0\NaglesAlgorithmTest.dll
[OUTPUT 2025-02-23 1:34:23 PM] A total of 1 test files matched the specified pattern.
[OUTPUT 2025-02-23 1:34:23 PM] Starting test execution, please wait...
[OUTPUT 2025-02-23 1:34:22 PM] VSTest version 17.12.0 (x64)
[OUTPUT 2025-02-23 1:34:21 PM]   All projects are up-to-date for restore.
[INFO 2025-02-23 1:34:19 PM] Command: dotnet test "D:\Code2025\RavenWork\NaglesAlgorithm\NaglesAlgorithmTest\NaglesAlgorithmTest.csproj" --logger:"console;verbosity=detailed" --results-directory "TestResults"
[INFO 2025-02-23 1:34:19 PM] Starting test for project: D:\Code2025\RavenWork\NaglesAlgorithm\NaglesAlgorithmTest\NaglesAlgorithmTest.csproj

Test succeeded!!!]]></ActResult>
</ActRecord>