<ActRecord>
  <ProjectName>RegionGrowing</ProjectName>
  <ProjectDescription>Region growing</ProjectDescription>
  <XMLSpecification><![CDATA[<WriteAndTestPatchSpecification>
  <WriteSpecification>Region growing</WriteSpecification>
  <TestSpecification>Write through unit tests.</TestSpecification>
  <SolutionFolderPath>D:\Code2025\RavenWork\RegionGrowing</SolutionFolderPath>
  <ProjectFolderName>RegionGrowing</ProjectFolderName>
  <ProjectName>RegionGrowing</ProjectName>
  <ProjectType>CSharp ClassLibrary</ProjectType>
  <WriteMaxPasses>3</WriteMaxPasses>
  <TestMaxPasses>3</TestMaxPasses>
  <WriteAndTestMaxPasses>5</WriteAndTestMaxPasses>
  <Errors />
  <ContextPaths />
</WriteAndTestPatchSpecification>]]></XMLSpecification>
  <Logs>
    <string>WritePatch Started CycleStep. 2025-02-23 6:36:38 AM
RegionGrowing</string>
    <string>WritePatch ran compiler. 2025-02-23 6:37:21 AM
RegionGrowing</string>
    <string><![CDATA[CompilerResponse
Compile succeeded.
  Determining projects to restore...
  All projects are up-to-date for restore.
  RegionGrowing -> D:\Code2025\RavenWork\RegionGrowing\RegionGrowing\bin\Debug\net9.0\RegionGrowing.dll

Build succeeded.
    0 Warning(s)
    0 Error(s)

Time Elapsed 00:00:00.73
]]></string>
    <string>WritePatch: Code is Complete.
RegionGrowing</string>
    <string>WritePatch Started CycleStep. 2025-02-23 6:37:35 AM
RegionGrowingTest</string>
    <string>Exception: The request was canceled due to the configured HttpClient.Timeout of 200 seconds elapsing.</string>
    <string>WritePatch Started CycleStep. 2025-02-23 6:40:55 AM
RegionGrowingTest</string>
    <string>WritePatch ran compiler. 2025-02-23 6:41:55 AM
RegionGrowingTest</string>
    <string><![CDATA[CompilerResponse
Compile succeeded.
  Determining projects to restore...
  Restored D:\Code2025\RavenWork\RegionGrowing\RegionGrowingTest\RegionGrowingTest.csproj (in 164 ms).
  1 of 2 projects are up-to-date for restore.
  RegionGrowing -> D:\Code2025\RavenWork\RegionGrowing\RegionGrowing\bin\Debug\net9.0\RegionGrowing.dll
D:\Code2025\RavenWork\RegionGrowing\RegionGrowingTest\RegionGrowerTests.cs(14,55): warning CS8625: Cannot convert null literal to non-nullable reference type. [D:\Code2025\RavenWork\RegionGrowing\RegionGrowingTest\RegionGrowingTest.csproj]
  RegionGrowingTest -> D:\Code2025\RavenWork\RegionGrowing\RegionGrowingTest\bin\Debug\net9.0\RegionGrowingTest.dll

Build succeeded.

D:\Code2025\RavenWork\RegionGrowing\RegionGrowingTest\RegionGrowerTests.cs(14,55): warning CS8625: Cannot convert null literal to non-nullable reference type. [D:\Code2025\RavenWork\RegionGrowing\RegionGrowingTest\RegionGrowingTest.csproj]
    1 Warning(s)
    0 Error(s)

Time Elapsed 00:00:01.22
]]></string>
    <string>WritePatch: Compile failed.
RegionGrowingTest</string>
    <string>Finished WritePatch cycle step.
2025-02-23 6:41:55 AM
RegionGrowingTest</string>
    <string>WritePatch Started CycleStep. 2025-02-23 6:41:55 AM
RegionGrowingTest</string>
    <string>WritePatch ran compiler. 2025-02-23 6:43:12 AM
RegionGrowingTest</string>
    <string><![CDATA[CompilerResponse
Compile succeeded.
  Determining projects to restore...
  All projects are up-to-date for restore.
  RegionGrowing -> D:\Code2025\RavenWork\RegionGrowing\RegionGrowing\bin\Debug\net9.0\RegionGrowing.dll
  RegionGrowingTest -> D:\Code2025\RavenWork\RegionGrowing\RegionGrowingTest\bin\Debug\net9.0\RegionGrowingTest.dll

Build succeeded.
    0 Warning(s)
    0 Error(s)

Time Elapsed 00:00:00.82
]]></string>
    <string>WritePatch: Code is not Complete.
RegionGrowingTest</string>
    <string>Finished WritePatch cycle step.
2025-02-23 6:43:25 AM
RegionGrowingTest</string>
    <string><![CDATA[WritePatch completed but failed. MaxPasses reached.
<FolderPath>
D:\Code2025\RavenWork\RegionGrowing\RegionGrowingTest
</FolderPath>
<CompilerResponse>
CompilerResponse
Compile succeeded.
  Determining projects to restore...
  All projects are up-to-date for restore.
  RegionGrowing -> D:\Code2025\RavenWork\RegionGrowing\RegionGrowing\bin\Debug\net9.0\RegionGrowing.dll
  RegionGrowingTest -> D:\Code2025\RavenWork\RegionGrowing\RegionGrowingTest\bin\Debug\net9.0\RegionGrowingTest.dll

Build succeeded.
    0 Warning(s)
    0 Error(s)

Time Elapsed 00:00:00.82

</CompilerResponse>
2025-02-23 6:43:25 AM
RegionGrowingTest]]></string>
    <string>WritePatch ran compiler. 2025-02-23 6:43:26 AM
RegionGrowing</string>
    <string><![CDATA[CompilerResponse
Compile succeeded.
  Determining projects to restore...
  All projects are up-to-date for restore.
  RegionGrowing -> D:\Code2025\RavenWork\RegionGrowing\RegionGrowing\bin\Debug\net9.0\RegionGrowing.dll

Build succeeded.
    0 Warning(s)
    0 Error(s)

Time Elapsed 00:00:00.72
]]></string>
    <string>WritePatch: Code is Complete.
RegionGrowing</string>
    <string>WritePatch ran compiler. 2025-02-23 6:43:37 AM
RegionGrowingTest</string>
    <string><![CDATA[CompilerResponse
Compile succeeded.
  Determining projects to restore...
  All projects are up-to-date for restore.
  RegionGrowing -> D:\Code2025\RavenWork\RegionGrowing\RegionGrowing\bin\Debug\net9.0\RegionGrowing.dll
  RegionGrowingTest -> D:\Code2025\RavenWork\RegionGrowing\RegionGrowingTest\bin\Debug\net9.0\RegionGrowingTest.dll

Build succeeded.
    0 Warning(s)
    0 Error(s)

Time Elapsed 00:00:00.87
]]></string>
    <string>WritePatch: Code is Complete.
RegionGrowingTest</string>
    <string>[INFO 2025-02-23 6:43:52 AM] Starting test for project: D:\Code2025\RavenWork\RegionGrowing\RegionGrowingTest\RegionGrowingTest.csproj</string>
    <string>[INFO 2025-02-23 6:43:52 AM] Starting test for project: D:\Code2025\RavenWork\RegionGrowing\RegionGrowingTest\RegionGrowingTest.csproj</string>
    <string>[INFO 2025-02-23 6:43:52 AM] Starting test for project: D:\Code2025\RavenWork\RegionGrowing\RegionGrowingTest\RegionGrowingTest.csproj</string>
    <string>[INFO 2025-02-23 6:43:52 AM] Starting test for project: D:\Code2025\RavenWork\RegionGrowing\RegionGrowingTest\RegionGrowingTest.csproj</string>
    <string>[INFO 2025-02-23 6:43:52 AM] Starting test for project: D:\Code2025\RavenWork\RegionGrowing\RegionGrowingTest\RegionGrowingTest.csproj</string>
    <string>[INFO 2025-02-23 6:43:52 AM] Starting test for project: D:\Code2025\RavenWork\RegionGrowing\RegionGrowingTest\RegionGrowingTest.csproj</string>
    <string>[INFO 2025-02-23 6:43:52 AM] Starting test for project: D:\Code2025\RavenWork\RegionGrowing\RegionGrowingTest\RegionGrowingTest.csproj</string>
    <string>[INFO 2025-02-23 6:43:52 AM] Starting test for project: D:\Code2025\RavenWork\RegionGrowing\RegionGrowingTest\RegionGrowingTest.csproj</string>
    <string>[INFO 2025-02-23 6:43:52 AM] Starting test for project: D:\Code2025\RavenWork\RegionGrowing\RegionGrowingTest\RegionGrowingTest.csproj</string>
    <string>[INFO 2025-02-23 6:43:52 AM] Starting test for project: D:\Code2025\RavenWork\RegionGrowing\RegionGrowingTest\RegionGrowingTest.csproj</string>
    <string>[INFO 2025-02-23 6:43:52 AM] Starting test for project: D:\Code2025\RavenWork\RegionGrowing\RegionGrowingTest\RegionGrowingTest.csproj</string>
    <string>[INFO 2025-02-23 6:43:52 AM] Starting test for project: D:\Code2025\RavenWork\RegionGrowing\RegionGrowingTest\RegionGrowingTest.csproj</string>
    <string>[INFO 2025-02-23 6:43:52 AM] Starting test for project: D:\Code2025\RavenWork\RegionGrowing\RegionGrowingTest\RegionGrowingTest.csproj</string>
    <string>[INFO 2025-02-23 6:43:52 AM] Starting test for project: D:\Code2025\RavenWork\RegionGrowing\RegionGrowingTest\RegionGrowingTest.csproj</string>
    <string><![CDATA[TestResult:
[SUCCESS 2025-02-23 6:43:56 AM] All tests passed successfully.
[INFO 2025-02-23 6:43:56 AM] Test process completed. Duration: 3.12 seconds.
[INFO 2025-02-23 6:43:56 AM] Process exited with code 0.
[OUTPUT 2025-02-23 6:43:55 AM] Test Parallelization enabled for D:\Code2025\RavenWork\RegionGrowing\RegionGrowingTest\bin\Debug\net9.0\RegionGrowingTest.dll (Workers: 16, Scope: MethodLevel)
[OUTPUT 2025-02-23 6:43:54 AM] D:\Code2025\RavenWork\RegionGrowing\RegionGrowingTest\bin\Debug\net9.0\RegionGrowingTest.dll
[OUTPUT 2025-02-23 6:43:54 AM] A total of 1 test files matched the specified pattern.
[OUTPUT 2025-02-23 6:43:54 AM] Starting test execution, please wait...
[OUTPUT 2025-02-23 6:43:54 AM] VSTest version 17.12.0 (x64)
[OUTPUT 2025-02-23 6:43:56 AM]   Passed GrowRegion_SeedOutOfBounds_ReturnsEmptyRegion [4 ms]
[OUTPUT 2025-02-23 6:43:56 AM]   Passed GrowRegion_NullImage_ReturnsZeroDimension [4 ms]
[OUTPUT 2025-02-23 6:43:54 AM] Test run for D:\Code2025\RavenWork\RegionGrowing\RegionGrowingTest\bin\Debug\net9.0\RegionGrowingTest.dll (.NETCoreApp,Version=v9.0)
[OUTPUT 2025-02-23 6:43:54 AM]   RegionGrowingTest -> D:\Code2025\RavenWork\RegionGrowing\RegionGrowingTest\bin\Debug\net9.0\RegionGrowingTest.dll
[OUTPUT 2025-02-23 6:43:53 AM]   RegionGrowing -> D:\Code2025\RavenWork\RegionGrowing\RegionGrowing\bin\Debug\net9.0\RegionGrowing.dll
[OUTPUT 2025-02-23 6:43:53 AM]   All projects are up-to-date for restore.
[OUTPUT 2025-02-23 6:43:53 AM]   Determining projects to restore...
[INFO 2025-02-23 6:43:52 AM] Command: dotnet test "D:\Code2025\RavenWork\RegionGrowing\RegionGrowingTest\RegionGrowingTest.csproj" --logger:"console;verbosity=detailed" --results-directory "TestResults"
[INFO 2025-02-23 6:43:52 AM] Starting test for project: D:\Code2025\RavenWork\RegionGrowing\RegionGrowingTest\RegionGrowingTest.csproj]]></string>
    <string>Test succeeded!!!</string>
  </Logs>
  <ActResult><![CDATA[WritePatch Started CycleStep. 2025-02-23 6:36:38 AM
RegionGrowing

WritePatch ran compiler. 2025-02-23 6:37:21 AM
RegionGrowing

CompilerResponse
Compile succeeded.
  Determining projects to restore...
  All projects are up-to-date for restore.
  RegionGrowing -> D:\Code2025\RavenWork\RegionGrowing\RegionGrowing\bin\Debug\net9.0\RegionGrowing.dll

Build succeeded.
    0 Warning(s)
    0 Error(s)

Time Elapsed 00:00:00.73


WritePatch: Code is Complete.
RegionGrowing

WritePatch Started CycleStep. 2025-02-23 6:37:35 AM
RegionGrowingTest

Exception: The request was canceled due to the configured HttpClient.Timeout of 200 seconds elapsing.

WritePatch Started CycleStep. 2025-02-23 6:40:55 AM
RegionGrowingTest

WritePatch ran compiler. 2025-02-23 6:41:55 AM
RegionGrowingTest

CompilerResponse
Compile succeeded.
  Determining projects to restore...
  Restored D:\Code2025\RavenWork\RegionGrowing\RegionGrowingTest\RegionGrowingTest.csproj (in 164 ms).
  1 of 2 projects are up-to-date for restore.
  RegionGrowing -> D:\Code2025\RavenWork\RegionGrowing\RegionGrowing\bin\Debug\net9.0\RegionGrowing.dll
D:\Code2025\RavenWork\RegionGrowing\RegionGrowingTest\RegionGrowerTests.cs(14,55): warning CS8625: Cannot convert null literal to non-nullable reference type. [D:\Code2025\RavenWork\RegionGrowing\RegionGrowingTest\RegionGrowingTest.csproj]
  RegionGrowingTest -> D:\Code2025\RavenWork\RegionGrowing\RegionGrowingTest\bin\Debug\net9.0\RegionGrowingTest.dll

Build succeeded.

D:\Code2025\RavenWork\RegionGrowing\RegionGrowingTest\RegionGrowerTests.cs(14,55): warning CS8625: Cannot convert null literal to non-nullable reference type. [D:\Code2025\RavenWork\RegionGrowing\RegionGrowingTest\RegionGrowingTest.csproj]
    1 Warning(s)
    0 Error(s)

Time Elapsed 00:00:01.22


WritePatch: Compile failed.
RegionGrowingTest

Finished WritePatch cycle step.
2025-02-23 6:41:55 AM
RegionGrowingTest

WritePatch Started CycleStep. 2025-02-23 6:41:55 AM
RegionGrowingTest

WritePatch ran compiler. 2025-02-23 6:43:12 AM
RegionGrowingTest

CompilerResponse
Compile succeeded.
  Determining projects to restore...
  All projects are up-to-date for restore.
  RegionGrowing -> D:\Code2025\RavenWork\RegionGrowing\RegionGrowing\bin\Debug\net9.0\RegionGrowing.dll
  RegionGrowingTest -> D:\Code2025\RavenWork\RegionGrowing\RegionGrowingTest\bin\Debug\net9.0\RegionGrowingTest.dll

Build succeeded.
    0 Warning(s)
    0 Error(s)

Time Elapsed 00:00:00.82


WritePatch: Code is not Complete.
RegionGrowingTest

Finished WritePatch cycle step.
2025-02-23 6:43:25 AM
RegionGrowingTest

WritePatch completed but failed. MaxPasses reached.
<FolderPath>
D:\Code2025\RavenWork\RegionGrowing\RegionGrowingTest
</FolderPath>
<CompilerResponse>
CompilerResponse
Compile succeeded.
  Determining projects to restore...
  All projects are up-to-date for restore.
  RegionGrowing -> D:\Code2025\RavenWork\RegionGrowing\RegionGrowing\bin\Debug\net9.0\RegionGrowing.dll
  RegionGrowingTest -> D:\Code2025\RavenWork\RegionGrowing\RegionGrowingTest\bin\Debug\net9.0\RegionGrowingTest.dll

Build succeeded.
    0 Warning(s)
    0 Error(s)

Time Elapsed 00:00:00.82

</CompilerResponse>
2025-02-23 6:43:25 AM
RegionGrowingTest

WritePatch ran compiler. 2025-02-23 6:43:26 AM
RegionGrowing

CompilerResponse
Compile succeeded.
  Determining projects to restore...
  All projects are up-to-date for restore.
  RegionGrowing -> D:\Code2025\RavenWork\RegionGrowing\RegionGrowing\bin\Debug\net9.0\RegionGrowing.dll

Build succeeded.
    0 Warning(s)
    0 Error(s)

Time Elapsed 00:00:00.72


WritePatch: Code is Complete.
RegionGrowing

WritePatch ran compiler. 2025-02-23 6:43:37 AM
RegionGrowingTest

CompilerResponse
Compile succeeded.
  Determining projects to restore...
  All projects are up-to-date for restore.
  RegionGrowing -> D:\Code2025\RavenWork\RegionGrowing\RegionGrowing\bin\Debug\net9.0\RegionGrowing.dll
  RegionGrowingTest -> D:\Code2025\RavenWork\RegionGrowing\RegionGrowingTest\bin\Debug\net9.0\RegionGrowingTest.dll

Build succeeded.
    0 Warning(s)
    0 Error(s)

Time Elapsed 00:00:00.87


WritePatch: Code is Complete.
RegionGrowingTest

TestResult:
[SUCCESS 2025-02-23 6:43:56 AM] All tests passed successfully.
[INFO 2025-02-23 6:43:56 AM] Test process completed. Duration: 3.12 seconds.
[INFO 2025-02-23 6:43:56 AM] Process exited with code 0.
[OUTPUT 2025-02-23 6:43:55 AM] Test Parallelization enabled for D:\Code2025\RavenWork\RegionGrowing\RegionGrowingTest\bin\Debug\net9.0\RegionGrowingTest.dll (Workers: 16, Scope: MethodLevel)
[OUTPUT 2025-02-23 6:43:54 AM] D:\Code2025\RavenWork\RegionGrowing\RegionGrowingTest\bin\Debug\net9.0\RegionGrowingTest.dll
[OUTPUT 2025-02-23 6:43:54 AM] A total of 1 test files matched the specified pattern.
[OUTPUT 2025-02-23 6:43:54 AM] Starting test execution, please wait...
[OUTPUT 2025-02-23 6:43:54 AM] VSTest version 17.12.0 (x64)
[OUTPUT 2025-02-23 6:43:56 AM]   Passed GrowRegion_SeedOutOfBounds_ReturnsEmptyRegion [4 ms]
[OUTPUT 2025-02-23 6:43:56 AM]   Passed GrowRegion_NullImage_ReturnsZeroDimension [4 ms]
[OUTPUT 2025-02-23 6:43:54 AM] Test run for D:\Code2025\RavenWork\RegionGrowing\RegionGrowingTest\bin\Debug\net9.0\RegionGrowingTest.dll (.NETCoreApp,Version=v9.0)
[OUTPUT 2025-02-23 6:43:54 AM]   RegionGrowingTest -> D:\Code2025\RavenWork\RegionGrowing\RegionGrowingTest\bin\Debug\net9.0\RegionGrowingTest.dll
[OUTPUT 2025-02-23 6:43:53 AM]   RegionGrowing -> D:\Code2025\RavenWork\RegionGrowing\RegionGrowing\bin\Debug\net9.0\RegionGrowing.dll
[OUTPUT 2025-02-23 6:43:53 AM]   All projects are up-to-date for restore.
[OUTPUT 2025-02-23 6:43:53 AM]   Determining projects to restore...
[INFO 2025-02-23 6:43:52 AM] Command: dotnet test "D:\Code2025\RavenWork\RegionGrowing\RegionGrowingTest\RegionGrowingTest.csproj" --logger:"console;verbosity=detailed" --results-directory "TestResults"
[INFO 2025-02-23 6:43:52 AM] Starting test for project: D:\Code2025\RavenWork\RegionGrowing\RegionGrowingTest\RegionGrowingTest.csproj

Test succeeded!!!]]></ActResult>
</ActRecord>