<ActRecord>
  <ProjectName>CrossEntropyMethod</ProjectName>
  <ProjectDescription>Cross-entropy method – A Monte Carlo algorithm used for combinatorial and continuous multi-extremal optimization and for importance sampling.</ProjectDescription>
  <XMLSpecification><![CDATA[<WriteAndTestPatchSpecification>
  <WriteSpecification>Cross-entropy method – A Monte Carlo algorithm used for combinatorial and continuous multi-extremal optimization and for importance sampling.</WriteSpecification>
  <TestSpecification>Write through unit tests.</TestSpecification>
  <SolutionFolderPath>D:\Code2025\RavenWork\CrossEntropyMethod</SolutionFolderPath>
  <ProjectFolderName>CrossEntropyMethod</ProjectFolderName>
  <ProjectName>CrossEntropyMethod</ProjectName>
  <ProjectType>CSharp ClassLibrary</ProjectType>
  <WriteMaxPasses>3</WriteMaxPasses>
  <TestMaxPasses>3</TestMaxPasses>
  <WriteAndTestMaxPasses>5</WriteAndTestMaxPasses>
  <Errors />
  <ContextPaths />
</WriteAndTestPatchSpecification>]]></XMLSpecification>
  <Logs>
    <string>WritePatch Started CycleStep. 2025-02-23 12:15:22 PM
CrossEntropyMethod</string>
    <string>WritePatch ran compiler. 2025-02-23 12:16:08 PM
CrossEntropyMethod</string>
    <string><![CDATA[CompilerResponse
Compile succeeded.
  Determining projects to restore...
  All projects are up-to-date for restore.
D:\Code2025\RavenWork\CrossEntropyMethod\CrossEntropyMethod\CrossEntropyOptimizer.cs(18,24): warning CS8603: Possible null reference return. [D:\Code2025\RavenWork\CrossEntropyMethod\CrossEntropyMethod\CrossEntropyMethod.csproj]
D:\Code2025\RavenWork\CrossEntropyMethod\CrossEntropyMethod\CrossEntropyOptimizer.cs(115,29): warning CS8618: Non-nullable property 'Solution' must contain a non-null value when exiting constructor. Consider adding the 'required' modifier or declaring the property as nullable. [D:\Code2025\RavenWork\CrossEntropyMethod\CrossEntropyMethod\CrossEntropyMethod.csproj]
  CrossEntropyMethod -> D:\Code2025\RavenWork\CrossEntropyMethod\CrossEntropyMethod\bin\Debug\net9.0\CrossEntropyMethod.dll

Build succeeded.

D:\Code2025\RavenWork\CrossEntropyMethod\CrossEntropyMethod\CrossEntropyOptimizer.cs(18,24): warning CS8603: Possible null reference return. [D:\Code2025\RavenWork\CrossEntropyMethod\CrossEntropyMethod\CrossEntropyMethod.csproj]
D:\Code2025\RavenWork\CrossEntropyMethod\CrossEntropyMethod\CrossEntropyOptimizer.cs(115,29): warning CS8618: Non-nullable property 'Solution' must contain a non-null value when exiting constructor. Consider adding the 'required' modifier or declaring the property as nullable. [D:\Code2025\RavenWork\CrossEntropyMethod\CrossEntropyMethod\CrossEntropyMethod.csproj]
    2 Warning(s)
    0 Error(s)

Time Elapsed 00:00:00.97
]]></string>
    <string>WritePatch: Compile failed.
CrossEntropyMethod</string>
    <string>Finished WritePatch cycle step.
2025-02-23 12:16:09 PM
CrossEntropyMethod</string>
    <string>WritePatch Started CycleStep. 2025-02-23 12:16:09 PM
CrossEntropyMethod</string>
    <string>WritePatch ran compiler. 2025-02-23 12:16:48 PM
CrossEntropyMethod</string>
    <string><![CDATA[CompilerResponse
Compile succeeded.
  Determining projects to restore...
  All projects are up-to-date for restore.
  CrossEntropyMethod -> D:\Code2025\RavenWork\CrossEntropyMethod\CrossEntropyMethod\bin\Debug\net9.0\CrossEntropyMethod.dll

Build succeeded.
    0 Warning(s)
    0 Error(s)

Time Elapsed 00:00:00.93
]]></string>
    <string>WritePatch: Code is Complete.
CrossEntropyMethod</string>
    <string>WritePatch Started CycleStep. 2025-02-23 12:17:45 PM
CrossEntropyMethodTest</string>
    <string>WritePatch ran compiler. 2025-02-23 12:18:51 PM
CrossEntropyMethodTest</string>
    <string><![CDATA[CompilerResponse
Compile succeeded.
  Determining projects to restore...
  Restored D:\Code2025\RavenWork\CrossEntropyMethod\CrossEntropyMethodTest\CrossEntropyMethodTest.csproj (in 250 ms).
  1 of 2 projects are up-to-date for restore.
  CrossEntropyMethod -> D:\Code2025\RavenWork\CrossEntropyMethod\CrossEntropyMethod\bin\Debug\net9.0\CrossEntropyMethod.dll
D:\Code2025\RavenWork\CrossEntropyMethod\CrossEntropyMethodTest\CrossEntropyOptimizerTests.cs(77,52): warning CS8625: Cannot convert null literal to non-nullable reference type. [D:\Code2025\RavenWork\CrossEntropyMethod\CrossEntropyMethodTest\CrossEntropyMethodTest.csproj]
D:\Code2025\RavenWork\CrossEntropyMethod\CrossEntropyMethodTest\CrossEntropyOptimizerTests.cs(90,68): warning CS8625: Cannot convert null literal to non-nullable reference type. [D:\Code2025\RavenWork\CrossEntropyMethod\CrossEntropyMethodTest\CrossEntropyMethodTest.csproj]
  CrossEntropyMethodTest -> D:\Code2025\RavenWork\CrossEntropyMethod\CrossEntropyMethodTest\bin\Debug\net9.0\CrossEntropyMethodTest.dll

Build succeeded.

D:\Code2025\RavenWork\CrossEntropyMethod\CrossEntropyMethodTest\CrossEntropyOptimizerTests.cs(77,52): warning CS8625: Cannot convert null literal to non-nullable reference type. [D:\Code2025\RavenWork\CrossEntropyMethod\CrossEntropyMethodTest\CrossEntropyMethodTest.csproj]
D:\Code2025\RavenWork\CrossEntropyMethod\CrossEntropyMethodTest\CrossEntropyOptimizerTests.cs(90,68): warning CS8625: Cannot convert null literal to non-nullable reference type. [D:\Code2025\RavenWork\CrossEntropyMethod\CrossEntropyMethodTest\CrossEntropyMethodTest.csproj]
    2 Warning(s)
    0 Error(s)

Time Elapsed 00:00:01.72
]]></string>
    <string>WritePatch: Compile failed.
CrossEntropyMethodTest</string>
    <string>Finished WritePatch cycle step.
2025-02-23 12:19:35 PM
CrossEntropyMethodTest</string>
    <string>WritePatch Started CycleStep. 2025-02-23 12:19:49 PM
CrossEntropyMethodTest</string>
    <string>WritePatch ran compiler. 2025-02-23 12:22:12 PM
CrossEntropyMethodTest</string>
    <string><![CDATA[CompilerResponse
Compile succeeded.
  Determining projects to restore...
  All projects are up-to-date for restore.
  CrossEntropyMethod -> D:\Code2025\RavenWork\CrossEntropyMethod\CrossEntropyMethod\bin\Debug\net9.0\CrossEntropyMethod.dll
D:\Code2025\RavenWork\CrossEntropyMethod\CrossEntropyMethodTest\CrossEntropyOptimizerTests.cs(77,52): warning CS8625: Cannot convert null literal to non-nullable reference type. [D:\Code2025\RavenWork\CrossEntropyMethod\CrossEntropyMethodTest\CrossEntropyMethodTest.csproj]
D:\Code2025\RavenWork\CrossEntropyMethod\CrossEntropyMethodTest\CrossEntropyOptimizerTests.cs(90,68): warning CS8625: Cannot convert null literal to non-nullable reference type. [D:\Code2025\RavenWork\CrossEntropyMethod\CrossEntropyMethodTest\CrossEntropyMethodTest.csproj]
D:\Code2025\RavenWork\CrossEntropyMethod\CrossEntropyMethodTest\CrossEntropyOptimizerTests.cs(139,81): warning CS8625: Cannot convert null literal to non-nullable reference type. [D:\Code2025\RavenWork\CrossEntropyMethod\CrossEntropyMethodTest\CrossEntropyMethodTest.csproj]
  CrossEntropyMethodTest -> D:\Code2025\RavenWork\CrossEntropyMethod\CrossEntropyMethodTest\bin\Debug\net9.0\CrossEntropyMethodTest.dll

Build succeeded.

D:\Code2025\RavenWork\CrossEntropyMethod\CrossEntropyMethodTest\CrossEntropyOptimizerTests.cs(77,52): warning CS8625: Cannot convert null literal to non-nullable reference type. [D:\Code2025\RavenWork\CrossEntropyMethod\CrossEntropyMethodTest\CrossEntropyMethodTest.csproj]
D:\Code2025\RavenWork\CrossEntropyMethod\CrossEntropyMethodTest\CrossEntropyOptimizerTests.cs(90,68): warning CS8625: Cannot convert null literal to non-nullable reference type. [D:\Code2025\RavenWork\CrossEntropyMethod\CrossEntropyMethodTest\CrossEntropyMethodTest.csproj]
D:\Code2025\RavenWork\CrossEntropyMethod\CrossEntropyMethodTest\CrossEntropyOptimizerTests.cs(139,81): warning CS8625: Cannot convert null literal to non-nullable reference type. [D:\Code2025\RavenWork\CrossEntropyMethod\CrossEntropyMethodTest\CrossEntropyMethodTest.csproj]
    3 Warning(s)
    0 Error(s)

Time Elapsed 00:00:01.33
]]></string>
    <string>WritePatch: Compile failed.
CrossEntropyMethodTest</string>
    <string>Finished WritePatch cycle step.
2025-02-23 12:23:19 PM
CrossEntropyMethodTest</string>
    <string>WritePatch Started CycleStep. 2025-02-23 12:23:43 PM
CrossEntropyMethodTest</string>
    <string>Exception: The request was canceled due to the configured HttpClient.Timeout of 200 seconds elapsing.</string>
    <string><![CDATA[WritePatch completed but failed. MaxPasses reached.
<FolderPath>
D:\Code2025\RavenWork\CrossEntropyMethod\CrossEntropyMethodTest
</FolderPath>
<CompilerResponse>
CompilerResponse
Compile succeeded.
  Determining projects to restore...
  All projects are up-to-date for restore.
  CrossEntropyMethod -> D:\Code2025\RavenWork\CrossEntropyMethod\CrossEntropyMethod\bin\Debug\net9.0\CrossEntropyMethod.dll
D:\Code2025\RavenWork\CrossEntropyMethod\CrossEntropyMethodTest\CrossEntropyOptimizerTests.cs(77,52): warning CS8625: Cannot convert null literal to non-nullable reference type. [D:\Code2025\RavenWork\CrossEntropyMethod\CrossEntropyMethodTest\CrossEntropyMethodTest.csproj]
D:\Code2025\RavenWork\CrossEntropyMethod\CrossEntropyMethodTest\CrossEntropyOptimizerTests.cs(90,68): warning CS8625: Cannot convert null literal to non-nullable reference type. [D:\Code2025\RavenWork\CrossEntropyMethod\CrossEntropyMethodTest\CrossEntropyMethodTest.csproj]
D:\Code2025\RavenWork\CrossEntropyMethod\CrossEntropyMethodTest\CrossEntropyOptimizerTests.cs(139,81): warning CS8625: Cannot convert null literal to non-nullable reference type. [D:\Code2025\RavenWork\CrossEntropyMethod\CrossEntropyMethodTest\CrossEntropyMethodTest.csproj]
  CrossEntropyMethodTest -> D:\Code2025\RavenWork\CrossEntropyMethod\CrossEntropyMethodTest\bin\Debug\net9.0\CrossEntropyMethodTest.dll

Build succeeded.

D:\Code2025\RavenWork\CrossEntropyMethod\CrossEntropyMethodTest\CrossEntropyOptimizerTests.cs(77,52): warning CS8625: Cannot convert null literal to non-nullable reference type. [D:\Code2025\RavenWork\CrossEntropyMethod\CrossEntropyMethodTest\CrossEntropyMethodTest.csproj]
D:\Code2025\RavenWork\CrossEntropyMethod\CrossEntropyMethodTest\CrossEntropyOptimizerTests.cs(90,68): warning CS8625: Cannot convert null literal to non-nullable reference type. [D:\Code2025\RavenWork\CrossEntropyMethod\CrossEntropyMethodTest\CrossEntropyMethodTest.csproj]
D:\Code2025\RavenWork\CrossEntropyMethod\CrossEntropyMethodTest\CrossEntropyOptimizerTests.cs(139,81): warning CS8625: Cannot convert null literal to non-nullable reference type. [D:\Code2025\RavenWork\CrossEntropyMethod\CrossEntropyMethodTest\CrossEntropyMethodTest.csproj]
    3 Warning(s)
    0 Error(s)

Time Elapsed 00:00:01.33

</CompilerResponse>
2025-02-23 12:27:26 PM
CrossEntropyMethodTest]]></string>
    <string>WritePatch ran compiler. 2025-02-23 12:27:50 PM
CrossEntropyMethod</string>
    <string><![CDATA[CompilerResponse
Compile succeeded.
  Determining projects to restore...
  All projects are up-to-date for restore.
  CrossEntropyMethod -> D:\Code2025\RavenWork\CrossEntropyMethod\CrossEntropyMethod\bin\Debug\net9.0\CrossEntropyMethod.dll

Build succeeded.
    0 Warning(s)
    0 Error(s)

Time Elapsed 00:00:00.82
]]></string>
    <string>WritePatch: Code is Complete.
CrossEntropyMethod</string>
    <string>WritePatch ran compiler. 2025-02-23 12:29:37 PM
CrossEntropyMethodTest</string>
    <string><![CDATA[CompilerResponse
Compile succeeded.
  Determining projects to restore...
  All projects are up-to-date for restore.
  CrossEntropyMethod -> D:\Code2025\RavenWork\CrossEntropyMethod\CrossEntropyMethod\bin\Debug\net9.0\CrossEntropyMethod.dll
  CrossEntropyMethodTest -> D:\Code2025\RavenWork\CrossEntropyMethod\CrossEntropyMethodTest\bin\Debug\net9.0\CrossEntropyMethodTest.dll

Build succeeded.
    0 Warning(s)
    0 Error(s)

Time Elapsed 00:00:01.11
]]></string>
    <string>WritePatch: Code is Complete.
CrossEntropyMethodTest</string>
    <string>[INFO 2025-02-23 12:31:50 PM] Starting test for project: D:\Code2025\RavenWork\CrossEntropyMethod\CrossEntropyMethodTest\CrossEntropyMethodTest.csproj</string>
    <string>[INFO 2025-02-23 12:31:50 PM] Starting test for project: D:\Code2025\RavenWork\CrossEntropyMethod\CrossEntropyMethodTest\CrossEntropyMethodTest.csproj</string>
    <string>[INFO 2025-02-23 12:31:50 PM] Starting test for project: D:\Code2025\RavenWork\CrossEntropyMethod\CrossEntropyMethodTest\CrossEntropyMethodTest.csproj</string>
    <string><![CDATA[TestResult:
[SUCCESS 2025-02-23 12:32:03 PM] All tests passed successfully.
[INFO 2025-02-23 12:32:03 PM] Test process completed. Duration: 12.46 seconds.
[INFO 2025-02-23 12:32:03 PM] Process exited with code 0.
[OUTPUT 2025-02-23 12:32:00 PM]   Determining projects to restore...
[INFO 2025-02-23 12:31:50 PM] Command: dotnet test "D:\Code2025\RavenWork\CrossEntropyMethod\CrossEntropyMethodTest\CrossEntropyMethodTest.csproj" --logger:"console;verbosity=detailed" --results-directory "TestResults"
[INFO 2025-02-23 12:31:50 PM] Starting test for project: D:\Code2025\RavenWork\CrossEntropyMethod\CrossEntropyMethodTest\CrossEntropyMethodTest.csproj]]></string>
    <string>Test succeeded!!!</string>
  </Logs>
  <ActResult><![CDATA[WritePatch Started CycleStep. 2025-02-23 12:15:22 PM
CrossEntropyMethod

WritePatch ran compiler. 2025-02-23 12:16:08 PM
CrossEntropyMethod

CompilerResponse
Compile succeeded.
  Determining projects to restore...
  All projects are up-to-date for restore.
D:\Code2025\RavenWork\CrossEntropyMethod\CrossEntropyMethod\CrossEntropyOptimizer.cs(18,24): warning CS8603: Possible null reference return. [D:\Code2025\RavenWork\CrossEntropyMethod\CrossEntropyMethod\CrossEntropyMethod.csproj]
D:\Code2025\RavenWork\CrossEntropyMethod\CrossEntropyMethod\CrossEntropyOptimizer.cs(115,29): warning CS8618: Non-nullable property 'Solution' must contain a non-null value when exiting constructor. Consider adding the 'required' modifier or declaring the property as nullable. [D:\Code2025\RavenWork\CrossEntropyMethod\CrossEntropyMethod\CrossEntropyMethod.csproj]
  CrossEntropyMethod -> D:\Code2025\RavenWork\CrossEntropyMethod\CrossEntropyMethod\bin\Debug\net9.0\CrossEntropyMethod.dll

Build succeeded.

D:\Code2025\RavenWork\CrossEntropyMethod\CrossEntropyMethod\CrossEntropyOptimizer.cs(18,24): warning CS8603: Possible null reference return. [D:\Code2025\RavenWork\CrossEntropyMethod\CrossEntropyMethod\CrossEntropyMethod.csproj]
D:\Code2025\RavenWork\CrossEntropyMethod\CrossEntropyMethod\CrossEntropyOptimizer.cs(115,29): warning CS8618: Non-nullable property 'Solution' must contain a non-null value when exiting constructor. Consider adding the 'required' modifier or declaring the property as nullable. [D:\Code2025\RavenWork\CrossEntropyMethod\CrossEntropyMethod\CrossEntropyMethod.csproj]
    2 Warning(s)
    0 Error(s)

Time Elapsed 00:00:00.97


WritePatch: Compile failed.
CrossEntropyMethod

Finished WritePatch cycle step.
2025-02-23 12:16:09 PM
CrossEntropyMethod

WritePatch Started CycleStep. 2025-02-23 12:16:09 PM
CrossEntropyMethod

WritePatch ran compiler. 2025-02-23 12:16:48 PM
CrossEntropyMethod

CompilerResponse
Compile succeeded.
  Determining projects to restore...
  All projects are up-to-date for restore.
  CrossEntropyMethod -> D:\Code2025\RavenWork\CrossEntropyMethod\CrossEntropyMethod\bin\Debug\net9.0\CrossEntropyMethod.dll

Build succeeded.
    0 Warning(s)
    0 Error(s)

Time Elapsed 00:00:00.93


WritePatch: Code is Complete.
CrossEntropyMethod

WritePatch Started CycleStep. 2025-02-23 12:17:45 PM
CrossEntropyMethodTest

WritePatch ran compiler. 2025-02-23 12:18:51 PM
CrossEntropyMethodTest

CompilerResponse
Compile succeeded.
  Determining projects to restore...
  Restored D:\Code2025\RavenWork\CrossEntropyMethod\CrossEntropyMethodTest\CrossEntropyMethodTest.csproj (in 250 ms).
  1 of 2 projects are up-to-date for restore.
  CrossEntropyMethod -> D:\Code2025\RavenWork\CrossEntropyMethod\CrossEntropyMethod\bin\Debug\net9.0\CrossEntropyMethod.dll
D:\Code2025\RavenWork\CrossEntropyMethod\CrossEntropyMethodTest\CrossEntropyOptimizerTests.cs(77,52): warning CS8625: Cannot convert null literal to non-nullable reference type. [D:\Code2025\RavenWork\CrossEntropyMethod\CrossEntropyMethodTest\CrossEntropyMethodTest.csproj]
D:\Code2025\RavenWork\CrossEntropyMethod\CrossEntropyMethodTest\CrossEntropyOptimizerTests.cs(90,68): warning CS8625: Cannot convert null literal to non-nullable reference type. [D:\Code2025\RavenWork\CrossEntropyMethod\CrossEntropyMethodTest\CrossEntropyMethodTest.csproj]
  CrossEntropyMethodTest -> D:\Code2025\RavenWork\CrossEntropyMethod\CrossEntropyMethodTest\bin\Debug\net9.0\CrossEntropyMethodTest.dll

Build succeeded.

D:\Code2025\RavenWork\CrossEntropyMethod\CrossEntropyMethodTest\CrossEntropyOptimizerTests.cs(77,52): warning CS8625: Cannot convert null literal to non-nullable reference type. [D:\Code2025\RavenWork\CrossEntropyMethod\CrossEntropyMethodTest\CrossEntropyMethodTest.csproj]
D:\Code2025\RavenWork\CrossEntropyMethod\CrossEntropyMethodTest\CrossEntropyOptimizerTests.cs(90,68): warning CS8625: Cannot convert null literal to non-nullable reference type. [D:\Code2025\RavenWork\CrossEntropyMethod\CrossEntropyMethodTest\CrossEntropyMethodTest.csproj]
    2 Warning(s)
    0 Error(s)

Time Elapsed 00:00:01.72


WritePatch: Compile failed.
CrossEntropyMethodTest

Finished WritePatch cycle step.
2025-02-23 12:19:35 PM
CrossEntropyMethodTest

WritePatch Started CycleStep. 2025-02-23 12:19:49 PM
CrossEntropyMethodTest

WritePatch ran compiler. 2025-02-23 12:22:12 PM
CrossEntropyMethodTest

CompilerResponse
Compile succeeded.
  Determining projects to restore...
  All projects are up-to-date for restore.
  CrossEntropyMethod -> D:\Code2025\RavenWork\CrossEntropyMethod\CrossEntropyMethod\bin\Debug\net9.0\CrossEntropyMethod.dll
D:\Code2025\RavenWork\CrossEntropyMethod\CrossEntropyMethodTest\CrossEntropyOptimizerTests.cs(77,52): warning CS8625: Cannot convert null literal to non-nullable reference type. [D:\Code2025\RavenWork\CrossEntropyMethod\CrossEntropyMethodTest\CrossEntropyMethodTest.csproj]
D:\Code2025\RavenWork\CrossEntropyMethod\CrossEntropyMethodTest\CrossEntropyOptimizerTests.cs(90,68): warning CS8625: Cannot convert null literal to non-nullable reference type. [D:\Code2025\RavenWork\CrossEntropyMethod\CrossEntropyMethodTest\CrossEntropyMethodTest.csproj]
D:\Code2025\RavenWork\CrossEntropyMethod\CrossEntropyMethodTest\CrossEntropyOptimizerTests.cs(139,81): warning CS8625: Cannot convert null literal to non-nullable reference type. [D:\Code2025\RavenWork\CrossEntropyMethod\CrossEntropyMethodTest\CrossEntropyMethodTest.csproj]
  CrossEntropyMethodTest -> D:\Code2025\RavenWork\CrossEntropyMethod\CrossEntropyMethodTest\bin\Debug\net9.0\CrossEntropyMethodTest.dll

Build succeeded.

D:\Code2025\RavenWork\CrossEntropyMethod\CrossEntropyMethodTest\CrossEntropyOptimizerTests.cs(77,52): warning CS8625: Cannot convert null literal to non-nullable reference type. [D:\Code2025\RavenWork\CrossEntropyMethod\CrossEntropyMethodTest\CrossEntropyMethodTest.csproj]
D:\Code2025\RavenWork\CrossEntropyMethod\CrossEntropyMethodTest\CrossEntropyOptimizerTests.cs(90,68): warning CS8625: Cannot convert null literal to non-nullable reference type. [D:\Code2025\RavenWork\CrossEntropyMethod\CrossEntropyMethodTest\CrossEntropyMethodTest.csproj]
D:\Code2025\RavenWork\CrossEntropyMethod\CrossEntropyMethodTest\CrossEntropyOptimizerTests.cs(139,81): warning CS8625: Cannot convert null literal to non-nullable reference type. [D:\Code2025\RavenWork\CrossEntropyMethod\CrossEntropyMethodTest\CrossEntropyMethodTest.csproj]
    3 Warning(s)
    0 Error(s)

Time Elapsed 00:00:01.33


WritePatch: Compile failed.
CrossEntropyMethodTest

Finished WritePatch cycle step.
2025-02-23 12:23:19 PM
CrossEntropyMethodTest

WritePatch Started CycleStep. 2025-02-23 12:23:43 PM
CrossEntropyMethodTest

Exception: The request was canceled due to the configured HttpClient.Timeout of 200 seconds elapsing.

WritePatch completed but failed. MaxPasses reached.
<FolderPath>
D:\Code2025\RavenWork\CrossEntropyMethod\CrossEntropyMethodTest
</FolderPath>
<CompilerResponse>
CompilerResponse
Compile succeeded.
  Determining projects to restore...
  All projects are up-to-date for restore.
  CrossEntropyMethod -> D:\Code2025\RavenWork\CrossEntropyMethod\CrossEntropyMethod\bin\Debug\net9.0\CrossEntropyMethod.dll
D:\Code2025\RavenWork\CrossEntropyMethod\CrossEntropyMethodTest\CrossEntropyOptimizerTests.cs(77,52): warning CS8625: Cannot convert null literal to non-nullable reference type. [D:\Code2025\RavenWork\CrossEntropyMethod\CrossEntropyMethodTest\CrossEntropyMethodTest.csproj]
D:\Code2025\RavenWork\CrossEntropyMethod\CrossEntropyMethodTest\CrossEntropyOptimizerTests.cs(90,68): warning CS8625: Cannot convert null literal to non-nullable reference type. [D:\Code2025\RavenWork\CrossEntropyMethod\CrossEntropyMethodTest\CrossEntropyMethodTest.csproj]
D:\Code2025\RavenWork\CrossEntropyMethod\CrossEntropyMethodTest\CrossEntropyOptimizerTests.cs(139,81): warning CS8625: Cannot convert null literal to non-nullable reference type. [D:\Code2025\RavenWork\CrossEntropyMethod\CrossEntropyMethodTest\CrossEntropyMethodTest.csproj]
  CrossEntropyMethodTest -> D:\Code2025\RavenWork\CrossEntropyMethod\CrossEntropyMethodTest\bin\Debug\net9.0\CrossEntropyMethodTest.dll

Build succeeded.

D:\Code2025\RavenWork\CrossEntropyMethod\CrossEntropyMethodTest\CrossEntropyOptimizerTests.cs(77,52): warning CS8625: Cannot convert null literal to non-nullable reference type. [D:\Code2025\RavenWork\CrossEntropyMethod\CrossEntropyMethodTest\CrossEntropyMethodTest.csproj]
D:\Code2025\RavenWork\CrossEntropyMethod\CrossEntropyMethodTest\CrossEntropyOptimizerTests.cs(90,68): warning CS8625: Cannot convert null literal to non-nullable reference type. [D:\Code2025\RavenWork\CrossEntropyMethod\CrossEntropyMethodTest\CrossEntropyMethodTest.csproj]
D:\Code2025\RavenWork\CrossEntropyMethod\CrossEntropyMethodTest\CrossEntropyOptimizerTests.cs(139,81): warning CS8625: Cannot convert null literal to non-nullable reference type. [D:\Code2025\RavenWork\CrossEntropyMethod\CrossEntropyMethodTest\CrossEntropyMethodTest.csproj]
    3 Warning(s)
    0 Error(s)

Time Elapsed 00:00:01.33

</CompilerResponse>
2025-02-23 12:27:26 PM
CrossEntropyMethodTest

WritePatch ran compiler. 2025-02-23 12:27:50 PM
CrossEntropyMethod

CompilerResponse
Compile succeeded.
  Determining projects to restore...
  All projects are up-to-date for restore.
  CrossEntropyMethod -> D:\Code2025\RavenWork\CrossEntropyMethod\CrossEntropyMethod\bin\Debug\net9.0\CrossEntropyMethod.dll

Build succeeded.
    0 Warning(s)
    0 Error(s)

Time Elapsed 00:00:00.82


WritePatch: Code is Complete.
CrossEntropyMethod

WritePatch ran compiler. 2025-02-23 12:29:37 PM
CrossEntropyMethodTest

CompilerResponse
Compile succeeded.
  Determining projects to restore...
  All projects are up-to-date for restore.
  CrossEntropyMethod -> D:\Code2025\RavenWork\CrossEntropyMethod\CrossEntropyMethod\bin\Debug\net9.0\CrossEntropyMethod.dll
  CrossEntropyMethodTest -> D:\Code2025\RavenWork\CrossEntropyMethod\CrossEntropyMethodTest\bin\Debug\net9.0\CrossEntropyMethodTest.dll

Build succeeded.
    0 Warning(s)
    0 Error(s)

Time Elapsed 00:00:01.11


WritePatch: Code is Complete.
CrossEntropyMethodTest

TestResult:
[SUCCESS 2025-02-23 12:32:03 PM] All tests passed successfully.
[INFO 2025-02-23 12:32:03 PM] Test process completed. Duration: 12.46 seconds.
[INFO 2025-02-23 12:32:03 PM] Process exited with code 0.
[OUTPUT 2025-02-23 12:32:00 PM]   Determining projects to restore...
[INFO 2025-02-23 12:31:50 PM] Command: dotnet test "D:\Code2025\RavenWork\CrossEntropyMethod\CrossEntropyMethodTest\CrossEntropyMethodTest.csproj" --logger:"console;verbosity=detailed" --results-directory "TestResults"
[INFO 2025-02-23 12:31:50 PM] Starting test for project: D:\Code2025\RavenWork\CrossEntropyMethod\CrossEntropyMethodTest\CrossEntropyMethodTest.csproj

Test succeeded!!!]]></ActResult>
</ActRecord>