<ActRecord>
  <ProjectName>Whirlpool</ProjectName>
  <ProjectDescription>WHIRLPOOL</ProjectDescription>
  <XMLSpecification><![CDATA[<WriteAndTestPatchSpecification>
  <WriteSpecification>WHIRLPOOL</WriteSpecification>
  <TestSpecification>Write through unit tests.</TestSpecification>
  <SolutionFolderPath>D:\Code2025\RavenWork\Whirlpool</SolutionFolderPath>
  <ProjectFolderName>Whirlpool</ProjectFolderName>
  <ProjectName>Whirlpool</ProjectName>
  <ProjectType>CSharp ClassLibrary</ProjectType>
  <WriteMaxPasses>3</WriteMaxPasses>
  <TestMaxPasses>3</TestMaxPasses>
  <WriteAndTestMaxPasses>5</WriteAndTestMaxPasses>
  <Errors />
  <ContextPaths />
</WriteAndTestPatchSpecification>]]></XMLSpecification>
  <Logs>
    <string>WritePatch Started CycleStep. 2025-02-23 3:52:25 PM
Whirlpool</string>
    <string>Exception: The request was canceled due to the configured HttpClient.Timeout of 200 seconds elapsing.</string>
    <string>WritePatch Started CycleStep. 2025-02-23 3:55:46 PM
Whirlpool</string>
    <string>WritePatch ran compiler. 2025-02-23 3:57:18 PM
Whirlpool</string>
    <string><![CDATA[CompilerResponse
Compile succeeded.
  Determining projects to restore...
  All projects are up-to-date for restore.
  Whirlpool -> D:\Code2025\RavenWork\Whirlpool\Whirlpool\bin\Debug\net9.0\Whirlpool.dll

Build succeeded.
    0 Warning(s)
    0 Error(s)

Time Elapsed 00:00:01.82
]]></string>
    <string>WritePatch: Code is not Complete.
Whirlpool</string>
    <string>Finished WritePatch cycle step.
2025-02-23 3:57:37 PM
Whirlpool</string>
    <string>WritePatch Started CycleStep. 2025-02-23 3:57:37 PM
Whirlpool</string>
    <string>WritePatch ran compiler. 2025-02-23 3:59:41 PM
Whirlpool</string>
    <string><![CDATA[CompilerResponse
Compile succeeded.
  Determining projects to restore...
  All projects are up-to-date for restore.
  Whirlpool -> D:\Code2025\RavenWork\Whirlpool\Whirlpool\bin\Debug\net9.0\Whirlpool.dll

Build succeeded.
    0 Warning(s)
    0 Error(s)

Time Elapsed 00:00:02.25
]]></string>
    <string>WritePatch: Code is Complete.
Whirlpool</string>
    <string>WritePatch Started CycleStep. 2025-02-23 4:00:03 PM
WhirlpoolTest</string>
    <string>WritePatch ran compiler. 2025-02-23 4:00:55 PM
WhirlpoolTest</string>
    <string><![CDATA[CompilerResponse
Compile succeeded.
  Determining projects to restore...
  Restored D:\Code2025\RavenWork\Whirlpool\WhirlpoolTest\WhirlpoolTest.csproj (in 490 ms).
  1 of 2 projects are up-to-date for restore.
  Whirlpool -> D:\Code2025\RavenWork\Whirlpool\Whirlpool\bin\Debug\net9.0\Whirlpool.dll
D:\Code2025\RavenWork\Whirlpool\WhirlpoolTest\WhirlpoolUnitTests.cs(60,38): warning CS8600: Converting null literal or possible null value to non-nullable type. [D:\Code2025\RavenWork\Whirlpool\WhirlpoolTest\WhirlpoolTest.csproj]
  WhirlpoolTest -> D:\Code2025\RavenWork\Whirlpool\WhirlpoolTest\bin\Debug\net9.0\WhirlpoolTest.dll

Build succeeded.

D:\Code2025\RavenWork\Whirlpool\WhirlpoolTest\WhirlpoolUnitTests.cs(60,38): warning CS8600: Converting null literal or possible null value to non-nullable type. [D:\Code2025\RavenWork\Whirlpool\WhirlpoolTest\WhirlpoolTest.csproj]
    1 Warning(s)
    0 Error(s)

Time Elapsed 00:00:04.40
]]></string>
    <string>WritePatch: Compile failed.
WhirlpoolTest</string>
    <string>Finished WritePatch cycle step.
2025-02-23 4:00:57 PM
WhirlpoolTest</string>
    <string>WritePatch Started CycleStep. 2025-02-23 4:00:57 PM
WhirlpoolTest</string>
    <string>WritePatch ran compiler. 2025-02-23 4:01:43 PM
WhirlpoolTest</string>
    <string><![CDATA[CompilerResponse
Compile succeeded.
  Determining projects to restore...
  All projects are up-to-date for restore.
  Whirlpool -> D:\Code2025\RavenWork\Whirlpool\Whirlpool\bin\Debug\net9.0\Whirlpool.dll
  WhirlpoolTest -> D:\Code2025\RavenWork\Whirlpool\WhirlpoolTest\bin\Debug\net9.0\WhirlpoolTest.dll

Build succeeded.
    0 Warning(s)
    0 Error(s)

Time Elapsed 00:00:02.10
]]></string>
    <string>WritePatch: Code is Complete.
WhirlpoolTest</string>
    <string>[INFO 2025-02-23 4:02:43 PM] Starting test for project: D:\Code2025\RavenWork\Whirlpool\WhirlpoolTest\WhirlpoolTest.csproj</string>
    <string>[INFO 2025-02-23 4:02:43 PM] Starting test for project: D:\Code2025\RavenWork\Whirlpool\WhirlpoolTest\WhirlpoolTest.csproj</string>
    <string>[INFO 2025-02-23 4:02:43 PM] Starting test for project: D:\Code2025\RavenWork\Whirlpool\WhirlpoolTest\WhirlpoolTest.csproj</string>
    <string>[INFO 2025-02-23 4:02:43 PM] Starting test for project: D:\Code2025\RavenWork\Whirlpool\WhirlpoolTest\WhirlpoolTest.csproj</string>
    <string>[INFO 2025-02-23 4:02:43 PM] Starting test for project: D:\Code2025\RavenWork\Whirlpool\WhirlpoolTest\WhirlpoolTest.csproj</string>
    <string>[INFO 2025-02-23 4:02:43 PM] Starting test for project: D:\Code2025\RavenWork\Whirlpool\WhirlpoolTest\WhirlpoolTest.csproj</string>
    <string>[INFO 2025-02-23 4:02:43 PM] Starting test for project: D:\Code2025\RavenWork\Whirlpool\WhirlpoolTest\WhirlpoolTest.csproj</string>
    <string>[INFO 2025-02-23 4:02:43 PM] Starting test for project: D:\Code2025\RavenWork\Whirlpool\WhirlpoolTest\WhirlpoolTest.csproj</string>
    <string>[INFO 2025-02-23 4:02:43 PM] Starting test for project: D:\Code2025\RavenWork\Whirlpool\WhirlpoolTest\WhirlpoolTest.csproj</string>
    <string>[INFO 2025-02-23 4:02:43 PM] Starting test for project: D:\Code2025\RavenWork\Whirlpool\WhirlpoolTest\WhirlpoolTest.csproj</string>
    <string>[INFO 2025-02-23 4:02:43 PM] Starting test for project: D:\Code2025\RavenWork\Whirlpool\WhirlpoolTest\WhirlpoolTest.csproj</string>
    <string>[INFO 2025-02-23 4:02:43 PM] Starting test for project: D:\Code2025\RavenWork\Whirlpool\WhirlpoolTest\WhirlpoolTest.csproj</string>
    <string>[INFO 2025-02-23 4:02:43 PM] Starting test for project: D:\Code2025\RavenWork\Whirlpool\WhirlpoolTest\WhirlpoolTest.csproj</string>
    <string>[INFO 2025-02-23 4:02:43 PM] Starting test for project: D:\Code2025\RavenWork\Whirlpool\WhirlpoolTest\WhirlpoolTest.csproj</string>
    <string><![CDATA[TestResult:
[SUCCESS 2025-02-23 4:02:51 PM] All tests passed successfully.
[INFO 2025-02-23 4:02:51 PM] Test process completed. Duration: 7.38 seconds.
[INFO 2025-02-23 4:02:51 PM] Process exited with code 0.
[OUTPUT 2025-02-23 4:02:51 PM]   Passed TestEmptyInput [12 ms]
[OUTPUT 2025-02-23 4:02:47 PM] VSTest version 17.12.0 (x64)
[OUTPUT 2025-02-23 4:02:46 PM] Test run for D:\Code2025\RavenWork\Whirlpool\WhirlpoolTest\bin\Debug\net9.0\WhirlpoolTest.dll (.NETCoreApp,Version=v9.0)
[OUTPUT 2025-02-23 4:02:45 PM]   Whirlpool -> D:\Code2025\RavenWork\Whirlpool\Whirlpool\bin\Debug\net9.0\Whirlpool.dll
[OUTPUT 2025-02-23 4:02:44 PM]   Determining projects to restore...
[OUTPUT 2025-02-23 4:02:50 PM]   Passed TestConsistency [12 ms]
[OUTPUT 2025-02-23 4:02:50 PM] Test Parallelization enabled for D:\Code2025\RavenWork\Whirlpool\WhirlpoolTest\bin\Debug\net9.0\WhirlpoolTest.dll (Workers: 16, Scope: MethodLevel)
[OUTPUT 2025-02-23 4:02:48 PM] D:\Code2025\RavenWork\Whirlpool\WhirlpoolTest\bin\Debug\net9.0\WhirlpoolTest.dll
[OUTPUT 2025-02-23 4:02:47 PM] A total of 1 test files matched the specified pattern.
[OUTPUT 2025-02-23 4:02:47 PM] Starting test execution, please wait...
[OUTPUT 2025-02-23 4:02:46 PM]   WhirlpoolTest -> D:\Code2025\RavenWork\Whirlpool\WhirlpoolTest\bin\Debug\net9.0\WhirlpoolTest.dll
[OUTPUT 2025-02-23 4:02:45 PM]   All projects are up-to-date for restore.
[INFO 2025-02-23 4:02:43 PM] Command: dotnet test "D:\Code2025\RavenWork\Whirlpool\WhirlpoolTest\WhirlpoolTest.csproj" --logger:"console;verbosity=detailed" --results-directory "TestResults"
[INFO 2025-02-23 4:02:43 PM] Starting test for project: D:\Code2025\RavenWork\Whirlpool\WhirlpoolTest\WhirlpoolTest.csproj]]></string>
    <string>Test succeeded!!!</string>
  </Logs>
  <ActResult><![CDATA[WritePatch Started CycleStep. 2025-02-23 3:52:25 PM
Whirlpool

Exception: The request was canceled due to the configured HttpClient.Timeout of 200 seconds elapsing.

WritePatch Started CycleStep. 2025-02-23 3:55:46 PM
Whirlpool

WritePatch ran compiler. 2025-02-23 3:57:18 PM
Whirlpool

CompilerResponse
Compile succeeded.
  Determining projects to restore...
  All projects are up-to-date for restore.
  Whirlpool -> D:\Code2025\RavenWork\Whirlpool\Whirlpool\bin\Debug\net9.0\Whirlpool.dll

Build succeeded.
    0 Warning(s)
    0 Error(s)

Time Elapsed 00:00:01.82


WritePatch: Code is not Complete.
Whirlpool

Finished WritePatch cycle step.
2025-02-23 3:57:37 PM
Whirlpool

WritePatch Started CycleStep. 2025-02-23 3:57:37 PM
Whirlpool

WritePatch ran compiler. 2025-02-23 3:59:41 PM
Whirlpool

CompilerResponse
Compile succeeded.
  Determining projects to restore...
  All projects are up-to-date for restore.
  Whirlpool -> D:\Code2025\RavenWork\Whirlpool\Whirlpool\bin\Debug\net9.0\Whirlpool.dll

Build succeeded.
    0 Warning(s)
    0 Error(s)

Time Elapsed 00:00:02.25


WritePatch: Code is Complete.
Whirlpool

WritePatch Started CycleStep. 2025-02-23 4:00:03 PM
WhirlpoolTest

WritePatch ran compiler. 2025-02-23 4:00:55 PM
WhirlpoolTest

CompilerResponse
Compile succeeded.
  Determining projects to restore...
  Restored D:\Code2025\RavenWork\Whirlpool\WhirlpoolTest\WhirlpoolTest.csproj (in 490 ms).
  1 of 2 projects are up-to-date for restore.
  Whirlpool -> D:\Code2025\RavenWork\Whirlpool\Whirlpool\bin\Debug\net9.0\Whirlpool.dll
D:\Code2025\RavenWork\Whirlpool\WhirlpoolTest\WhirlpoolUnitTests.cs(60,38): warning CS8600: Converting null literal or possible null value to non-nullable type. [D:\Code2025\RavenWork\Whirlpool\WhirlpoolTest\WhirlpoolTest.csproj]
  WhirlpoolTest -> D:\Code2025\RavenWork\Whirlpool\WhirlpoolTest\bin\Debug\net9.0\WhirlpoolTest.dll

Build succeeded.

D:\Code2025\RavenWork\Whirlpool\WhirlpoolTest\WhirlpoolUnitTests.cs(60,38): warning CS8600: Converting null literal or possible null value to non-nullable type. [D:\Code2025\RavenWork\Whirlpool\WhirlpoolTest\WhirlpoolTest.csproj]
    1 Warning(s)
    0 Error(s)

Time Elapsed 00:00:04.40


WritePatch: Compile failed.
WhirlpoolTest

Finished WritePatch cycle step.
2025-02-23 4:00:57 PM
WhirlpoolTest

WritePatch Started CycleStep. 2025-02-23 4:00:57 PM
WhirlpoolTest

WritePatch ran compiler. 2025-02-23 4:01:43 PM
WhirlpoolTest

CompilerResponse
Compile succeeded.
  Determining projects to restore...
  All projects are up-to-date for restore.
  Whirlpool -> D:\Code2025\RavenWork\Whirlpool\Whirlpool\bin\Debug\net9.0\Whirlpool.dll
  WhirlpoolTest -> D:\Code2025\RavenWork\Whirlpool\WhirlpoolTest\bin\Debug\net9.0\WhirlpoolTest.dll

Build succeeded.
    0 Warning(s)
    0 Error(s)

Time Elapsed 00:00:02.10


WritePatch: Code is Complete.
WhirlpoolTest

TestResult:
[SUCCESS 2025-02-23 4:02:51 PM] All tests passed successfully.
[INFO 2025-02-23 4:02:51 PM] Test process completed. Duration: 7.38 seconds.
[INFO 2025-02-23 4:02:51 PM] Process exited with code 0.
[OUTPUT 2025-02-23 4:02:51 PM]   Passed TestEmptyInput [12 ms]
[OUTPUT 2025-02-23 4:02:47 PM] VSTest version 17.12.0 (x64)
[OUTPUT 2025-02-23 4:02:46 PM] Test run for D:\Code2025\RavenWork\Whirlpool\WhirlpoolTest\bin\Debug\net9.0\WhirlpoolTest.dll (.NETCoreApp,Version=v9.0)
[OUTPUT 2025-02-23 4:02:45 PM]   Whirlpool -> D:\Code2025\RavenWork\Whirlpool\Whirlpool\bin\Debug\net9.0\Whirlpool.dll
[OUTPUT 2025-02-23 4:02:44 PM]   Determining projects to restore...
[OUTPUT 2025-02-23 4:02:50 PM]   Passed TestConsistency [12 ms]
[OUTPUT 2025-02-23 4:02:50 PM] Test Parallelization enabled for D:\Code2025\RavenWork\Whirlpool\WhirlpoolTest\bin\Debug\net9.0\WhirlpoolTest.dll (Workers: 16, Scope: MethodLevel)
[OUTPUT 2025-02-23 4:02:48 PM] D:\Code2025\RavenWork\Whirlpool\WhirlpoolTest\bin\Debug\net9.0\WhirlpoolTest.dll
[OUTPUT 2025-02-23 4:02:47 PM] A total of 1 test files matched the specified pattern.
[OUTPUT 2025-02-23 4:02:47 PM] Starting test execution, please wait...
[OUTPUT 2025-02-23 4:02:46 PM]   WhirlpoolTest -> D:\Code2025\RavenWork\Whirlpool\WhirlpoolTest\bin\Debug\net9.0\WhirlpoolTest.dll
[OUTPUT 2025-02-23 4:02:45 PM]   All projects are up-to-date for restore.
[INFO 2025-02-23 4:02:43 PM] Command: dotnet test "D:\Code2025\RavenWork\Whirlpool\WhirlpoolTest\WhirlpoolTest.csproj" --logger:"console;verbosity=detailed" --results-directory "TestResults"
[INFO 2025-02-23 4:02:43 PM] Starting test for project: D:\Code2025\RavenWork\Whirlpool\WhirlpoolTest\WhirlpoolTest.csproj

Test succeeded!!!]]></ActResult>
</ActRecord>