<ActRecord>
  <ProjectName>FastCosineTransform</ProjectName>
  <ProjectDescription>Fast Cosine Transform algorithms (FCT algorithms): Compute the Discrete Cosine Transform (DCT) efficiently</ProjectDescription>
  <XMLSpecification><![CDATA[<WriteAndTestPatchSpecification>
  <WriteSpecification>Fast Cosine Transform algorithms (FCT algorithms): Compute the Discrete Cosine Transform (DCT) efficiently</WriteSpecification>
  <TestSpecification>Write through unit tests.</TestSpecification>
  <SolutionFolderPath>D:\Code2025\RavenWork\FastCosineTransform</SolutionFolderPath>
  <ProjectFolderName>FastCosineTransform</ProjectFolderName>
  <ProjectName>FastCosineTransform</ProjectName>
  <ProjectType>CSharp ClassLibrary</ProjectType>
  <WriteMaxPasses>3</WriteMaxPasses>
  <TestMaxPasses>3</TestMaxPasses>
  <WriteAndTestMaxPasses>5</WriteAndTestMaxPasses>
  <Errors />
  <ContextPaths />
</WriteAndTestPatchSpecification>]]></XMLSpecification>
  <Logs>
    <string>WritePatch Started CycleStep. 2025-02-23 10:14:00 AM
FastCosineTransform</string>
    <string>WritePatch ran compiler. 2025-02-23 10:15:31 AM
FastCosineTransform</string>
    <string><![CDATA[CompilerResponse
Compile failed or had warnings.

Output:
  Determining projects to restore...
  All projects are up-to-date for restore.
D:\Code2025\RavenWork\FastCosineTransform\FastCosineTransform\FastCosineTransform\FFT.cs(31,27): error CS0136: A local or parameter named 'result' cannot be declared in this scope because that name is used in an enclosing local scope to define a local or parameter [D:\Code2025\RavenWork\FastCosineTransform\FastCosineTransform\FastCosineTransform.csproj]

Build FAILED.

D:\Code2025\RavenWork\FastCosineTransform\FastCosineTransform\FastCosineTransform\FFT.cs(31,27): error CS0136: A local or parameter named 'result' cannot be declared in this scope because that name is used in an enclosing local scope to define a local or parameter [D:\Code2025\RavenWork\FastCosineTransform\FastCosineTransform\FastCosineTransform.csproj]
    0 Warning(s)
    1 Error(s)

Time Elapsed 00:00:00.90


Errors:]]></string>
    <string>WritePatch: Compile failed.
FastCosineTransform</string>
    <string>Finished WritePatch cycle step.
2025-02-23 10:15:32 AM
FastCosineTransform</string>
    <string>WritePatch Started CycleStep. 2025-02-23 10:15:32 AM
FastCosineTransform</string>
    <string>Exception: The request was canceled due to the configured HttpClient.Timeout of 200 seconds elapsing.</string>
    <string>WritePatch Started CycleStep. 2025-02-23 10:18:52 AM
FastCosineTransform</string>
    <string>WritePatch: WriteSpecification extraction failed. 2025-02-23 10:19:39 AM
FastCosineTransform</string>
    <string><![CDATA[WritePatch completed but failed. MaxPasses reached.
<FolderPath>
D:\Code2025\RavenWork\FastCosineTransform\FastCosineTransform
</FolderPath>
<CompilerResponse>
CompilerResponse
Compile failed or had warnings.

Output:
  Determining projects to restore...
  All projects are up-to-date for restore.
D:\Code2025\RavenWork\FastCosineTransform\FastCosineTransform\FastCosineTransform\FFT.cs(31,27): error CS0136: A local or parameter named 'result' cannot be declared in this scope because that name is used in an enclosing local scope to define a local or parameter [D:\Code2025\RavenWork\FastCosineTransform\FastCosineTransform\FastCosineTransform.csproj]

Build FAILED.

D:\Code2025\RavenWork\FastCosineTransform\FastCosineTransform\FastCosineTransform\FFT.cs(31,27): error CS0136: A local or parameter named 'result' cannot be declared in this scope because that name is used in an enclosing local scope to define a local or parameter [D:\Code2025\RavenWork\FastCosineTransform\FastCosineTransform\FastCosineTransform.csproj]
    0 Warning(s)
    1 Error(s)

Time Elapsed 00:00:00.90


Errors:
</CompilerResponse>
2025-02-23 10:19:40 AM
FastCosineTransform]]></string>
    <string>WritePatch ran compiler. 2025-02-23 10:19:41 AM
FastCosineTransform</string>
    <string><![CDATA[CompilerResponse
Compile failed or had warnings.

Output:
  Determining projects to restore...
  All projects are up-to-date for restore.
D:\Code2025\RavenWork\FastCosineTransform\FastCosineTransform\FastCosineTransform\FFT.cs(31,27): error CS0136: A local or parameter named 'result' cannot be declared in this scope because that name is used in an enclosing local scope to define a local or parameter [D:\Code2025\RavenWork\FastCosineTransform\FastCosineTransform\FastCosineTransform.csproj]

Build FAILED.

D:\Code2025\RavenWork\FastCosineTransform\FastCosineTransform\FastCosineTransform\FFT.cs(31,27): error CS0136: A local or parameter named 'result' cannot be declared in this scope because that name is used in an enclosing local scope to define a local or parameter [D:\Code2025\RavenWork\FastCosineTransform\FastCosineTransform\FastCosineTransform.csproj]
    0 Warning(s)
    1 Error(s)

Time Elapsed 00:00:00.93


Errors:]]></string>
    <string>WritePatch: Compile failed.
FastCosineTransform</string>
    <string>WritePatch Started CycleStep. 2025-02-23 10:19:42 AM
FastCosineTransform</string>
    <string>WritePatch ran compiler. 2025-02-23 10:20:24 AM
FastCosineTransform</string>
    <string><![CDATA[CompilerResponse
Compile failed or had warnings.

Output:
  Determining projects to restore...
  All projects are up-to-date for restore.
D:\Code2025\RavenWork\FastCosineTransform\FastCosineTransform\FastCosineTransform\FFT.cs(36,27): error CS0136: A local or parameter named 'result' cannot be declared in this scope because that name is used in an enclosing local scope to define a local or parameter [D:\Code2025\RavenWork\FastCosineTransform\FastCosineTransform\FastCosineTransform.csproj]

Build FAILED.

D:\Code2025\RavenWork\FastCosineTransform\FastCosineTransform\FastCosineTransform\FFT.cs(36,27): error CS0136: A local or parameter named 'result' cannot be declared in this scope because that name is used in an enclosing local scope to define a local or parameter [D:\Code2025\RavenWork\FastCosineTransform\FastCosineTransform\FastCosineTransform.csproj]
    0 Warning(s)
    1 Error(s)

Time Elapsed 00:00:00.96


Errors:]]></string>
    <string>WritePatch: Compile failed.
FastCosineTransform</string>
    <string>Finished WritePatch cycle step.
2025-02-23 10:20:25 AM
FastCosineTransform</string>
    <string>WritePatch Started CycleStep. 2025-02-23 10:20:25 AM
FastCosineTransform</string>
    <string>WritePatch ran compiler. 2025-02-23 10:21:38 AM
FastCosineTransform</string>
    <string><![CDATA[CompilerResponse
Compile succeeded.
  Determining projects to restore...
  All projects are up-to-date for restore.
  FastCosineTransform -> D:\Code2025\RavenWork\FastCosineTransform\FastCosineTransform\bin\Debug\net9.0\FastCosineTransform.dll

Build succeeded.
    0 Warning(s)
    0 Error(s)

Time Elapsed 00:00:00.85
]]></string>
    <string>WritePatch: Code is not Complete.
FastCosineTransform</string>
    <string>Finished WritePatch cycle step.
2025-02-23 10:22:01 AM
FastCosineTransform</string>
    <string>WritePatch Started CycleStep. 2025-02-23 10:22:02 AM
FastCosineTransform</string>
    <string>WritePatch ran compiler. 2025-02-23 10:24:36 AM
FastCosineTransform</string>
    <string><![CDATA[CompilerResponse
Compile succeeded.
  Determining projects to restore...
  All projects are up-to-date for restore.
  FastCosineTransform -> D:\Code2025\RavenWork\FastCosineTransform\FastCosineTransform\bin\Debug\net9.0\FastCosineTransform.dll

Build succeeded.
    0 Warning(s)
    0 Error(s)

Time Elapsed 00:00:00.87
]]></string>
    <string>WritePatch: Code is Complete.
FastCosineTransform</string>
    <string>WritePatch Started CycleStep. 2025-02-23 10:25:10 AM
FastCosineTransformTest</string>
    <string>WritePatch ran compiler. 2025-02-23 10:26:09 AM
FastCosineTransformTest</string>
    <string><![CDATA[CompilerResponse
Compile succeeded.
  Determining projects to restore...
  Restored D:\Code2025\RavenWork\FastCosineTransform\FastCosineTransformTest\FastCosineTransformTest.csproj (in 205 ms).
  1 of 2 projects are up-to-date for restore.
  FastCosineTransform -> D:\Code2025\RavenWork\FastCosineTransform\FastCosineTransform\bin\Debug\net9.0\FastCosineTransform.dll
D:\Code2025\RavenWork\FastCosineTransform\FastCosineTransformTest\FFTTests.cs(14,31): warning CS8600: Converting null literal or possible null value to non-nullable type. [D:\Code2025\RavenWork\FastCosineTransform\FastCosineTransformTest\FastCosineTransformTest.csproj]
D:\Code2025\RavenWork\FastCosineTransform\FastCosineTransformTest\FFTTests.cs(15,44): warning CS8604: Possible null reference argument for parameter 'x' in 'Complex[] FFT.Compute(Complex[] x)'. [D:\Code2025\RavenWork\FastCosineTransform\FastCosineTransformTest\FastCosineTransformTest.csproj]
D:\Code2025\RavenWork\FastCosineTransform\FastCosineTransformTest\CosineTransformTests.cs(13,30): warning CS8600: Converting null literal or possible null value to non-nullable type. [D:\Code2025\RavenWork\FastCosineTransform\FastCosineTransformTest\FastCosineTransformTest.csproj]
D:\Code2025\RavenWork\FastCosineTransform\FastCosineTransformTest\CosineTransformTests.cs(14,58): warning CS8604: Possible null reference argument for parameter 'input' in 'double[] CosineTransform.ComputeDCT(double[] input)'. [D:\Code2025\RavenWork\FastCosineTransform\FastCosineTransformTest\FastCosineTransformTest.csproj]
  FastCosineTransformTest -> D:\Code2025\RavenWork\FastCosineTransform\FastCosineTransformTest\bin\Debug\net9.0\FastCosineTransformTest.dll

Build succeeded.

D:\Code2025\RavenWork\FastCosineTransform\FastCosineTransformTest\FFTTests.cs(14,31): warning CS8600: Converting null literal or possible null value to non-nullable type. [D:\Code2025\RavenWork\FastCosineTransform\FastCosineTransformTest\FastCosineTransformTest.csproj]
D:\Code2025\RavenWork\FastCosineTransform\FastCosineTransformTest\FFTTests.cs(15,44): warning CS8604: Possible null reference argument for parameter 'x' in 'Complex[] FFT.Compute(Complex[] x)'. [D:\Code2025\RavenWork\FastCosineTransform\FastCosineTransformTest\FastCosineTransformTest.csproj]
D:\Code2025\RavenWork\FastCosineTransform\FastCosineTransformTest\CosineTransformTests.cs(13,30): warning CS8600: Converting null literal or possible null value to non-nullable type. [D:\Code2025\RavenWork\FastCosineTransform\FastCosineTransformTest\FastCosineTransformTest.csproj]
D:\Code2025\RavenWork\FastCosineTransform\FastCosineTransformTest\CosineTransformTests.cs(14,58): warning CS8604: Possible null reference argument for parameter 'input' in 'double[] CosineTransform.ComputeDCT(double[] input)'. [D:\Code2025\RavenWork\FastCosineTransform\FastCosineTransformTest\FastCosineTransformTest.csproj]
    4 Warning(s)
    0 Error(s)

Time Elapsed 00:00:01.54
]]></string>
    <string>WritePatch: Compile failed.
FastCosineTransformTest</string>
    <string>Finished WritePatch cycle step.
2025-02-23 10:26:10 AM
FastCosineTransformTest</string>
    <string>WritePatch Started CycleStep. 2025-02-23 10:26:10 AM
FastCosineTransformTest</string>
    <string>WritePatch ran compiler. 2025-02-23 10:27:02 AM
FastCosineTransformTest</string>
    <string><![CDATA[CompilerResponse
Compile succeeded.
  Determining projects to restore...
  All projects are up-to-date for restore.
  FastCosineTransform -> D:\Code2025\RavenWork\FastCosineTransform\FastCosineTransform\bin\Debug\net9.0\FastCosineTransform.dll
D:\Code2025\RavenWork\FastCosineTransform\FastCosineTransformTest\FFTTests.cs(15,44): warning CS8604: Possible null reference argument for parameter 'x' in 'Complex[] FFT.Compute(Complex[] x)'. [D:\Code2025\RavenWork\FastCosineTransform\FastCosineTransformTest\FastCosineTransformTest.csproj]
D:\Code2025\RavenWork\FastCosineTransform\FastCosineTransformTest\CosineTransformTests.cs(14,58): warning CS8604: Possible null reference argument for parameter 'input' in 'double[] CosineTransform.ComputeDCT(double[] input)'. [D:\Code2025\RavenWork\FastCosineTransform\FastCosineTransformTest\FastCosineTransformTest.csproj]
  FastCosineTransformTest -> D:\Code2025\RavenWork\FastCosineTransform\FastCosineTransformTest\bin\Debug\net9.0\FastCosineTransformTest.dll

Build succeeded.

D:\Code2025\RavenWork\FastCosineTransform\FastCosineTransformTest\FFTTests.cs(15,44): warning CS8604: Possible null reference argument for parameter 'x' in 'Complex[] FFT.Compute(Complex[] x)'. [D:\Code2025\RavenWork\FastCosineTransform\FastCosineTransformTest\FastCosineTransformTest.csproj]
D:\Code2025\RavenWork\FastCosineTransform\FastCosineTransformTest\CosineTransformTests.cs(14,58): warning CS8604: Possible null reference argument for parameter 'input' in 'double[] CosineTransform.ComputeDCT(double[] input)'. [D:\Code2025\RavenWork\FastCosineTransform\FastCosineTransformTest\FastCosineTransformTest.csproj]
    2 Warning(s)
    0 Error(s)

Time Elapsed 00:00:01.06
]]></string>
    <string>WritePatch: Compile failed.
FastCosineTransformTest</string>
    <string>Finished WritePatch cycle step.
2025-02-23 10:27:02 AM
FastCosineTransformTest</string>
    <string>WritePatch Started CycleStep. 2025-02-23 10:27:02 AM
FastCosineTransformTest</string>
    <string>WritePatch: WriteSpecification extraction failed. 2025-02-23 10:27:44 AM
FastCosineTransformTest</string>
    <string><![CDATA[WritePatch completed but failed. MaxPasses reached.
<FolderPath>
D:\Code2025\RavenWork\FastCosineTransform\FastCosineTransformTest
</FolderPath>
<CompilerResponse>
CompilerResponse
Compile succeeded.
  Determining projects to restore...
  All projects are up-to-date for restore.
  FastCosineTransform -> D:\Code2025\RavenWork\FastCosineTransform\FastCosineTransform\bin\Debug\net9.0\FastCosineTransform.dll
D:\Code2025\RavenWork\FastCosineTransform\FastCosineTransformTest\FFTTests.cs(15,44): warning CS8604: Possible null reference argument for parameter 'x' in 'Complex[] FFT.Compute(Complex[] x)'. [D:\Code2025\RavenWork\FastCosineTransform\FastCosineTransformTest\FastCosineTransformTest.csproj]
D:\Code2025\RavenWork\FastCosineTransform\FastCosineTransformTest\CosineTransformTests.cs(14,58): warning CS8604: Possible null reference argument for parameter 'input' in 'double[] CosineTransform.ComputeDCT(double[] input)'. [D:\Code2025\RavenWork\FastCosineTransform\FastCosineTransformTest\FastCosineTransformTest.csproj]
  FastCosineTransformTest -> D:\Code2025\RavenWork\FastCosineTransform\FastCosineTransformTest\bin\Debug\net9.0\FastCosineTransformTest.dll

Build succeeded.

D:\Code2025\RavenWork\FastCosineTransform\FastCosineTransformTest\FFTTests.cs(15,44): warning CS8604: Possible null reference argument for parameter 'x' in 'Complex[] FFT.Compute(Complex[] x)'. [D:\Code2025\RavenWork\FastCosineTransform\FastCosineTransformTest\FastCosineTransformTest.csproj]
D:\Code2025\RavenWork\FastCosineTransform\FastCosineTransformTest\CosineTransformTests.cs(14,58): warning CS8604: Possible null reference argument for parameter 'input' in 'double[] CosineTransform.ComputeDCT(double[] input)'. [D:\Code2025\RavenWork\FastCosineTransform\FastCosineTransformTest\FastCosineTransformTest.csproj]
    2 Warning(s)
    0 Error(s)

Time Elapsed 00:00:01.06

</CompilerResponse>
2025-02-23 10:27:44 AM
FastCosineTransformTest]]></string>
    <string>WritePatch ran compiler. 2025-02-23 10:27:46 AM
FastCosineTransform</string>
    <string><![CDATA[CompilerResponse
Compile succeeded.
  Determining projects to restore...
  All projects are up-to-date for restore.
  FastCosineTransform -> D:\Code2025\RavenWork\FastCosineTransform\FastCosineTransform\bin\Debug\net9.0\FastCosineTransform.dll

Build succeeded.
    0 Warning(s)
    0 Error(s)

Time Elapsed 00:00:00.98
]]></string>
    <string>WritePatch: Code is Complete.
FastCosineTransform</string>
    <string>WritePatch ran compiler. 2025-02-23 10:28:16 AM
FastCosineTransformTest</string>
    <string><![CDATA[CompilerResponse
Compile succeeded.
  Determining projects to restore...
  All projects are up-to-date for restore.
  FastCosineTransform -> D:\Code2025\RavenWork\FastCosineTransform\FastCosineTransform\bin\Debug\net9.0\FastCosineTransform.dll
  FastCosineTransformTest -> D:\Code2025\RavenWork\FastCosineTransform\FastCosineTransformTest\bin\Debug\net9.0\FastCosineTransformTest.dll

Build succeeded.
    0 Warning(s)
    0 Error(s)

Time Elapsed 00:00:01.04
]]></string>
    <string>WritePatch: Code is Complete.
FastCosineTransformTest</string>
    <string>[INFO 2025-02-23 10:28:38 AM] Starting test for project: D:\Code2025\RavenWork\FastCosineTransform\FastCosineTransformTest\FastCosineTransformTest.csproj</string>
    <string>[INFO 2025-02-23 10:28:38 AM] Starting test for project: D:\Code2025\RavenWork\FastCosineTransform\FastCosineTransformTest\FastCosineTransformTest.csproj</string>
    <string>[INFO 2025-02-23 10:28:38 AM] Starting test for project: D:\Code2025\RavenWork\FastCosineTransform\FastCosineTransformTest\FastCosineTransformTest.csproj</string>
    <string>[INFO 2025-02-23 10:28:38 AM] Starting test for project: D:\Code2025\RavenWork\FastCosineTransform\FastCosineTransformTest\FastCosineTransformTest.csproj</string>
    <string>[INFO 2025-02-23 10:28:38 AM] Starting test for project: D:\Code2025\RavenWork\FastCosineTransform\FastCosineTransformTest\FastCosineTransformTest.csproj</string>
    <string>[INFO 2025-02-23 10:28:38 AM] Starting test for project: D:\Code2025\RavenWork\FastCosineTransform\FastCosineTransformTest\FastCosineTransformTest.csproj</string>
    <string>[INFO 2025-02-23 10:28:38 AM] Starting test for project: D:\Code2025\RavenWork\FastCosineTransform\FastCosineTransformTest\FastCosineTransformTest.csproj</string>
    <string>[INFO 2025-02-23 10:28:38 AM] Starting test for project: D:\Code2025\RavenWork\FastCosineTransform\FastCosineTransformTest\FastCosineTransformTest.csproj</string>
    <string>[INFO 2025-02-23 10:28:38 AM] Starting test for project: D:\Code2025\RavenWork\FastCosineTransform\FastCosineTransformTest\FastCosineTransformTest.csproj</string>
    <string>[INFO 2025-02-23 10:28:38 AM] Starting test for project: D:\Code2025\RavenWork\FastCosineTransform\FastCosineTransformTest\FastCosineTransformTest.csproj</string>
    <string>[INFO 2025-02-23 10:28:38 AM] Starting test for project: D:\Code2025\RavenWork\FastCosineTransform\FastCosineTransformTest\FastCosineTransformTest.csproj</string>
    <string>[INFO 2025-02-23 10:28:38 AM] Starting test for project: D:\Code2025\RavenWork\FastCosineTransform\FastCosineTransformTest\FastCosineTransformTest.csproj</string>
    <string>[INFO 2025-02-23 10:28:38 AM] Starting test for project: D:\Code2025\RavenWork\FastCosineTransform\FastCosineTransformTest\FastCosineTransformTest.csproj</string>
    <string>[INFO 2025-02-23 10:28:38 AM] Starting test for project: D:\Code2025\RavenWork\FastCosineTransform\FastCosineTransformTest\FastCosineTransformTest.csproj</string>
    <string><![CDATA[TestResult:
[OUTPUT 2025-02-23 10:28:40 AM] D:\Code2025\RavenWork\FastCosineTransform\FastCosineTransformTest\bin\Debug\net9.0\FastCosineTransformTest.dll
[OUTPUT 2025-02-23 10:28:40 AM] A total of 1 test files matched the specified pattern.
[OUTPUT 2025-02-23 10:28:40 AM] Starting test execution, please wait...
[OUTPUT 2025-02-23 10:28:40 AM] VSTest version 17.12.0 (x64)
[OUTPUT 2025-02-23 10:28:41 AM]   Passed Test_NonPowerOfTwoInput [5 ms]
[OUTPUT 2025-02-23 10:28:41 AM]   Passed Test_LargeInput [6 ms]
[OUTPUT 2025-02-23 10:28:41 AM] Test Parallelization enabled for D:\Code2025\RavenWork\FastCosineTransform\FastCosineTransformTest\bin\Debug\net9.0\FastCosineTransformTest.dll (Workers: 16, Scope: MethodLevel)
[OUTPUT 2025-02-23 10:28:40 AM] Test run for D:\Code2025\RavenWork\FastCosineTransform\FastCosineTransformTest\bin\Debug\net9.0\FastCosineTransformTest.dll (.NETCoreApp,Version=v9.0)
[OUTPUT 2025-02-23 10:28:40 AM]   FastCosineTransformTest -> D:\Code2025\RavenWork\FastCosineTransform\FastCosineTransformTest\bin\Debug\net9.0\FastCosineTransformTest.dll
[OUTPUT 2025-02-23 10:28:39 AM]   FastCosineTransform -> D:\Code2025\RavenWork\FastCosineTransform\FastCosineTransform\bin\Debug\net9.0\FastCosineTransform.dll
[OUTPUT 2025-02-23 10:28:39 AM]   All projects are up-to-date for restore.
[OUTPUT 2025-02-23 10:28:39 AM]   Determining projects to restore...
[SUCCESS 2025-02-23 10:28:41 AM] All tests passed successfully.
[INFO 2025-02-23 10:28:41 AM] Test process completed. Duration: 3.00 seconds.
[INFO 2025-02-23 10:28:41 AM] Process exited with code 0.
[INFO 2025-02-23 10:28:38 AM] Command: dotnet test "D:\Code2025\RavenWork\FastCosineTransform\FastCosineTransformTest\FastCosineTransformTest.csproj" --logger:"console;verbosity=detailed" --results-directory "TestResults"
[INFO 2025-02-23 10:28:38 AM] Starting test for project: D:\Code2025\RavenWork\FastCosineTransform\FastCosineTransformTest\FastCosineTransformTest.csproj]]></string>
    <string>Test succeeded!!!</string>
  </Logs>
  <ActResult><![CDATA[WritePatch Started CycleStep. 2025-02-23 10:14:00 AM
FastCosineTransform

WritePatch ran compiler. 2025-02-23 10:15:31 AM
FastCosineTransform

CompilerResponse
Compile failed or had warnings.

Output:
  Determining projects to restore...
  All projects are up-to-date for restore.
D:\Code2025\RavenWork\FastCosineTransform\FastCosineTransform\FastCosineTransform\FFT.cs(31,27): error CS0136: A local or parameter named 'result' cannot be declared in this scope because that name is used in an enclosing local scope to define a local or parameter [D:\Code2025\RavenWork\FastCosineTransform\FastCosineTransform\FastCosineTransform.csproj]

Build FAILED.

D:\Code2025\RavenWork\FastCosineTransform\FastCosineTransform\FastCosineTransform\FFT.cs(31,27): error CS0136: A local or parameter named 'result' cannot be declared in this scope because that name is used in an enclosing local scope to define a local or parameter [D:\Code2025\RavenWork\FastCosineTransform\FastCosineTransform\FastCosineTransform.csproj]
    0 Warning(s)
    1 Error(s)

Time Elapsed 00:00:00.90


Errors:

WritePatch: Compile failed.
FastCosineTransform

Finished WritePatch cycle step.
2025-02-23 10:15:32 AM
FastCosineTransform

WritePatch Started CycleStep. 2025-02-23 10:15:32 AM
FastCosineTransform

Exception: The request was canceled due to the configured HttpClient.Timeout of 200 seconds elapsing.

WritePatch Started CycleStep. 2025-02-23 10:18:52 AM
FastCosineTransform

WritePatch: WriteSpecification extraction failed. 2025-02-23 10:19:39 AM
FastCosineTransform

WritePatch completed but failed. MaxPasses reached.
<FolderPath>
D:\Code2025\RavenWork\FastCosineTransform\FastCosineTransform
</FolderPath>
<CompilerResponse>
CompilerResponse
Compile failed or had warnings.

Output:
  Determining projects to restore...
  All projects are up-to-date for restore.
D:\Code2025\RavenWork\FastCosineTransform\FastCosineTransform\FastCosineTransform\FFT.cs(31,27): error CS0136: A local or parameter named 'result' cannot be declared in this scope because that name is used in an enclosing local scope to define a local or parameter [D:\Code2025\RavenWork\FastCosineTransform\FastCosineTransform\FastCosineTransform.csproj]

Build FAILED.

D:\Code2025\RavenWork\FastCosineTransform\FastCosineTransform\FastCosineTransform\FFT.cs(31,27): error CS0136: A local or parameter named 'result' cannot be declared in this scope because that name is used in an enclosing local scope to define a local or parameter [D:\Code2025\RavenWork\FastCosineTransform\FastCosineTransform\FastCosineTransform.csproj]
    0 Warning(s)
    1 Error(s)

Time Elapsed 00:00:00.90


Errors:
</CompilerResponse>
2025-02-23 10:19:40 AM
FastCosineTransform

WritePatch ran compiler. 2025-02-23 10:19:41 AM
FastCosineTransform

CompilerResponse
Compile failed or had warnings.

Output:
  Determining projects to restore...
  All projects are up-to-date for restore.
D:\Code2025\RavenWork\FastCosineTransform\FastCosineTransform\FastCosineTransform\FFT.cs(31,27): error CS0136: A local or parameter named 'result' cannot be declared in this scope because that name is used in an enclosing local scope to define a local or parameter [D:\Code2025\RavenWork\FastCosineTransform\FastCosineTransform\FastCosineTransform.csproj]

Build FAILED.

D:\Code2025\RavenWork\FastCosineTransform\FastCosineTransform\FastCosineTransform\FFT.cs(31,27): error CS0136: A local or parameter named 'result' cannot be declared in this scope because that name is used in an enclosing local scope to define a local or parameter [D:\Code2025\RavenWork\FastCosineTransform\FastCosineTransform\FastCosineTransform.csproj]
    0 Warning(s)
    1 Error(s)

Time Elapsed 00:00:00.93


Errors:

WritePatch: Compile failed.
FastCosineTransform

WritePatch Started CycleStep. 2025-02-23 10:19:42 AM
FastCosineTransform

WritePatch ran compiler. 2025-02-23 10:20:24 AM
FastCosineTransform

CompilerResponse
Compile failed or had warnings.

Output:
  Determining projects to restore...
  All projects are up-to-date for restore.
D:\Code2025\RavenWork\FastCosineTransform\FastCosineTransform\FastCosineTransform\FFT.cs(36,27): error CS0136: A local or parameter named 'result' cannot be declared in this scope because that name is used in an enclosing local scope to define a local or parameter [D:\Code2025\RavenWork\FastCosineTransform\FastCosineTransform\FastCosineTransform.csproj]

Build FAILED.

D:\Code2025\RavenWork\FastCosineTransform\FastCosineTransform\FastCosineTransform\FFT.cs(36,27): error CS0136: A local or parameter named 'result' cannot be declared in this scope because that name is used in an enclosing local scope to define a local or parameter [D:\Code2025\RavenWork\FastCosineTransform\FastCosineTransform\FastCosineTransform.csproj]
    0 Warning(s)
    1 Error(s)

Time Elapsed 00:00:00.96


Errors:

WritePatch: Compile failed.
FastCosineTransform

Finished WritePatch cycle step.
2025-02-23 10:20:25 AM
FastCosineTransform

WritePatch Started CycleStep. 2025-02-23 10:20:25 AM
FastCosineTransform

WritePatch ran compiler. 2025-02-23 10:21:38 AM
FastCosineTransform

CompilerResponse
Compile succeeded.
  Determining projects to restore...
  All projects are up-to-date for restore.
  FastCosineTransform -> D:\Code2025\RavenWork\FastCosineTransform\FastCosineTransform\bin\Debug\net9.0\FastCosineTransform.dll

Build succeeded.
    0 Warning(s)
    0 Error(s)

Time Elapsed 00:00:00.85


WritePatch: Code is not Complete.
FastCosineTransform

Finished WritePatch cycle step.
2025-02-23 10:22:01 AM
FastCosineTransform

WritePatch Started CycleStep. 2025-02-23 10:22:02 AM
FastCosineTransform

WritePatch ran compiler. 2025-02-23 10:24:36 AM
FastCosineTransform

CompilerResponse
Compile succeeded.
  Determining projects to restore...
  All projects are up-to-date for restore.
  FastCosineTransform -> D:\Code2025\RavenWork\FastCosineTransform\FastCosineTransform\bin\Debug\net9.0\FastCosineTransform.dll

Build succeeded.
    0 Warning(s)
    0 Error(s)

Time Elapsed 00:00:00.87


WritePatch: Code is Complete.
FastCosineTransform

WritePatch Started CycleStep. 2025-02-23 10:25:10 AM
FastCosineTransformTest

WritePatch ran compiler. 2025-02-23 10:26:09 AM
FastCosineTransformTest

CompilerResponse
Compile succeeded.
  Determining projects to restore...
  Restored D:\Code2025\RavenWork\FastCosineTransform\FastCosineTransformTest\FastCosineTransformTest.csproj (in 205 ms).
  1 of 2 projects are up-to-date for restore.
  FastCosineTransform -> D:\Code2025\RavenWork\FastCosineTransform\FastCosineTransform\bin\Debug\net9.0\FastCosineTransform.dll
D:\Code2025\RavenWork\FastCosineTransform\FastCosineTransformTest\FFTTests.cs(14,31): warning CS8600: Converting null literal or possible null value to non-nullable type. [D:\Code2025\RavenWork\FastCosineTransform\FastCosineTransformTest\FastCosineTransformTest.csproj]
D:\Code2025\RavenWork\FastCosineTransform\FastCosineTransformTest\FFTTests.cs(15,44): warning CS8604: Possible null reference argument for parameter 'x' in 'Complex[] FFT.Compute(Complex[] x)'. [D:\Code2025\RavenWork\FastCosineTransform\FastCosineTransformTest\FastCosineTransformTest.csproj]
D:\Code2025\RavenWork\FastCosineTransform\FastCosineTransformTest\CosineTransformTests.cs(13,30): warning CS8600: Converting null literal or possible null value to non-nullable type. [D:\Code2025\RavenWork\FastCosineTransform\FastCosineTransformTest\FastCosineTransformTest.csproj]
D:\Code2025\RavenWork\FastCosineTransform\FastCosineTransformTest\CosineTransformTests.cs(14,58): warning CS8604: Possible null reference argument for parameter 'input' in 'double[] CosineTransform.ComputeDCT(double[] input)'. [D:\Code2025\RavenWork\FastCosineTransform\FastCosineTransformTest\FastCosineTransformTest.csproj]
  FastCosineTransformTest -> D:\Code2025\RavenWork\FastCosineTransform\FastCosineTransformTest\bin\Debug\net9.0\FastCosineTransformTest.dll

Build succeeded.

D:\Code2025\RavenWork\FastCosineTransform\FastCosineTransformTest\FFTTests.cs(14,31): warning CS8600: Converting null literal or possible null value to non-nullable type. [D:\Code2025\RavenWork\FastCosineTransform\FastCosineTransformTest\FastCosineTransformTest.csproj]
D:\Code2025\RavenWork\FastCosineTransform\FastCosineTransformTest\FFTTests.cs(15,44): warning CS8604: Possible null reference argument for parameter 'x' in 'Complex[] FFT.Compute(Complex[] x)'. [D:\Code2025\RavenWork\FastCosineTransform\FastCosineTransformTest\FastCosineTransformTest.csproj]
D:\Code2025\RavenWork\FastCosineTransform\FastCosineTransformTest\CosineTransformTests.cs(13,30): warning CS8600: Converting null literal or possible null value to non-nullable type. [D:\Code2025\RavenWork\FastCosineTransform\FastCosineTransformTest\FastCosineTransformTest.csproj]
D:\Code2025\RavenWork\FastCosineTransform\FastCosineTransformTest\CosineTransformTests.cs(14,58): warning CS8604: Possible null reference argument for parameter 'input' in 'double[] CosineTransform.ComputeDCT(double[] input)'. [D:\Code2025\RavenWork\FastCosineTransform\FastCosineTransformTest\FastCosineTransformTest.csproj]
    4 Warning(s)
    0 Error(s)

Time Elapsed 00:00:01.54


WritePatch: Compile failed.
FastCosineTransformTest

Finished WritePatch cycle step.
2025-02-23 10:26:10 AM
FastCosineTransformTest

WritePatch Started CycleStep. 2025-02-23 10:26:10 AM
FastCosineTransformTest

WritePatch ran compiler. 2025-02-23 10:27:02 AM
FastCosineTransformTest

CompilerResponse
Compile succeeded.
  Determining projects to restore...
  All projects are up-to-date for restore.
  FastCosineTransform -> D:\Code2025\RavenWork\FastCosineTransform\FastCosineTransform\bin\Debug\net9.0\FastCosineTransform.dll
D:\Code2025\RavenWork\FastCosineTransform\FastCosineTransformTest\FFTTests.cs(15,44): warning CS8604: Possible null reference argument for parameter 'x' in 'Complex[] FFT.Compute(Complex[] x)'. [D:\Code2025\RavenWork\FastCosineTransform\FastCosineTransformTest\FastCosineTransformTest.csproj]
D:\Code2025\RavenWork\FastCosineTransform\FastCosineTransformTest\CosineTransformTests.cs(14,58): warning CS8604: Possible null reference argument for parameter 'input' in 'double[] CosineTransform.ComputeDCT(double[] input)'. [D:\Code2025\RavenWork\FastCosineTransform\FastCosineTransformTest\FastCosineTransformTest.csproj]
  FastCosineTransformTest -> D:\Code2025\RavenWork\FastCosineTransform\FastCosineTransformTest\bin\Debug\net9.0\FastCosineTransformTest.dll

Build succeeded.

D:\Code2025\RavenWork\FastCosineTransform\FastCosineTransformTest\FFTTests.cs(15,44): warning CS8604: Possible null reference argument for parameter 'x' in 'Complex[] FFT.Compute(Complex[] x)'. [D:\Code2025\RavenWork\FastCosineTransform\FastCosineTransformTest\FastCosineTransformTest.csproj]
D:\Code2025\RavenWork\FastCosineTransform\FastCosineTransformTest\CosineTransformTests.cs(14,58): warning CS8604: Possible null reference argument for parameter 'input' in 'double[] CosineTransform.ComputeDCT(double[] input)'. [D:\Code2025\RavenWork\FastCosineTransform\FastCosineTransformTest\FastCosineTransformTest.csproj]
    2 Warning(s)
    0 Error(s)

Time Elapsed 00:00:01.06


WritePatch: Compile failed.
FastCosineTransformTest

Finished WritePatch cycle step.
2025-02-23 10:27:02 AM
FastCosineTransformTest

WritePatch Started CycleStep. 2025-02-23 10:27:02 AM
FastCosineTransformTest

WritePatch: WriteSpecification extraction failed. 2025-02-23 10:27:44 AM
FastCosineTransformTest

WritePatch completed but failed. MaxPasses reached.
<FolderPath>
D:\Code2025\RavenWork\FastCosineTransform\FastCosineTransformTest
</FolderPath>
<CompilerResponse>
CompilerResponse
Compile succeeded.
  Determining projects to restore...
  All projects are up-to-date for restore.
  FastCosineTransform -> D:\Code2025\RavenWork\FastCosineTransform\FastCosineTransform\bin\Debug\net9.0\FastCosineTransform.dll
D:\Code2025\RavenWork\FastCosineTransform\FastCosineTransformTest\FFTTests.cs(15,44): warning CS8604: Possible null reference argument for parameter 'x' in 'Complex[] FFT.Compute(Complex[] x)'. [D:\Code2025\RavenWork\FastCosineTransform\FastCosineTransformTest\FastCosineTransformTest.csproj]
D:\Code2025\RavenWork\FastCosineTransform\FastCosineTransformTest\CosineTransformTests.cs(14,58): warning CS8604: Possible null reference argument for parameter 'input' in 'double[] CosineTransform.ComputeDCT(double[] input)'. [D:\Code2025\RavenWork\FastCosineTransform\FastCosineTransformTest\FastCosineTransformTest.csproj]
  FastCosineTransformTest -> D:\Code2025\RavenWork\FastCosineTransform\FastCosineTransformTest\bin\Debug\net9.0\FastCosineTransformTest.dll

Build succeeded.

D:\Code2025\RavenWork\FastCosineTransform\FastCosineTransformTest\FFTTests.cs(15,44): warning CS8604: Possible null reference argument for parameter 'x' in 'Complex[] FFT.Compute(Complex[] x)'. [D:\Code2025\RavenWork\FastCosineTransform\FastCosineTransformTest\FastCosineTransformTest.csproj]
D:\Code2025\RavenWork\FastCosineTransform\FastCosineTransformTest\CosineTransformTests.cs(14,58): warning CS8604: Possible null reference argument for parameter 'input' in 'double[] CosineTransform.ComputeDCT(double[] input)'. [D:\Code2025\RavenWork\FastCosineTransform\FastCosineTransformTest\FastCosineTransformTest.csproj]
    2 Warning(s)
    0 Error(s)

Time Elapsed 00:00:01.06

</CompilerResponse>
2025-02-23 10:27:44 AM
FastCosineTransformTest

WritePatch ran compiler. 2025-02-23 10:27:46 AM
FastCosineTransform

CompilerResponse
Compile succeeded.
  Determining projects to restore...
  All projects are up-to-date for restore.
  FastCosineTransform -> D:\Code2025\RavenWork\FastCosineTransform\FastCosineTransform\bin\Debug\net9.0\FastCosineTransform.dll

Build succeeded.
    0 Warning(s)
    0 Error(s)

Time Elapsed 00:00:00.98


WritePatch: Code is Complete.
FastCosineTransform

WritePatch ran compiler. 2025-02-23 10:28:16 AM
FastCosineTransformTest

CompilerResponse
Compile succeeded.
  Determining projects to restore...
  All projects are up-to-date for restore.
  FastCosineTransform -> D:\Code2025\RavenWork\FastCosineTransform\FastCosineTransform\bin\Debug\net9.0\FastCosineTransform.dll
  FastCosineTransformTest -> D:\Code2025\RavenWork\FastCosineTransform\FastCosineTransformTest\bin\Debug\net9.0\FastCosineTransformTest.dll

Build succeeded.
    0 Warning(s)
    0 Error(s)

Time Elapsed 00:00:01.04


WritePatch: Code is Complete.
FastCosineTransformTest

TestResult:
[OUTPUT 2025-02-23 10:28:40 AM] D:\Code2025\RavenWork\FastCosineTransform\FastCosineTransformTest\bin\Debug\net9.0\FastCosineTransformTest.dll
[OUTPUT 2025-02-23 10:28:40 AM] A total of 1 test files matched the specified pattern.
[OUTPUT 2025-02-23 10:28:40 AM] Starting test execution, please wait...
[OUTPUT 2025-02-23 10:28:40 AM] VSTest version 17.12.0 (x64)
[OUTPUT 2025-02-23 10:28:41 AM]   Passed Test_NonPowerOfTwoInput [5 ms]
[OUTPUT 2025-02-23 10:28:41 AM]   Passed Test_LargeInput [6 ms]
[OUTPUT 2025-02-23 10:28:41 AM] Test Parallelization enabled for D:\Code2025\RavenWork\FastCosineTransform\FastCosineTransformTest\bin\Debug\net9.0\FastCosineTransformTest.dll (Workers: 16, Scope: MethodLevel)
[OUTPUT 2025-02-23 10:28:40 AM] Test run for D:\Code2025\RavenWork\FastCosineTransform\FastCosineTransformTest\bin\Debug\net9.0\FastCosineTransformTest.dll (.NETCoreApp,Version=v9.0)
[OUTPUT 2025-02-23 10:28:40 AM]   FastCosineTransformTest -> D:\Code2025\RavenWork\FastCosineTransform\FastCosineTransformTest\bin\Debug\net9.0\FastCosineTransformTest.dll
[OUTPUT 2025-02-23 10:28:39 AM]   FastCosineTransform -> D:\Code2025\RavenWork\FastCosineTransform\FastCosineTransform\bin\Debug\net9.0\FastCosineTransform.dll
[OUTPUT 2025-02-23 10:28:39 AM]   All projects are up-to-date for restore.
[OUTPUT 2025-02-23 10:28:39 AM]   Determining projects to restore...
[SUCCESS 2025-02-23 10:28:41 AM] All tests passed successfully.
[INFO 2025-02-23 10:28:41 AM] Test process completed. Duration: 3.00 seconds.
[INFO 2025-02-23 10:28:41 AM] Process exited with code 0.
[INFO 2025-02-23 10:28:38 AM] Command: dotnet test "D:\Code2025\RavenWork\FastCosineTransform\FastCosineTransformTest\FastCosineTransformTest.csproj" --logger:"console;verbosity=detailed" --results-directory "TestResults"
[INFO 2025-02-23 10:28:38 AM] Starting test for project: D:\Code2025\RavenWork\FastCosineTransform\FastCosineTransformTest\FastCosineTransformTest.csproj

Test succeeded!!!]]></ActResult>
</ActRecord>