<ActRecord>
  <ProjectName>KadaneAlgorithm</ProjectName>
  <ProjectDescription><![CDATA[Kadane's algorithm: finds the contiguous subarray with largest sum in an array of numbers]]></ProjectDescription>
  <XMLSpecification><![CDATA[<WriteAndTestPatchSpecification>
  <WriteSpecification><![CDATA[Kadane's algorithm: finds the contiguous subarray with largest sum in an array of numbers]]]]><![CDATA[></WriteSpecification>
  <TestSpecification>Write through unit tests.</TestSpecification>
  <SolutionFolderPath>D:\Code2025\RavenWork\KadaneAlgorithm</SolutionFolderPath>
  <ProjectFolderName>KadaneAlgorithm</ProjectFolderName>
  <ProjectName>KadaneAlgorithm</ProjectName>
  <ProjectType>CSharp ClassLibrary</ProjectType>
  <WriteMaxPasses>3</WriteMaxPasses>
  <TestMaxPasses>3</TestMaxPasses>
  <WriteAndTestMaxPasses>5</WriteAndTestMaxPasses>
  <Errors />
  <ContextPaths />
</WriteAndTestPatchSpecification>]]></XMLSpecification>
  <Logs>
    <string>WritePatch Started CycleStep. 2025-02-23 7:17:28 AM
KadaneAlgorithm</string>
    <string>WritePatch ran compiler. 2025-02-23 7:18:34 AM
KadaneAlgorithm</string>
    <string><![CDATA[CompilerResponse
Compile succeeded.
  Determining projects to restore...
  All projects are up-to-date for restore.
D:\Code2025\RavenWork\KadaneAlgorithm\KadaneAlgorithm\KadaneResult.cs(8,22): warning CS8618: Non-nullable property 'SubArray' must contain a non-null value when exiting constructor. Consider adding the 'required' modifier or declaring the property as nullable. [D:\Code2025\RavenWork\KadaneAlgorithm\KadaneAlgorithm\KadaneAlgorithm.csproj]
  KadaneAlgorithm -> D:\Code2025\RavenWork\KadaneAlgorithm\KadaneAlgorithm\bin\Debug\net9.0\KadaneAlgorithm.dll

Build succeeded.

D:\Code2025\RavenWork\KadaneAlgorithm\KadaneAlgorithm\KadaneResult.cs(8,22): warning CS8618: Non-nullable property 'SubArray' must contain a non-null value when exiting constructor. Consider adding the 'required' modifier or declaring the property as nullable. [D:\Code2025\RavenWork\KadaneAlgorithm\KadaneAlgorithm\KadaneAlgorithm.csproj]
    1 Warning(s)
    0 Error(s)

Time Elapsed 00:00:00.82
]]></string>
    <string>WritePatch: Compile failed.
KadaneAlgorithm</string>
    <string>Finished WritePatch cycle step.
2025-02-23 7:18:35 AM
KadaneAlgorithm</string>
    <string>WritePatch Started CycleStep. 2025-02-23 7:18:35 AM
KadaneAlgorithm</string>
    <string>WritePatch ran compiler. 2025-02-23 7:19:02 AM
KadaneAlgorithm</string>
    <string><![CDATA[CompilerResponse
Compile succeeded.
  Determining projects to restore...
  All projects are up-to-date for restore.
  KadaneAlgorithm -> D:\Code2025\RavenWork\KadaneAlgorithm\KadaneAlgorithm\bin\Debug\net9.0\KadaneAlgorithm.dll

Build succeeded.
    0 Warning(s)
    0 Error(s)

Time Elapsed 00:00:00.72
]]></string>
    <string>WritePatch: Code is not Complete.
KadaneAlgorithm</string>
    <string>Finished WritePatch cycle step.
2025-02-23 7:19:09 AM
KadaneAlgorithm</string>
    <string>WritePatch Started CycleStep. 2025-02-23 7:19:09 AM
KadaneAlgorithm</string>
    <string>WritePatch ran compiler. 2025-02-23 7:20:06 AM
KadaneAlgorithm</string>
    <string><![CDATA[CompilerResponse
Compile succeeded.
  Determining projects to restore...
  All projects are up-to-date for restore.
  KadaneAlgorithm -> D:\Code2025\RavenWork\KadaneAlgorithm\KadaneAlgorithm\bin\Debug\net9.0\KadaneAlgorithm.dll

Build succeeded.
    0 Warning(s)
    0 Error(s)

Time Elapsed 00:00:00.64
]]></string>
    <string>WritePatch: Code is not Complete.
KadaneAlgorithm</string>
    <string>Finished WritePatch cycle step.
2025-02-23 7:21:00 AM
KadaneAlgorithm</string>
    <string><![CDATA[WritePatch completed but failed. MaxPasses reached.
<FolderPath>
D:\Code2025\RavenWork\KadaneAlgorithm\KadaneAlgorithm
</FolderPath>
<CompilerResponse>
CompilerResponse
Compile succeeded.
  Determining projects to restore...
  All projects are up-to-date for restore.
  KadaneAlgorithm -> D:\Code2025\RavenWork\KadaneAlgorithm\KadaneAlgorithm\bin\Debug\net9.0\KadaneAlgorithm.dll

Build succeeded.
    0 Warning(s)
    0 Error(s)

Time Elapsed 00:00:00.64

</CompilerResponse>
2025-02-23 7:21:00 AM
KadaneAlgorithm]]></string>
    <string>WritePatch ran compiler. 2025-02-23 7:21:01 AM
KadaneAlgorithm</string>
    <string><![CDATA[CompilerResponse
Compile succeeded.
  Determining projects to restore...
  All projects are up-to-date for restore.
  KadaneAlgorithm -> D:\Code2025\RavenWork\KadaneAlgorithm\KadaneAlgorithm\bin\Debug\net9.0\KadaneAlgorithm.dll

Build succeeded.
    0 Warning(s)
    0 Error(s)

Time Elapsed 00:00:00.65
]]></string>
    <string>WritePatch: Code is Complete.
KadaneAlgorithm</string>
    <string>WritePatch Started CycleStep. 2025-02-23 7:22:30 AM
KadaneAlgorithmTest</string>
    <string>Exception: The request was canceled due to the configured HttpClient.Timeout of 200 seconds elapsing.</string>
    <string>WritePatch Started CycleStep. 2025-02-23 7:25:51 AM
KadaneAlgorithmTest</string>
    <string>WritePatch ran compiler. 2025-02-23 7:26:42 AM
KadaneAlgorithmTest</string>
    <string><![CDATA[CompilerResponse
Compile succeeded.
  Determining projects to restore...
  Restored D:\Code2025\RavenWork\KadaneAlgorithm\KadaneAlgorithmTest\KadaneAlgorithmTest.csproj (in 182 ms).
  1 of 2 projects are up-to-date for restore.
  KadaneAlgorithm -> D:\Code2025\RavenWork\KadaneAlgorithm\KadaneAlgorithm\bin\Debug\net9.0\KadaneAlgorithm.dll
D:\Code2025\RavenWork\KadaneAlgorithm\KadaneAlgorithmTest\KadaneTests.cs(13,27): warning CS8600: Converting null literal or possible null value to non-nullable type. [D:\Code2025\RavenWork\KadaneAlgorithm\KadaneAlgorithmTest\KadaneAlgorithmTest.csproj]
D:\Code2025\RavenWork\KadaneAlgorithm\KadaneAlgorithmTest\KadaneTests.cs(14,58): warning CS8604: Possible null reference argument for parameter 'input' in 'KadaneResult Kadane.FindMaxSubArray(int[] input)'. [D:\Code2025\RavenWork\KadaneAlgorithm\KadaneAlgorithmTest\KadaneAlgorithmTest.csproj]
  KadaneAlgorithmTest -> D:\Code2025\RavenWork\KadaneAlgorithm\KadaneAlgorithmTest\bin\Debug\net9.0\KadaneAlgorithmTest.dll

Build succeeded.

D:\Code2025\RavenWork\KadaneAlgorithm\KadaneAlgorithmTest\KadaneTests.cs(13,27): warning CS8600: Converting null literal or possible null value to non-nullable type. [D:\Code2025\RavenWork\KadaneAlgorithm\KadaneAlgorithmTest\KadaneAlgorithmTest.csproj]
D:\Code2025\RavenWork\KadaneAlgorithm\KadaneAlgorithmTest\KadaneTests.cs(14,58): warning CS8604: Possible null reference argument for parameter 'input' in 'KadaneResult Kadane.FindMaxSubArray(int[] input)'. [D:\Code2025\RavenWork\KadaneAlgorithm\KadaneAlgorithmTest\KadaneAlgorithmTest.csproj]
    2 Warning(s)
    0 Error(s)

Time Elapsed 00:00:01.30
]]></string>
    <string>WritePatch: Compile failed.
KadaneAlgorithmTest</string>
    <string>Finished WritePatch cycle step.
2025-02-23 7:26:43 AM
KadaneAlgorithmTest</string>
    <string>WritePatch Started CycleStep. 2025-02-23 7:26:43 AM
KadaneAlgorithmTest</string>
    <string>WritePatch ran compiler. 2025-02-23 7:27:20 AM
KadaneAlgorithmTest</string>
    <string><![CDATA[CompilerResponse
Compile succeeded.
  Determining projects to restore...
  All projects are up-to-date for restore.
  KadaneAlgorithm -> D:\Code2025\RavenWork\KadaneAlgorithm\KadaneAlgorithm\bin\Debug\net9.0\KadaneAlgorithm.dll
D:\Code2025\RavenWork\KadaneAlgorithm\KadaneAlgorithmTest\KadaneTests.cs(14,58): warning CS8604: Possible null reference argument for parameter 'input' in 'KadaneResult Kadane.FindMaxSubArray(int[] input)'. [D:\Code2025\RavenWork\KadaneAlgorithm\KadaneAlgorithmTest\KadaneAlgorithmTest.csproj]
  KadaneAlgorithmTest -> D:\Code2025\RavenWork\KadaneAlgorithm\KadaneAlgorithmTest\bin\Debug\net9.0\KadaneAlgorithmTest.dll

Build succeeded.

D:\Code2025\RavenWork\KadaneAlgorithm\KadaneAlgorithmTest\KadaneTests.cs(14,58): warning CS8604: Possible null reference argument for parameter 'input' in 'KadaneResult Kadane.FindMaxSubArray(int[] input)'. [D:\Code2025\RavenWork\KadaneAlgorithm\KadaneAlgorithmTest\KadaneAlgorithmTest.csproj]
    1 Warning(s)
    0 Error(s)

Time Elapsed 00:00:01.25
]]></string>
    <string>WritePatch: Compile failed.
KadaneAlgorithmTest</string>
    <string>Finished WritePatch cycle step.
2025-02-23 7:27:21 AM
KadaneAlgorithmTest</string>
    <string><![CDATA[WritePatch completed but failed. MaxPasses reached.
<FolderPath>
D:\Code2025\RavenWork\KadaneAlgorithm\KadaneAlgorithmTest
</FolderPath>
<CompilerResponse>
CompilerResponse
Compile succeeded.
  Determining projects to restore...
  All projects are up-to-date for restore.
  KadaneAlgorithm -> D:\Code2025\RavenWork\KadaneAlgorithm\KadaneAlgorithm\bin\Debug\net9.0\KadaneAlgorithm.dll
D:\Code2025\RavenWork\KadaneAlgorithm\KadaneAlgorithmTest\KadaneTests.cs(14,58): warning CS8604: Possible null reference argument for parameter 'input' in 'KadaneResult Kadane.FindMaxSubArray(int[] input)'. [D:\Code2025\RavenWork\KadaneAlgorithm\KadaneAlgorithmTest\KadaneAlgorithmTest.csproj]
  KadaneAlgorithmTest -> D:\Code2025\RavenWork\KadaneAlgorithm\KadaneAlgorithmTest\bin\Debug\net9.0\KadaneAlgorithmTest.dll

Build succeeded.

D:\Code2025\RavenWork\KadaneAlgorithm\KadaneAlgorithmTest\KadaneTests.cs(14,58): warning CS8604: Possible null reference argument for parameter 'input' in 'KadaneResult Kadane.FindMaxSubArray(int[] input)'. [D:\Code2025\RavenWork\KadaneAlgorithm\KadaneAlgorithmTest\KadaneAlgorithmTest.csproj]
    1 Warning(s)
    0 Error(s)

Time Elapsed 00:00:01.25

</CompilerResponse>
2025-02-23 7:27:22 AM
KadaneAlgorithmTest]]></string>
    <string>WritePatch ran compiler. 2025-02-23 7:27:23 AM
KadaneAlgorithm</string>
    <string><![CDATA[CompilerResponse
Compile succeeded.
  Determining projects to restore...
  All projects are up-to-date for restore.
  KadaneAlgorithm -> D:\Code2025\RavenWork\KadaneAlgorithm\KadaneAlgorithm\bin\Debug\net9.0\KadaneAlgorithm.dll

Build succeeded.
    0 Warning(s)
    0 Error(s)

Time Elapsed 00:00:00.67
]]></string>
    <string>WritePatch: Code is Complete.
KadaneAlgorithm</string>
    <string>WritePatch ran compiler. 2025-02-23 7:27:37 AM
KadaneAlgorithmTest</string>
    <string><![CDATA[CompilerResponse
Compile succeeded.
  Determining projects to restore...
  All projects are up-to-date for restore.
  KadaneAlgorithm -> D:\Code2025\RavenWork\KadaneAlgorithm\KadaneAlgorithm\bin\Debug\net9.0\KadaneAlgorithm.dll
  KadaneAlgorithmTest -> D:\Code2025\RavenWork\KadaneAlgorithm\KadaneAlgorithmTest\bin\Debug\net9.0\KadaneAlgorithmTest.dll

Build succeeded.
    0 Warning(s)
    0 Error(s)

Time Elapsed 00:00:00.90
]]></string>
    <string>WritePatch: Code is Complete.
KadaneAlgorithmTest</string>
    <string>[INFO 2025-02-23 7:27:48 AM] Starting test for project: D:\Code2025\RavenWork\KadaneAlgorithm\KadaneAlgorithmTest\KadaneAlgorithmTest.csproj</string>
    <string>[INFO 2025-02-23 7:27:48 AM] Starting test for project: D:\Code2025\RavenWork\KadaneAlgorithm\KadaneAlgorithmTest\KadaneAlgorithmTest.csproj</string>
    <string>[INFO 2025-02-23 7:27:48 AM] Starting test for project: D:\Code2025\RavenWork\KadaneAlgorithm\KadaneAlgorithmTest\KadaneAlgorithmTest.csproj</string>
    <string>[INFO 2025-02-23 7:27:48 AM] Starting test for project: D:\Code2025\RavenWork\KadaneAlgorithm\KadaneAlgorithmTest\KadaneAlgorithmTest.csproj</string>
    <string>[INFO 2025-02-23 7:27:48 AM] Starting test for project: D:\Code2025\RavenWork\KadaneAlgorithm\KadaneAlgorithmTest\KadaneAlgorithmTest.csproj</string>
    <string>[INFO 2025-02-23 7:27:48 AM] Starting test for project: D:\Code2025\RavenWork\KadaneAlgorithm\KadaneAlgorithmTest\KadaneAlgorithmTest.csproj</string>
    <string>[INFO 2025-02-23 7:27:48 AM] Starting test for project: D:\Code2025\RavenWork\KadaneAlgorithm\KadaneAlgorithmTest\KadaneAlgorithmTest.csproj</string>
    <string>[INFO 2025-02-23 7:27:48 AM] Starting test for project: D:\Code2025\RavenWork\KadaneAlgorithm\KadaneAlgorithmTest\KadaneAlgorithmTest.csproj</string>
    <string>[INFO 2025-02-23 7:27:48 AM] Starting test for project: D:\Code2025\RavenWork\KadaneAlgorithm\KadaneAlgorithmTest\KadaneAlgorithmTest.csproj</string>
    <string>[INFO 2025-02-23 7:27:48 AM] Starting test for project: D:\Code2025\RavenWork\KadaneAlgorithm\KadaneAlgorithmTest\KadaneAlgorithmTest.csproj</string>
    <string>[INFO 2025-02-23 7:27:48 AM] Starting test for project: D:\Code2025\RavenWork\KadaneAlgorithm\KadaneAlgorithmTest\KadaneAlgorithmTest.csproj</string>
    <string>[INFO 2025-02-23 7:27:48 AM] Starting test for project: D:\Code2025\RavenWork\KadaneAlgorithm\KadaneAlgorithmTest\KadaneAlgorithmTest.csproj</string>
    <string>[INFO 2025-02-23 7:27:48 AM] Starting test for project: D:\Code2025\RavenWork\KadaneAlgorithm\KadaneAlgorithmTest\KadaneAlgorithmTest.csproj</string>
    <string>[INFO 2025-02-23 7:27:48 AM] Starting test for project: D:\Code2025\RavenWork\KadaneAlgorithm\KadaneAlgorithmTest\KadaneAlgorithmTest.csproj</string>
    <string><![CDATA[TestResult:
[OUTPUT 2025-02-23 7:27:52 AM]   Passed TestAllNegatives [4 ms]
[OUTPUT 2025-02-23 7:27:51 AM]   Passed TestNullInput [4 ms]
[OUTPUT 2025-02-23 7:27:51 AM] Test Parallelization enabled for D:\Code2025\RavenWork\KadaneAlgorithm\KadaneAlgorithmTest\bin\Debug\net9.0\KadaneAlgorithmTest.dll (Workers: 16, Scope: MethodLevel)
[OUTPUT 2025-02-23 7:27:51 AM] D:\Code2025\RavenWork\KadaneAlgorithm\KadaneAlgorithmTest\bin\Debug\net9.0\KadaneAlgorithmTest.dll
[OUTPUT 2025-02-23 7:27:50 AM] A total of 1 test files matched the specified pattern.
[OUTPUT 2025-02-23 7:27:50 AM] Starting test execution, please wait...
[OUTPUT 2025-02-23 7:27:50 AM] VSTest version 17.12.0 (x64)
[OUTPUT 2025-02-23 7:27:50 AM] Test run for D:\Code2025\RavenWork\KadaneAlgorithm\KadaneAlgorithmTest\bin\Debug\net9.0\KadaneAlgorithmTest.dll (.NETCoreApp,Version=v9.0)
[OUTPUT 2025-02-23 7:27:49 AM]   KadaneAlgorithmTest -> D:\Code2025\RavenWork\KadaneAlgorithm\KadaneAlgorithmTest\bin\Debug\net9.0\KadaneAlgorithmTest.dll
[OUTPUT 2025-02-23 7:27:49 AM]   KadaneAlgorithm -> D:\Code2025\RavenWork\KadaneAlgorithm\KadaneAlgorithm\bin\Debug\net9.0\KadaneAlgorithm.dll
[OUTPUT 2025-02-23 7:27:49 AM]   All projects are up-to-date for restore.
[OUTPUT 2025-02-23 7:27:49 AM]   Determining projects to restore...
[SUCCESS 2025-02-23 7:27:51 AM] All tests passed successfully.
[INFO 2025-02-23 7:27:51 AM] Test process completed. Duration: 3.04 seconds.
[INFO 2025-02-23 7:27:51 AM] Process exited with code 0.
[INFO 2025-02-23 7:27:48 AM] Command: dotnet test "D:\Code2025\RavenWork\KadaneAlgorithm\KadaneAlgorithmTest\KadaneAlgorithmTest.csproj" --logger:"console;verbosity=detailed" --results-directory "TestResults"
[INFO 2025-02-23 7:27:48 AM] Starting test for project: D:\Code2025\RavenWork\KadaneAlgorithm\KadaneAlgorithmTest\KadaneAlgorithmTest.csproj]]></string>
    <string>Test succeeded!!!</string>
  </Logs>
  <ActResult><![CDATA[WritePatch Started CycleStep. 2025-02-23 7:17:28 AM
KadaneAlgorithm

WritePatch ran compiler. 2025-02-23 7:18:34 AM
KadaneAlgorithm

CompilerResponse
Compile succeeded.
  Determining projects to restore...
  All projects are up-to-date for restore.
D:\Code2025\RavenWork\KadaneAlgorithm\KadaneAlgorithm\KadaneResult.cs(8,22): warning CS8618: Non-nullable property 'SubArray' must contain a non-null value when exiting constructor. Consider adding the 'required' modifier or declaring the property as nullable. [D:\Code2025\RavenWork\KadaneAlgorithm\KadaneAlgorithm\KadaneAlgorithm.csproj]
  KadaneAlgorithm -> D:\Code2025\RavenWork\KadaneAlgorithm\KadaneAlgorithm\bin\Debug\net9.0\KadaneAlgorithm.dll

Build succeeded.

D:\Code2025\RavenWork\KadaneAlgorithm\KadaneAlgorithm\KadaneResult.cs(8,22): warning CS8618: Non-nullable property 'SubArray' must contain a non-null value when exiting constructor. Consider adding the 'required' modifier or declaring the property as nullable. [D:\Code2025\RavenWork\KadaneAlgorithm\KadaneAlgorithm\KadaneAlgorithm.csproj]
    1 Warning(s)
    0 Error(s)

Time Elapsed 00:00:00.82


WritePatch: Compile failed.
KadaneAlgorithm

Finished WritePatch cycle step.
2025-02-23 7:18:35 AM
KadaneAlgorithm

WritePatch Started CycleStep. 2025-02-23 7:18:35 AM
KadaneAlgorithm

WritePatch ran compiler. 2025-02-23 7:19:02 AM
KadaneAlgorithm

CompilerResponse
Compile succeeded.
  Determining projects to restore...
  All projects are up-to-date for restore.
  KadaneAlgorithm -> D:\Code2025\RavenWork\KadaneAlgorithm\KadaneAlgorithm\bin\Debug\net9.0\KadaneAlgorithm.dll

Build succeeded.
    0 Warning(s)
    0 Error(s)

Time Elapsed 00:00:00.72


WritePatch: Code is not Complete.
KadaneAlgorithm

Finished WritePatch cycle step.
2025-02-23 7:19:09 AM
KadaneAlgorithm

WritePatch Started CycleStep. 2025-02-23 7:19:09 AM
KadaneAlgorithm

WritePatch ran compiler. 2025-02-23 7:20:06 AM
KadaneAlgorithm

CompilerResponse
Compile succeeded.
  Determining projects to restore...
  All projects are up-to-date for restore.
  KadaneAlgorithm -> D:\Code2025\RavenWork\KadaneAlgorithm\KadaneAlgorithm\bin\Debug\net9.0\KadaneAlgorithm.dll

Build succeeded.
    0 Warning(s)
    0 Error(s)

Time Elapsed 00:00:00.64


WritePatch: Code is not Complete.
KadaneAlgorithm

Finished WritePatch cycle step.
2025-02-23 7:21:00 AM
KadaneAlgorithm

WritePatch completed but failed. MaxPasses reached.
<FolderPath>
D:\Code2025\RavenWork\KadaneAlgorithm\KadaneAlgorithm
</FolderPath>
<CompilerResponse>
CompilerResponse
Compile succeeded.
  Determining projects to restore...
  All projects are up-to-date for restore.
  KadaneAlgorithm -> D:\Code2025\RavenWork\KadaneAlgorithm\KadaneAlgorithm\bin\Debug\net9.0\KadaneAlgorithm.dll

Build succeeded.
    0 Warning(s)
    0 Error(s)

Time Elapsed 00:00:00.64

</CompilerResponse>
2025-02-23 7:21:00 AM
KadaneAlgorithm

WritePatch ran compiler. 2025-02-23 7:21:01 AM
KadaneAlgorithm

CompilerResponse
Compile succeeded.
  Determining projects to restore...
  All projects are up-to-date for restore.
  KadaneAlgorithm -> D:\Code2025\RavenWork\KadaneAlgorithm\KadaneAlgorithm\bin\Debug\net9.0\KadaneAlgorithm.dll

Build succeeded.
    0 Warning(s)
    0 Error(s)

Time Elapsed 00:00:00.65


WritePatch: Code is Complete.
KadaneAlgorithm

WritePatch Started CycleStep. 2025-02-23 7:22:30 AM
KadaneAlgorithmTest

Exception: The request was canceled due to the configured HttpClient.Timeout of 200 seconds elapsing.

WritePatch Started CycleStep. 2025-02-23 7:25:51 AM
KadaneAlgorithmTest

WritePatch ran compiler. 2025-02-23 7:26:42 AM
KadaneAlgorithmTest

CompilerResponse
Compile succeeded.
  Determining projects to restore...
  Restored D:\Code2025\RavenWork\KadaneAlgorithm\KadaneAlgorithmTest\KadaneAlgorithmTest.csproj (in 182 ms).
  1 of 2 projects are up-to-date for restore.
  KadaneAlgorithm -> D:\Code2025\RavenWork\KadaneAlgorithm\KadaneAlgorithm\bin\Debug\net9.0\KadaneAlgorithm.dll
D:\Code2025\RavenWork\KadaneAlgorithm\KadaneAlgorithmTest\KadaneTests.cs(13,27): warning CS8600: Converting null literal or possible null value to non-nullable type. [D:\Code2025\RavenWork\KadaneAlgorithm\KadaneAlgorithmTest\KadaneAlgorithmTest.csproj]
D:\Code2025\RavenWork\KadaneAlgorithm\KadaneAlgorithmTest\KadaneTests.cs(14,58): warning CS8604: Possible null reference argument for parameter 'input' in 'KadaneResult Kadane.FindMaxSubArray(int[] input)'. [D:\Code2025\RavenWork\KadaneAlgorithm\KadaneAlgorithmTest\KadaneAlgorithmTest.csproj]
  KadaneAlgorithmTest -> D:\Code2025\RavenWork\KadaneAlgorithm\KadaneAlgorithmTest\bin\Debug\net9.0\KadaneAlgorithmTest.dll

Build succeeded.

D:\Code2025\RavenWork\KadaneAlgorithm\KadaneAlgorithmTest\KadaneTests.cs(13,27): warning CS8600: Converting null literal or possible null value to non-nullable type. [D:\Code2025\RavenWork\KadaneAlgorithm\KadaneAlgorithmTest\KadaneAlgorithmTest.csproj]
D:\Code2025\RavenWork\KadaneAlgorithm\KadaneAlgorithmTest\KadaneTests.cs(14,58): warning CS8604: Possible null reference argument for parameter 'input' in 'KadaneResult Kadane.FindMaxSubArray(int[] input)'. [D:\Code2025\RavenWork\KadaneAlgorithm\KadaneAlgorithmTest\KadaneAlgorithmTest.csproj]
    2 Warning(s)
    0 Error(s)

Time Elapsed 00:00:01.30


WritePatch: Compile failed.
KadaneAlgorithmTest

Finished WritePatch cycle step.
2025-02-23 7:26:43 AM
KadaneAlgorithmTest

WritePatch Started CycleStep. 2025-02-23 7:26:43 AM
KadaneAlgorithmTest

WritePatch ran compiler. 2025-02-23 7:27:20 AM
KadaneAlgorithmTest

CompilerResponse
Compile succeeded.
  Determining projects to restore...
  All projects are up-to-date for restore.
  KadaneAlgorithm -> D:\Code2025\RavenWork\KadaneAlgorithm\KadaneAlgorithm\bin\Debug\net9.0\KadaneAlgorithm.dll
D:\Code2025\RavenWork\KadaneAlgorithm\KadaneAlgorithmTest\KadaneTests.cs(14,58): warning CS8604: Possible null reference argument for parameter 'input' in 'KadaneResult Kadane.FindMaxSubArray(int[] input)'. [D:\Code2025\RavenWork\KadaneAlgorithm\KadaneAlgorithmTest\KadaneAlgorithmTest.csproj]
  KadaneAlgorithmTest -> D:\Code2025\RavenWork\KadaneAlgorithm\KadaneAlgorithmTest\bin\Debug\net9.0\KadaneAlgorithmTest.dll

Build succeeded.

D:\Code2025\RavenWork\KadaneAlgorithm\KadaneAlgorithmTest\KadaneTests.cs(14,58): warning CS8604: Possible null reference argument for parameter 'input' in 'KadaneResult Kadane.FindMaxSubArray(int[] input)'. [D:\Code2025\RavenWork\KadaneAlgorithm\KadaneAlgorithmTest\KadaneAlgorithmTest.csproj]
    1 Warning(s)
    0 Error(s)

Time Elapsed 00:00:01.25


WritePatch: Compile failed.
KadaneAlgorithmTest

Finished WritePatch cycle step.
2025-02-23 7:27:21 AM
KadaneAlgorithmTest

WritePatch completed but failed. MaxPasses reached.
<FolderPath>
D:\Code2025\RavenWork\KadaneAlgorithm\KadaneAlgorithmTest
</FolderPath>
<CompilerResponse>
CompilerResponse
Compile succeeded.
  Determining projects to restore...
  All projects are up-to-date for restore.
  KadaneAlgorithm -> D:\Code2025\RavenWork\KadaneAlgorithm\KadaneAlgorithm\bin\Debug\net9.0\KadaneAlgorithm.dll
D:\Code2025\RavenWork\KadaneAlgorithm\KadaneAlgorithmTest\KadaneTests.cs(14,58): warning CS8604: Possible null reference argument for parameter 'input' in 'KadaneResult Kadane.FindMaxSubArray(int[] input)'. [D:\Code2025\RavenWork\KadaneAlgorithm\KadaneAlgorithmTest\KadaneAlgorithmTest.csproj]
  KadaneAlgorithmTest -> D:\Code2025\RavenWork\KadaneAlgorithm\KadaneAlgorithmTest\bin\Debug\net9.0\KadaneAlgorithmTest.dll

Build succeeded.

D:\Code2025\RavenWork\KadaneAlgorithm\KadaneAlgorithmTest\KadaneTests.cs(14,58): warning CS8604: Possible null reference argument for parameter 'input' in 'KadaneResult Kadane.FindMaxSubArray(int[] input)'. [D:\Code2025\RavenWork\KadaneAlgorithm\KadaneAlgorithmTest\KadaneAlgorithmTest.csproj]
    1 Warning(s)
    0 Error(s)

Time Elapsed 00:00:01.25

</CompilerResponse>
2025-02-23 7:27:22 AM
KadaneAlgorithmTest

WritePatch ran compiler. 2025-02-23 7:27:23 AM
KadaneAlgorithm

CompilerResponse
Compile succeeded.
  Determining projects to restore...
  All projects are up-to-date for restore.
  KadaneAlgorithm -> D:\Code2025\RavenWork\KadaneAlgorithm\KadaneAlgorithm\bin\Debug\net9.0\KadaneAlgorithm.dll

Build succeeded.
    0 Warning(s)
    0 Error(s)

Time Elapsed 00:00:00.67


WritePatch: Code is Complete.
KadaneAlgorithm

WritePatch ran compiler. 2025-02-23 7:27:37 AM
KadaneAlgorithmTest

CompilerResponse
Compile succeeded.
  Determining projects to restore...
  All projects are up-to-date for restore.
  KadaneAlgorithm -> D:\Code2025\RavenWork\KadaneAlgorithm\KadaneAlgorithm\bin\Debug\net9.0\KadaneAlgorithm.dll
  KadaneAlgorithmTest -> D:\Code2025\RavenWork\KadaneAlgorithm\KadaneAlgorithmTest\bin\Debug\net9.0\KadaneAlgorithmTest.dll

Build succeeded.
    0 Warning(s)
    0 Error(s)

Time Elapsed 00:00:00.90


WritePatch: Code is Complete.
KadaneAlgorithmTest

TestResult:
[OUTPUT 2025-02-23 7:27:52 AM]   Passed TestAllNegatives [4 ms]
[OUTPUT 2025-02-23 7:27:51 AM]   Passed TestNullInput [4 ms]
[OUTPUT 2025-02-23 7:27:51 AM] Test Parallelization enabled for D:\Code2025\RavenWork\KadaneAlgorithm\KadaneAlgorithmTest\bin\Debug\net9.0\KadaneAlgorithmTest.dll (Workers: 16, Scope: MethodLevel)
[OUTPUT 2025-02-23 7:27:51 AM] D:\Code2025\RavenWork\KadaneAlgorithm\KadaneAlgorithmTest\bin\Debug\net9.0\KadaneAlgorithmTest.dll
[OUTPUT 2025-02-23 7:27:50 AM] A total of 1 test files matched the specified pattern.
[OUTPUT 2025-02-23 7:27:50 AM] Starting test execution, please wait...
[OUTPUT 2025-02-23 7:27:50 AM] VSTest version 17.12.0 (x64)
[OUTPUT 2025-02-23 7:27:50 AM] Test run for D:\Code2025\RavenWork\KadaneAlgorithm\KadaneAlgorithmTest\bin\Debug\net9.0\KadaneAlgorithmTest.dll (.NETCoreApp,Version=v9.0)
[OUTPUT 2025-02-23 7:27:49 AM]   KadaneAlgorithmTest -> D:\Code2025\RavenWork\KadaneAlgorithm\KadaneAlgorithmTest\bin\Debug\net9.0\KadaneAlgorithmTest.dll
[OUTPUT 2025-02-23 7:27:49 AM]   KadaneAlgorithm -> D:\Code2025\RavenWork\KadaneAlgorithm\KadaneAlgorithm\bin\Debug\net9.0\KadaneAlgorithm.dll
[OUTPUT 2025-02-23 7:27:49 AM]   All projects are up-to-date for restore.
[OUTPUT 2025-02-23 7:27:49 AM]   Determining projects to restore...
[SUCCESS 2025-02-23 7:27:51 AM] All tests passed successfully.
[INFO 2025-02-23 7:27:51 AM] Test process completed. Duration: 3.04 seconds.
[INFO 2025-02-23 7:27:51 AM] Process exited with code 0.
[INFO 2025-02-23 7:27:48 AM] Command: dotnet test "D:\Code2025\RavenWork\KadaneAlgorithm\KadaneAlgorithmTest\KadaneAlgorithmTest.csproj" --logger:"console;verbosity=detailed" --results-directory "TestResults"
[INFO 2025-02-23 7:27:48 AM] Starting test for project: D:\Code2025\RavenWork\KadaneAlgorithm\KadaneAlgorithmTest\KadaneAlgorithmTest.csproj

Test succeeded!!!]]></ActResult>
</ActRecord>