<ActRecord>
  <ProjectName>Sha2Variants</ProjectName>
  <ProjectDescription>SHA‑2 (SHA‑224, SHA‑256, SHA‑384, SHA‑512)</ProjectDescription>
  <XMLSpecification><![CDATA[<WriteAndTestPatchSpecification>
  <WriteSpecification>SHA‑2 (SHA‑224, SHA‑256, SHA‑384, SHA‑512)</WriteSpecification>
  <TestSpecification>Write through unit tests.</TestSpecification>
  <SolutionFolderPath>D:\Code2025\RavenWork\Sha2Variants</SolutionFolderPath>
  <ProjectFolderName>Sha2Variants</ProjectFolderName>
  <ProjectName>Sha2Variants</ProjectName>
  <ProjectType>CSharp ClassLibrary</ProjectType>
  <WriteMaxPasses>3</WriteMaxPasses>
  <TestMaxPasses>3</TestMaxPasses>
  <WriteAndTestMaxPasses>5</WriteAndTestMaxPasses>
  <Errors />
  <ContextPaths />
</WriteAndTestPatchSpecification>]]></XMLSpecification>
  <Logs>
    <string>WritePatch Started CycleStep. 2025-02-23 7:43:28 AM
Sha2Variants</string>
    <string>WritePatch ran compiler. 2025-02-23 7:45:11 AM
Sha2Variants</string>
    <string><![CDATA[CompilerResponse
Compile succeeded.
  Determining projects to restore...
  All projects are up-to-date for restore.
D:\Code2025\RavenWork\Sha2Variants\Sha2Variants\Sha2.cs(13,20): warning CS8603: Possible null reference return. [D:\Code2025\RavenWork\Sha2Variants\Sha2Variants\Sha2Variants.csproj]
  Sha2Variants -> D:\Code2025\RavenWork\Sha2Variants\Sha2Variants\bin\Debug\net9.0\Sha2Variants.dll

Build succeeded.

D:\Code2025\RavenWork\Sha2Variants\Sha2Variants\Sha2.cs(13,20): warning CS8603: Possible null reference return. [D:\Code2025\RavenWork\Sha2Variants\Sha2Variants\Sha2Variants.csproj]
    1 Warning(s)
    0 Error(s)

Time Elapsed 00:00:00.78
]]></string>
    <string>WritePatch: Compile failed.
Sha2Variants</string>
    <string>Finished WritePatch cycle step.
2025-02-23 7:45:12 AM
Sha2Variants</string>
    <string>WritePatch Started CycleStep. 2025-02-23 7:45:12 AM
Sha2Variants</string>
    <string>WritePatch ran compiler. 2025-02-23 7:45:52 AM
Sha2Variants</string>
    <string><![CDATA[CompilerResponse
Compile succeeded.
  Determining projects to restore...
  All projects are up-to-date for restore.
  Sha2Variants -> D:\Code2025\RavenWork\Sha2Variants\Sha2Variants\bin\Debug\net9.0\Sha2Variants.dll

Build succeeded.
    0 Warning(s)
    0 Error(s)

Time Elapsed 00:00:00.82
]]></string>
    <string>WritePatch: Code is Complete.
Sha2Variants</string>
    <string>WritePatch Started CycleStep. 2025-02-23 7:46:12 AM
Sha2VariantsTest</string>
    <string>Exception: The request was canceled due to the configured HttpClient.Timeout of 200 seconds elapsing.</string>
    <string>WritePatch Started CycleStep. 2025-02-23 7:49:33 AM
Sha2VariantsTest</string>
    <string>WritePatch ran compiler. 2025-02-23 7:52:41 AM
Sha2VariantsTest</string>
    <string><![CDATA[CompilerResponse
Compile succeeded.
  Determining projects to restore...
  Restored D:\Code2025\RavenWork\Sha2Variants\Sha2VariantsTest\Sha2VariantsTest.csproj (in 187 ms).
  1 of 2 projects are up-to-date for restore.
  Sha2Variants -> D:\Code2025\RavenWork\Sha2Variants\Sha2Variants\bin\Debug\net9.0\Sha2Variants.dll
  Sha2VariantsTest -> D:\Code2025\RavenWork\Sha2Variants\Sha2VariantsTest\bin\Debug\net9.0\Sha2VariantsTest.dll

Build succeeded.
    0 Warning(s)
    0 Error(s)

Time Elapsed 00:00:01.32
]]></string>
    <string>WritePatch: Code is Complete.
Sha2VariantsTest</string>
    <string>[INFO 2025-02-23 7:53:32 AM] Starting test for project: D:\Code2025\RavenWork\Sha2Variants\Sha2VariantsTest\Sha2VariantsTest.csproj</string>
    <string>[INFO 2025-02-23 7:53:32 AM] Starting test for project: D:\Code2025\RavenWork\Sha2Variants\Sha2VariantsTest\Sha2VariantsTest.csproj</string>
    <string>[INFO 2025-02-23 7:53:32 AM] Starting test for project: D:\Code2025\RavenWork\Sha2Variants\Sha2VariantsTest\Sha2VariantsTest.csproj</string>
    <string>[INFO 2025-02-23 7:53:32 AM] Starting test for project: D:\Code2025\RavenWork\Sha2Variants\Sha2VariantsTest\Sha2VariantsTest.csproj</string>
    <string>[INFO 2025-02-23 7:53:32 AM] Starting test for project: D:\Code2025\RavenWork\Sha2Variants\Sha2VariantsTest\Sha2VariantsTest.csproj</string>
    <string>[INFO 2025-02-23 7:53:32 AM] Starting test for project: D:\Code2025\RavenWork\Sha2Variants\Sha2VariantsTest\Sha2VariantsTest.csproj</string>
    <string>[INFO 2025-02-23 7:53:32 AM] Starting test for project: D:\Code2025\RavenWork\Sha2Variants\Sha2VariantsTest\Sha2VariantsTest.csproj</string>
    <string>[INFO 2025-02-23 7:53:32 AM] Starting test for project: D:\Code2025\RavenWork\Sha2Variants\Sha2VariantsTest\Sha2VariantsTest.csproj</string>
    <string>[INFO 2025-02-23 7:53:32 AM] Starting test for project: D:\Code2025\RavenWork\Sha2Variants\Sha2VariantsTest\Sha2VariantsTest.csproj</string>
    <string>[INFO 2025-02-23 7:53:32 AM] Starting test for project: D:\Code2025\RavenWork\Sha2Variants\Sha2VariantsTest\Sha2VariantsTest.csproj</string>
    <string>[INFO 2025-02-23 7:53:32 AM] Starting test for project: D:\Code2025\RavenWork\Sha2Variants\Sha2VariantsTest\Sha2VariantsTest.csproj</string>
    <string><![CDATA[TestResult:
[SUCCESS 2025-02-23 7:53:36 AM] All tests passed successfully.
[INFO 2025-02-23 7:53:36 AM] Test process completed. Duration: 3.19 seconds.
[INFO 2025-02-23 7:53:36 AM] Process exited with code 0.
[OUTPUT 2025-02-23 7:53:35 AM] D:\Code2025\RavenWork\Sha2Variants\Sha2VariantsTest\bin\Debug\net9.0\Sha2VariantsTest.dll
[OUTPUT 2025-02-23 7:53:35 AM] A total of 1 test files matched the specified pattern.
[OUTPUT 2025-02-23 7:53:35 AM] Starting test execution, please wait...
[OUTPUT 2025-02-23 7:53:35 AM] VSTest version 17.12.0 (x64)
[OUTPUT 2025-02-23 7:53:34 AM] Test run for D:\Code2025\RavenWork\Sha2Variants\Sha2VariantsTest\bin\Debug\net9.0\Sha2VariantsTest.dll (.NETCoreApp,Version=v9.0)
[OUTPUT 2025-02-23 7:53:34 AM]   Sha2VariantsTest -> D:\Code2025\RavenWork\Sha2Variants\Sha2VariantsTest\bin\Debug\net9.0\Sha2VariantsTest.dll
[OUTPUT 2025-02-23 7:53:34 AM]   Sha2Variants -> D:\Code2025\RavenWork\Sha2Variants\Sha2Variants\bin\Debug\net9.0\Sha2Variants.dll
[OUTPUT 2025-02-23 7:53:33 AM]   All projects are up-to-date for restore.
[OUTPUT 2025-02-23 7:53:33 AM]   Determining projects to restore...
[INFO 2025-02-23 7:53:32 AM] Command: dotnet test "D:\Code2025\RavenWork\Sha2Variants\Sha2VariantsTest\Sha2VariantsTest.csproj" --logger:"console;verbosity=detailed" --results-directory "TestResults"
[INFO 2025-02-23 7:53:32 AM] Starting test for project: D:\Code2025\RavenWork\Sha2Variants\Sha2VariantsTest\Sha2VariantsTest.csproj]]></string>
    <string>Test succeeded!!!</string>
  </Logs>
  <ActResult><![CDATA[WritePatch Started CycleStep. 2025-02-23 7:43:28 AM
Sha2Variants

WritePatch ran compiler. 2025-02-23 7:45:11 AM
Sha2Variants

CompilerResponse
Compile succeeded.
  Determining projects to restore...
  All projects are up-to-date for restore.
D:\Code2025\RavenWork\Sha2Variants\Sha2Variants\Sha2.cs(13,20): warning CS8603: Possible null reference return. [D:\Code2025\RavenWork\Sha2Variants\Sha2Variants\Sha2Variants.csproj]
  Sha2Variants -> D:\Code2025\RavenWork\Sha2Variants\Sha2Variants\bin\Debug\net9.0\Sha2Variants.dll

Build succeeded.

D:\Code2025\RavenWork\Sha2Variants\Sha2Variants\Sha2.cs(13,20): warning CS8603: Possible null reference return. [D:\Code2025\RavenWork\Sha2Variants\Sha2Variants\Sha2Variants.csproj]
    1 Warning(s)
    0 Error(s)

Time Elapsed 00:00:00.78


WritePatch: Compile failed.
Sha2Variants

Finished WritePatch cycle step.
2025-02-23 7:45:12 AM
Sha2Variants

WritePatch Started CycleStep. 2025-02-23 7:45:12 AM
Sha2Variants

WritePatch ran compiler. 2025-02-23 7:45:52 AM
Sha2Variants

CompilerResponse
Compile succeeded.
  Determining projects to restore...
  All projects are up-to-date for restore.
  Sha2Variants -> D:\Code2025\RavenWork\Sha2Variants\Sha2Variants\bin\Debug\net9.0\Sha2Variants.dll

Build succeeded.
    0 Warning(s)
    0 Error(s)

Time Elapsed 00:00:00.82


WritePatch: Code is Complete.
Sha2Variants

WritePatch Started CycleStep. 2025-02-23 7:46:12 AM
Sha2VariantsTest

Exception: The request was canceled due to the configured HttpClient.Timeout of 200 seconds elapsing.

WritePatch Started CycleStep. 2025-02-23 7:49:33 AM
Sha2VariantsTest

WritePatch ran compiler. 2025-02-23 7:52:41 AM
Sha2VariantsTest

CompilerResponse
Compile succeeded.
  Determining projects to restore...
  Restored D:\Code2025\RavenWork\Sha2Variants\Sha2VariantsTest\Sha2VariantsTest.csproj (in 187 ms).
  1 of 2 projects are up-to-date for restore.
  Sha2Variants -> D:\Code2025\RavenWork\Sha2Variants\Sha2Variants\bin\Debug\net9.0\Sha2Variants.dll
  Sha2VariantsTest -> D:\Code2025\RavenWork\Sha2Variants\Sha2VariantsTest\bin\Debug\net9.0\Sha2VariantsTest.dll

Build succeeded.
    0 Warning(s)
    0 Error(s)

Time Elapsed 00:00:01.32


WritePatch: Code is Complete.
Sha2VariantsTest

TestResult:
[SUCCESS 2025-02-23 7:53:36 AM] All tests passed successfully.
[INFO 2025-02-23 7:53:36 AM] Test process completed. Duration: 3.19 seconds.
[INFO 2025-02-23 7:53:36 AM] Process exited with code 0.
[OUTPUT 2025-02-23 7:53:35 AM] D:\Code2025\RavenWork\Sha2Variants\Sha2VariantsTest\bin\Debug\net9.0\Sha2VariantsTest.dll
[OUTPUT 2025-02-23 7:53:35 AM] A total of 1 test files matched the specified pattern.
[OUTPUT 2025-02-23 7:53:35 AM] Starting test execution, please wait...
[OUTPUT 2025-02-23 7:53:35 AM] VSTest version 17.12.0 (x64)
[OUTPUT 2025-02-23 7:53:34 AM] Test run for D:\Code2025\RavenWork\Sha2Variants\Sha2VariantsTest\bin\Debug\net9.0\Sha2VariantsTest.dll (.NETCoreApp,Version=v9.0)
[OUTPUT 2025-02-23 7:53:34 AM]   Sha2VariantsTest -> D:\Code2025\RavenWork\Sha2Variants\Sha2VariantsTest\bin\Debug\net9.0\Sha2VariantsTest.dll
[OUTPUT 2025-02-23 7:53:34 AM]   Sha2Variants -> D:\Code2025\RavenWork\Sha2Variants\Sha2Variants\bin\Debug\net9.0\Sha2Variants.dll
[OUTPUT 2025-02-23 7:53:33 AM]   All projects are up-to-date for restore.
[OUTPUT 2025-02-23 7:53:33 AM]   Determining projects to restore...
[INFO 2025-02-23 7:53:32 AM] Command: dotnet test "D:\Code2025\RavenWork\Sha2Variants\Sha2VariantsTest\Sha2VariantsTest.csproj" --logger:"console;verbosity=detailed" --results-directory "TestResults"
[INFO 2025-02-23 7:53:32 AM] Starting test for project: D:\Code2025\RavenWork\Sha2Variants\Sha2VariantsTest\Sha2VariantsTest.csproj

Test succeeded!!!]]></ActResult>
</ActRecord>