<ActRecord>
  <ProjectName>GeneticAlgorithm</ProjectName>
  <ProjectDescription>Genetic algorithms – Search heuristics inspired by natural selection used to solve optimization and search problems.</ProjectDescription>
  <XMLSpecification><![CDATA[<WriteAndTestPatchSpecification>
  <WriteSpecification>Genetic algorithms – Search heuristics inspired by natural selection used to solve optimization and search problems.</WriteSpecification>
  <TestSpecification>Write through unit tests.</TestSpecification>
  <SolutionFolderPath>D:\Code2025\RavenWork\GeneticAlgorithm</SolutionFolderPath>
  <ProjectFolderName>GeneticAlgorithm</ProjectFolderName>
  <ProjectName>GeneticAlgorithm</ProjectName>
  <ProjectType>CSharp ClassLibrary</ProjectType>
  <WriteMaxPasses>3</WriteMaxPasses>
  <TestMaxPasses>3</TestMaxPasses>
  <WriteAndTestMaxPasses>5</WriteAndTestMaxPasses>
  <Errors />
  <ContextPaths />
</WriteAndTestPatchSpecification>]]></XMLSpecification>
  <Logs>
    <string>WritePatch Started CycleStep. 2025-02-23 9:36:17 AM
GeneticAlgorithm</string>
    <string>WritePatch ran compiler. 2025-02-23 9:38:22 AM
GeneticAlgorithm</string>
    <string><![CDATA[CompilerResponse
Compile succeeded.
  Determining projects to restore...
  All projects are up-to-date for restore.
D:\Code2025\RavenWork\GeneticAlgorithm\GeneticAlgorithm\GeneticAlgorithmEngine.cs(101,37): warning CS8600: Converting null literal or possible null value to non-nullable type. [D:\Code2025\RavenWork\GeneticAlgorithm\GeneticAlgorithm\GeneticAlgorithm.csproj]
D:\Code2025\RavenWork\GeneticAlgorithm\GeneticAlgorithm\GeneticAlgorithmEngine.cs(112,20): warning CS8602: Dereference of a possibly null reference. [D:\Code2025\RavenWork\GeneticAlgorithm\GeneticAlgorithm\GeneticAlgorithm.csproj]
  GeneticAlgorithm -> D:\Code2025\RavenWork\GeneticAlgorithm\GeneticAlgorithm\bin\Debug\net9.0\GeneticAlgorithm.dll

Build succeeded.

D:\Code2025\RavenWork\GeneticAlgorithm\GeneticAlgorithm\GeneticAlgorithmEngine.cs(101,37): warning CS8600: Converting null literal or possible null value to non-nullable type. [D:\Code2025\RavenWork\GeneticAlgorithm\GeneticAlgorithm\GeneticAlgorithm.csproj]
D:\Code2025\RavenWork\GeneticAlgorithm\GeneticAlgorithm\GeneticAlgorithmEngine.cs(112,20): warning CS8602: Dereference of a possibly null reference. [D:\Code2025\RavenWork\GeneticAlgorithm\GeneticAlgorithm\GeneticAlgorithm.csproj]
    2 Warning(s)
    0 Error(s)

Time Elapsed 00:00:01.13
]]></string>
    <string>WritePatch: Compile failed.
GeneticAlgorithm</string>
    <string>Finished WritePatch cycle step.
2025-02-23 9:38:23 AM
GeneticAlgorithm</string>
    <string>WritePatch Started CycleStep. 2025-02-23 9:38:23 AM
GeneticAlgorithm</string>
    <string>WritePatch ran compiler. 2025-02-23 9:40:01 AM
GeneticAlgorithm</string>
    <string><![CDATA[CompilerResponse
Compile succeeded.
  Determining projects to restore...
  All projects are up-to-date for restore.
  GeneticAlgorithm -> D:\Code2025\RavenWork\GeneticAlgorithm\GeneticAlgorithm\bin\Debug\net9.0\GeneticAlgorithm.dll

Build succeeded.
    0 Warning(s)
    0 Error(s)

Time Elapsed 00:00:01.01
]]></string>
    <string>WritePatch: Code is Complete.
GeneticAlgorithm</string>
    <string>WritePatch Started CycleStep. 2025-02-23 9:40:13 AM
GeneticAlgorithmTest</string>
    <string>WritePatch: WriteSpecification extraction failed. 2025-02-23 9:41:43 AM
GeneticAlgorithmTest</string>
    <string>WritePatch Started CycleStep. 2025-02-23 9:41:43 AM
GeneticAlgorithmTest</string>
    <string>WritePatch ran compiler. 2025-02-23 9:42:35 AM
GeneticAlgorithmTest</string>
    <string><![CDATA[CompilerResponse
Compile failed or had warnings.

Output:
  Determining projects to restore...
  Restored D:\Code2025\RavenWork\GeneticAlgorithm\GeneticAlgorithmTest\GeneticAlgorithmTest.csproj (in 254 ms).
  1 of 2 projects are up-to-date for restore.
  GeneticAlgorithm -> D:\Code2025\RavenWork\GeneticAlgorithm\GeneticAlgorithm\bin\Debug\net9.0\GeneticAlgorithm.dll
D:\Code2025\RavenWork\GeneticAlgorithm\GeneticAlgorithmTest\GeneticAlgorithmTests.cs(36,45): error CS0150: A constant value is expected [D:\Code2025\RavenWork\GeneticAlgorithm\GeneticAlgorithmTest\GeneticAlgorithmTest.csproj]

Build FAILED.

D:\Code2025\RavenWork\GeneticAlgorithm\GeneticAlgorithmTest\GeneticAlgorithmTests.cs(36,45): error CS0150: A constant value is expected [D:\Code2025\RavenWork\GeneticAlgorithm\GeneticAlgorithmTest\GeneticAlgorithmTest.csproj]
    0 Warning(s)
    1 Error(s)

Time Elapsed 00:00:01.61


Errors:]]></string>
    <string>WritePatch: Compile failed.
GeneticAlgorithmTest</string>
    <string>Finished WritePatch cycle step.
2025-02-23 9:42:36 AM
GeneticAlgorithmTest</string>
    <string>WritePatch Started CycleStep. 2025-02-23 9:42:36 AM
GeneticAlgorithmTest</string>
    <string>WritePatch ran compiler. 2025-02-23 9:43:15 AM
GeneticAlgorithmTest</string>
    <string><![CDATA[CompilerResponse
Compile succeeded.
  Determining projects to restore...
  All projects are up-to-date for restore.
  GeneticAlgorithm -> D:\Code2025\RavenWork\GeneticAlgorithm\GeneticAlgorithm\bin\Debug\net9.0\GeneticAlgorithm.dll
  GeneticAlgorithmTest -> D:\Code2025\RavenWork\GeneticAlgorithm\GeneticAlgorithmTest\bin\Debug\net9.0\GeneticAlgorithmTest.dll

Build succeeded.
    0 Warning(s)
    0 Error(s)

Time Elapsed 00:00:01.67
]]></string>
    <string>WritePatch: Code is Complete.
GeneticAlgorithmTest</string>
    <string>[INFO 2025-02-23 9:43:39 AM] Starting test for project: D:\Code2025\RavenWork\GeneticAlgorithm\GeneticAlgorithmTest\GeneticAlgorithmTest.csproj</string>
    <string>[INFO 2025-02-23 9:43:39 AM] Starting test for project: D:\Code2025\RavenWork\GeneticAlgorithm\GeneticAlgorithmTest\GeneticAlgorithmTest.csproj</string>
    <string>[INFO 2025-02-23 9:43:39 AM] Starting test for project: D:\Code2025\RavenWork\GeneticAlgorithm\GeneticAlgorithmTest\GeneticAlgorithmTest.csproj</string>
    <string>[INFO 2025-02-23 9:43:39 AM] Starting test for project: D:\Code2025\RavenWork\GeneticAlgorithm\GeneticAlgorithmTest\GeneticAlgorithmTest.csproj</string>
    <string>[INFO 2025-02-23 9:43:39 AM] Starting test for project: D:\Code2025\RavenWork\GeneticAlgorithm\GeneticAlgorithmTest\GeneticAlgorithmTest.csproj</string>
    <string>[INFO 2025-02-23 9:43:39 AM] Starting test for project: D:\Code2025\RavenWork\GeneticAlgorithm\GeneticAlgorithmTest\GeneticAlgorithmTest.csproj</string>
    <string>[INFO 2025-02-23 9:43:39 AM] Starting test for project: D:\Code2025\RavenWork\GeneticAlgorithm\GeneticAlgorithmTest\GeneticAlgorithmTest.csproj</string>
    <string>[INFO 2025-02-23 9:43:39 AM] Starting test for project: D:\Code2025\RavenWork\GeneticAlgorithm\GeneticAlgorithmTest\GeneticAlgorithmTest.csproj</string>
    <string>[INFO 2025-02-23 9:43:39 AM] Starting test for project: D:\Code2025\RavenWork\GeneticAlgorithm\GeneticAlgorithmTest\GeneticAlgorithmTest.csproj</string>
    <string>[INFO 2025-02-23 9:43:39 AM] Starting test for project: D:\Code2025\RavenWork\GeneticAlgorithm\GeneticAlgorithmTest\GeneticAlgorithmTest.csproj</string>
    <string>[INFO 2025-02-23 9:43:39 AM] Starting test for project: D:\Code2025\RavenWork\GeneticAlgorithm\GeneticAlgorithmTest\GeneticAlgorithmTest.csproj</string>
    <string>[INFO 2025-02-23 9:43:39 AM] Starting test for project: D:\Code2025\RavenWork\GeneticAlgorithm\GeneticAlgorithmTest\GeneticAlgorithmTest.csproj</string>
    <string>[INFO 2025-02-23 9:43:39 AM] Starting test for project: D:\Code2025\RavenWork\GeneticAlgorithm\GeneticAlgorithmTest\GeneticAlgorithmTest.csproj</string>
    <string>[INFO 2025-02-23 9:43:39 AM] Starting test for project: D:\Code2025\RavenWork\GeneticAlgorithm\GeneticAlgorithmTest\GeneticAlgorithmTest.csproj</string>
    <string><![CDATA[TestResult:
[OUTPUT 2025-02-23 9:43:44 AM]   Passed TestBinaryIndividual_EvaluateFitness [51 ms]
[OUTPUT 2025-02-23 9:43:43 AM]   Passed TestGeneticAlgorithmEngine_RunProducesValidIndividual [52 ms]
[SUCCESS 2025-02-23 9:43:43 AM] All tests passed successfully.
[INFO 2025-02-23 9:43:43 AM] Test process completed. Duration: 3.97 seconds.
[INFO 2025-02-23 9:43:43 AM] Process exited with code 0.
[OUTPUT 2025-02-23 9:43:43 AM] Test Parallelization enabled for D:\Code2025\RavenWork\GeneticAlgorithm\GeneticAlgorithmTest\bin\Debug\net9.0\GeneticAlgorithmTest.dll (Workers: 16, Scope: MethodLevel)
[OUTPUT 2025-02-23 9:43:42 AM] D:\Code2025\RavenWork\GeneticAlgorithm\GeneticAlgorithmTest\bin\Debug\net9.0\GeneticAlgorithmTest.dll
[OUTPUT 2025-02-23 9:43:42 AM] A total of 1 test files matched the specified pattern.
[OUTPUT 2025-02-23 9:43:42 AM] Starting test execution, please wait...
[OUTPUT 2025-02-23 9:43:41 AM] VSTest version 17.12.0 (x64)
[OUTPUT 2025-02-23 9:43:41 AM]   GeneticAlgorithm -> D:\Code2025\RavenWork\GeneticAlgorithm\GeneticAlgorithm\bin\Debug\net9.0\GeneticAlgorithm.dll
[OUTPUT 2025-02-23 9:43:41 AM] Test run for D:\Code2025\RavenWork\GeneticAlgorithm\GeneticAlgorithmTest\bin\Debug\net9.0\GeneticAlgorithmTest.dll (.NETCoreApp,Version=v9.0)
[OUTPUT 2025-02-23 9:43:41 AM]   GeneticAlgorithmTest -> D:\Code2025\RavenWork\GeneticAlgorithm\GeneticAlgorithmTest\bin\Debug\net9.0\GeneticAlgorithmTest.dll
[OUTPUT 2025-02-23 9:43:40 AM]   All projects are up-to-date for restore.
[OUTPUT 2025-02-23 9:43:40 AM]   Determining projects to restore...
[INFO 2025-02-23 9:43:39 AM] Command: dotnet test "D:\Code2025\RavenWork\GeneticAlgorithm\GeneticAlgorithmTest\GeneticAlgorithmTest.csproj" --logger:"console;verbosity=detailed" --results-directory "TestResults"
[INFO 2025-02-23 9:43:39 AM] Starting test for project: D:\Code2025\RavenWork\GeneticAlgorithm\GeneticAlgorithmTest\GeneticAlgorithmTest.csproj]]></string>
    <string>Test succeeded!!!</string>
  </Logs>
  <ActResult><![CDATA[WritePatch Started CycleStep. 2025-02-23 9:36:17 AM
GeneticAlgorithm

WritePatch ran compiler. 2025-02-23 9:38:22 AM
GeneticAlgorithm

CompilerResponse
Compile succeeded.
  Determining projects to restore...
  All projects are up-to-date for restore.
D:\Code2025\RavenWork\GeneticAlgorithm\GeneticAlgorithm\GeneticAlgorithmEngine.cs(101,37): warning CS8600: Converting null literal or possible null value to non-nullable type. [D:\Code2025\RavenWork\GeneticAlgorithm\GeneticAlgorithm\GeneticAlgorithm.csproj]
D:\Code2025\RavenWork\GeneticAlgorithm\GeneticAlgorithm\GeneticAlgorithmEngine.cs(112,20): warning CS8602: Dereference of a possibly null reference. [D:\Code2025\RavenWork\GeneticAlgorithm\GeneticAlgorithm\GeneticAlgorithm.csproj]
  GeneticAlgorithm -> D:\Code2025\RavenWork\GeneticAlgorithm\GeneticAlgorithm\bin\Debug\net9.0\GeneticAlgorithm.dll

Build succeeded.

D:\Code2025\RavenWork\GeneticAlgorithm\GeneticAlgorithm\GeneticAlgorithmEngine.cs(101,37): warning CS8600: Converting null literal or possible null value to non-nullable type. [D:\Code2025\RavenWork\GeneticAlgorithm\GeneticAlgorithm\GeneticAlgorithm.csproj]
D:\Code2025\RavenWork\GeneticAlgorithm\GeneticAlgorithm\GeneticAlgorithmEngine.cs(112,20): warning CS8602: Dereference of a possibly null reference. [D:\Code2025\RavenWork\GeneticAlgorithm\GeneticAlgorithm\GeneticAlgorithm.csproj]
    2 Warning(s)
    0 Error(s)

Time Elapsed 00:00:01.13


WritePatch: Compile failed.
GeneticAlgorithm

Finished WritePatch cycle step.
2025-02-23 9:38:23 AM
GeneticAlgorithm

WritePatch Started CycleStep. 2025-02-23 9:38:23 AM
GeneticAlgorithm

WritePatch ran compiler. 2025-02-23 9:40:01 AM
GeneticAlgorithm

CompilerResponse
Compile succeeded.
  Determining projects to restore...
  All projects are up-to-date for restore.
  GeneticAlgorithm -> D:\Code2025\RavenWork\GeneticAlgorithm\GeneticAlgorithm\bin\Debug\net9.0\GeneticAlgorithm.dll

Build succeeded.
    0 Warning(s)
    0 Error(s)

Time Elapsed 00:00:01.01


WritePatch: Code is Complete.
GeneticAlgorithm

WritePatch Started CycleStep. 2025-02-23 9:40:13 AM
GeneticAlgorithmTest

WritePatch: WriteSpecification extraction failed. 2025-02-23 9:41:43 AM
GeneticAlgorithmTest

WritePatch Started CycleStep. 2025-02-23 9:41:43 AM
GeneticAlgorithmTest

WritePatch ran compiler. 2025-02-23 9:42:35 AM
GeneticAlgorithmTest

CompilerResponse
Compile failed or had warnings.

Output:
  Determining projects to restore...
  Restored D:\Code2025\RavenWork\GeneticAlgorithm\GeneticAlgorithmTest\GeneticAlgorithmTest.csproj (in 254 ms).
  1 of 2 projects are up-to-date for restore.
  GeneticAlgorithm -> D:\Code2025\RavenWork\GeneticAlgorithm\GeneticAlgorithm\bin\Debug\net9.0\GeneticAlgorithm.dll
D:\Code2025\RavenWork\GeneticAlgorithm\GeneticAlgorithmTest\GeneticAlgorithmTests.cs(36,45): error CS0150: A constant value is expected [D:\Code2025\RavenWork\GeneticAlgorithm\GeneticAlgorithmTest\GeneticAlgorithmTest.csproj]

Build FAILED.

D:\Code2025\RavenWork\GeneticAlgorithm\GeneticAlgorithmTest\GeneticAlgorithmTests.cs(36,45): error CS0150: A constant value is expected [D:\Code2025\RavenWork\GeneticAlgorithm\GeneticAlgorithmTest\GeneticAlgorithmTest.csproj]
    0 Warning(s)
    1 Error(s)

Time Elapsed 00:00:01.61


Errors:

WritePatch: Compile failed.
GeneticAlgorithmTest

Finished WritePatch cycle step.
2025-02-23 9:42:36 AM
GeneticAlgorithmTest

WritePatch Started CycleStep. 2025-02-23 9:42:36 AM
GeneticAlgorithmTest

WritePatch ran compiler. 2025-02-23 9:43:15 AM
GeneticAlgorithmTest

CompilerResponse
Compile succeeded.
  Determining projects to restore...
  All projects are up-to-date for restore.
  GeneticAlgorithm -> D:\Code2025\RavenWork\GeneticAlgorithm\GeneticAlgorithm\bin\Debug\net9.0\GeneticAlgorithm.dll
  GeneticAlgorithmTest -> D:\Code2025\RavenWork\GeneticAlgorithm\GeneticAlgorithmTest\bin\Debug\net9.0\GeneticAlgorithmTest.dll

Build succeeded.
    0 Warning(s)
    0 Error(s)

Time Elapsed 00:00:01.67


WritePatch: Code is Complete.
GeneticAlgorithmTest

TestResult:
[OUTPUT 2025-02-23 9:43:44 AM]   Passed TestBinaryIndividual_EvaluateFitness [51 ms]
[OUTPUT 2025-02-23 9:43:43 AM]   Passed TestGeneticAlgorithmEngine_RunProducesValidIndividual [52 ms]
[SUCCESS 2025-02-23 9:43:43 AM] All tests passed successfully.
[INFO 2025-02-23 9:43:43 AM] Test process completed. Duration: 3.97 seconds.
[INFO 2025-02-23 9:43:43 AM] Process exited with code 0.
[OUTPUT 2025-02-23 9:43:43 AM] Test Parallelization enabled for D:\Code2025\RavenWork\GeneticAlgorithm\GeneticAlgorithmTest\bin\Debug\net9.0\GeneticAlgorithmTest.dll (Workers: 16, Scope: MethodLevel)
[OUTPUT 2025-02-23 9:43:42 AM] D:\Code2025\RavenWork\GeneticAlgorithm\GeneticAlgorithmTest\bin\Debug\net9.0\GeneticAlgorithmTest.dll
[OUTPUT 2025-02-23 9:43:42 AM] A total of 1 test files matched the specified pattern.
[OUTPUT 2025-02-23 9:43:42 AM] Starting test execution, please wait...
[OUTPUT 2025-02-23 9:43:41 AM] VSTest version 17.12.0 (x64)
[OUTPUT 2025-02-23 9:43:41 AM]   GeneticAlgorithm -> D:\Code2025\RavenWork\GeneticAlgorithm\GeneticAlgorithm\bin\Debug\net9.0\GeneticAlgorithm.dll
[OUTPUT 2025-02-23 9:43:41 AM] Test run for D:\Code2025\RavenWork\GeneticAlgorithm\GeneticAlgorithmTest\bin\Debug\net9.0\GeneticAlgorithmTest.dll (.NETCoreApp,Version=v9.0)
[OUTPUT 2025-02-23 9:43:41 AM]   GeneticAlgorithmTest -> D:\Code2025\RavenWork\GeneticAlgorithm\GeneticAlgorithmTest\bin\Debug\net9.0\GeneticAlgorithmTest.dll
[OUTPUT 2025-02-23 9:43:40 AM]   All projects are up-to-date for restore.
[OUTPUT 2025-02-23 9:43:40 AM]   Determining projects to restore...
[INFO 2025-02-23 9:43:39 AM] Command: dotnet test "D:\Code2025\RavenWork\GeneticAlgorithm\GeneticAlgorithmTest\GeneticAlgorithmTest.csproj" --logger:"console;verbosity=detailed" --results-directory "TestResults"
[INFO 2025-02-23 9:43:39 AM] Starting test for project: D:\Code2025\RavenWork\GeneticAlgorithm\GeneticAlgorithmTest\GeneticAlgorithmTest.csproj

Test succeeded!!!]]></ActResult>
</ActRecord>