<ActRecord>
  <ProjectName>LempelZivWilliams</ProjectName>
  <ProjectDescription>  – Lempel–Ziv Ross Williams (LZRW)</ProjectDescription>
  <XMLSpecification><![CDATA[<WriteAndTestPatchSpecification>
  <WriteSpecification>  – Lempel–Ziv Ross Williams (LZRW)</WriteSpecification>
  <TestSpecification>Write through unit tests.</TestSpecification>
  <SolutionFolderPath>D:\Code2025\RavenWork\LempelZivWilliams</SolutionFolderPath>
  <ProjectFolderName>LempelZivWilliams</ProjectFolderName>
  <ProjectName>LempelZivWilliams</ProjectName>
  <ProjectType>CSharp ClassLibrary</ProjectType>
  <WriteMaxPasses>3</WriteMaxPasses>
  <TestMaxPasses>3</TestMaxPasses>
  <WriteAndTestMaxPasses>5</WriteAndTestMaxPasses>
  <Errors />
  <ContextPaths />
</WriteAndTestPatchSpecification>]]></XMLSpecification>
  <Logs>
    <string>WritePatch Started CycleStep. 2025-02-23 7:33:22 AM
LempelZivWilliams</string>
    <string>WritePatch ran compiler. 2025-02-23 7:36:13 AM
LempelZivWilliams</string>
    <string><![CDATA[CompilerResponse
Compile failed or had warnings.

Output:
  Determining projects to restore...
  All projects are up-to-date for restore.
D:\Code2025\RavenWork\LempelZivWilliams\LempelZivWilliams\LZRWCompressor.cs(24,22): error CS0136: A local or parameter named 'i' cannot be declared in this scope because that name is used in an enclosing local scope to define a local or parameter [D:\Code2025\RavenWork\LempelZivWilliams\LempelZivWilliams\LempelZivWilliams.csproj]
D:\Code2025\RavenWork\LempelZivWilliams\LempelZivWilliams\LZRWCompressor.cs(14,24): warning CS8603: Possible null reference return. [D:\Code2025\RavenWork\LempelZivWilliams\LempelZivWilliams\LempelZivWilliams.csproj]
D:\Code2025\RavenWork\LempelZivWilliams\LempelZivWilliams\LZRWCompressor.cs(98,24): warning CS8603: Possible null reference return. [D:\Code2025\RavenWork\LempelZivWilliams\LempelZivWilliams\LempelZivWilliams.csproj]

Build FAILED.

D:\Code2025\RavenWork\LempelZivWilliams\LempelZivWilliams\LZRWCompressor.cs(14,24): warning CS8603: Possible null reference return. [D:\Code2025\RavenWork\LempelZivWilliams\LempelZivWilliams\LempelZivWilliams.csproj]
D:\Code2025\RavenWork\LempelZivWilliams\LempelZivWilliams\LZRWCompressor.cs(98,24): warning CS8603: Possible null reference return. [D:\Code2025\RavenWork\LempelZivWilliams\LempelZivWilliams\LempelZivWilliams.csproj]
D:\Code2025\RavenWork\LempelZivWilliams\LempelZivWilliams\LZRWCompressor.cs(24,22): error CS0136: A local or parameter named 'i' cannot be declared in this scope because that name is used in an enclosing local scope to define a local or parameter [D:\Code2025\RavenWork\LempelZivWilliams\LempelZivWilliams\LempelZivWilliams.csproj]
    2 Warning(s)
    1 Error(s)

Time Elapsed 00:00:00.75


Errors:]]></string>
    <string>WritePatch: Compile failed.
LempelZivWilliams</string>
    <string>Finished WritePatch cycle step.
2025-02-23 7:36:14 AM
LempelZivWilliams</string>
    <string>WritePatch Started CycleStep. 2025-02-23 7:36:14 AM
LempelZivWilliams</string>
    <string>WritePatch ran compiler. 2025-02-23 7:38:43 AM
LempelZivWilliams</string>
    <string><![CDATA[CompilerResponse
Compile succeeded.
  Determining projects to restore...
  All projects are up-to-date for restore.
  LempelZivWilliams -> D:\Code2025\RavenWork\LempelZivWilliams\LempelZivWilliams\bin\Debug\net9.0\LempelZivWilliams.dll

Build succeeded.
    0 Warning(s)
    0 Error(s)

Time Elapsed 00:00:00.73
]]></string>
    <string>WritePatch: Code is Complete.
LempelZivWilliams</string>
    <string>WritePatch Started CycleStep. 2025-02-23 7:39:11 AM
LempelZivWilliamsTest</string>
    <string>WritePatch ran compiler. 2025-02-23 7:39:51 AM
LempelZivWilliamsTest</string>
    <string><![CDATA[CompilerResponse
Compile succeeded.
  Determining projects to restore...
  Restored D:\Code2025\RavenWork\LempelZivWilliams\LempelZivWilliamsTest\LempelZivWilliamsTest.csproj (in 185 ms).
  1 of 2 projects are up-to-date for restore.
  LempelZivWilliams -> D:\Code2025\RavenWork\LempelZivWilliams\LempelZivWilliams\bin\Debug\net9.0\LempelZivWilliams.dll
  LempelZivWilliamsTest -> D:\Code2025\RavenWork\LempelZivWilliams\LempelZivWilliamsTest\bin\Debug\net9.0\LempelZivWilliamsTest.dll

Build succeeded.
    0 Warning(s)
    0 Error(s)

Time Elapsed 00:00:01.30
]]></string>
    <string>WritePatch: Code is Complete.
LempelZivWilliamsTest</string>
    <string>[INFO 2025-02-23 7:40:03 AM] Starting test for project: D:\Code2025\RavenWork\LempelZivWilliams\LempelZivWilliamsTest\LempelZivWilliamsTest.csproj</string>
    <string>[INFO 2025-02-23 7:40:03 AM] Starting test for project: D:\Code2025\RavenWork\LempelZivWilliams\LempelZivWilliamsTest\LempelZivWilliamsTest.csproj</string>
    <string>[INFO 2025-02-23 7:40:03 AM] Starting test for project: D:\Code2025\RavenWork\LempelZivWilliams\LempelZivWilliamsTest\LempelZivWilliamsTest.csproj</string>
    <string>[INFO 2025-02-23 7:40:03 AM] Starting test for project: D:\Code2025\RavenWork\LempelZivWilliams\LempelZivWilliamsTest\LempelZivWilliamsTest.csproj</string>
    <string>[INFO 2025-02-23 7:40:03 AM] Starting test for project: D:\Code2025\RavenWork\LempelZivWilliams\LempelZivWilliamsTest\LempelZivWilliamsTest.csproj</string>
    <string>[INFO 2025-02-23 7:40:03 AM] Starting test for project: D:\Code2025\RavenWork\LempelZivWilliams\LempelZivWilliamsTest\LempelZivWilliamsTest.csproj</string>
    <string>[INFO 2025-02-23 7:40:03 AM] Starting test for project: D:\Code2025\RavenWork\LempelZivWilliams\LempelZivWilliamsTest\LempelZivWilliamsTest.csproj</string>
    <string>[INFO 2025-02-23 7:40:03 AM] Starting test for project: D:\Code2025\RavenWork\LempelZivWilliams\LempelZivWilliamsTest\LempelZivWilliamsTest.csproj</string>
    <string>[INFO 2025-02-23 7:40:03 AM] Starting test for project: D:\Code2025\RavenWork\LempelZivWilliams\LempelZivWilliamsTest\LempelZivWilliamsTest.csproj</string>
    <string>[INFO 2025-02-23 7:40:03 AM] Starting test for project: D:\Code2025\RavenWork\LempelZivWilliams\LempelZivWilliamsTest\LempelZivWilliamsTest.csproj</string>
    <string>[INFO 2025-02-23 7:40:03 AM] Starting test for project: D:\Code2025\RavenWork\LempelZivWilliams\LempelZivWilliamsTest\LempelZivWilliamsTest.csproj</string>
    <string>[INFO 2025-02-23 7:40:03 AM] Starting test for project: D:\Code2025\RavenWork\LempelZivWilliams\LempelZivWilliamsTest\LempelZivWilliamsTest.csproj</string>
    <string><![CDATA[TestResult:
[OUTPUT 2025-02-23 7:40:06 AM] Test Parallelization enabled for D:\Code2025\RavenWork\LempelZivWilliams\LempelZivWilliamsTest\bin\Debug\net9.0\LempelZivWilliamsTest.dll (Workers: 16, Scope: MethodLevel)
[OUTPUT 2025-02-23 7:40:06 AM] D:\Code2025\RavenWork\LempelZivWilliams\LempelZivWilliamsTest\bin\Debug\net9.0\LempelZivWilliamsTest.dll
[OUTPUT 2025-02-23 7:40:05 AM] A total of 1 test files matched the specified pattern.
[OUTPUT 2025-02-23 7:40:05 AM] Starting test execution, please wait...
[OUTPUT 2025-02-23 7:40:05 AM] VSTest version 17.12.0 (x64)
[OUTPUT 2025-02-23 7:40:05 AM] Test run for D:\Code2025\RavenWork\LempelZivWilliams\LempelZivWilliamsTest\bin\Debug\net9.0\LempelZivWilliamsTest.dll (.NETCoreApp,Version=v9.0)
[OUTPUT 2025-02-23 7:40:04 AM]   LempelZivWilliamsTest -> D:\Code2025\RavenWork\LempelZivWilliams\LempelZivWilliamsTest\bin\Debug\net9.0\LempelZivWilliamsTest.dll
[OUTPUT 2025-02-23 7:40:04 AM]   LempelZivWilliams -> D:\Code2025\RavenWork\LempelZivWilliams\LempelZivWilliams\bin\Debug\net9.0\LempelZivWilliams.dll
[OUTPUT 2025-02-23 7:40:04 AM]   All projects are up-to-date for restore.
[OUTPUT 2025-02-23 7:40:03 AM]   Determining projects to restore...
[SUCCESS 2025-02-23 7:40:06 AM] All tests passed successfully.
[INFO 2025-02-23 7:40:06 AM] Test process completed. Duration: 2.99 seconds.
[INFO 2025-02-23 7:40:06 AM] Process exited with code 0.
[INFO 2025-02-23 7:40:03 AM] Command: dotnet test "D:\Code2025\RavenWork\LempelZivWilliams\LempelZivWilliamsTest\LempelZivWilliamsTest.csproj" --logger:"console;verbosity=detailed" --results-directory "TestResults"
[INFO 2025-02-23 7:40:03 AM] Starting test for project: D:\Code2025\RavenWork\LempelZivWilliams\LempelZivWilliamsTest\LempelZivWilliamsTest.csproj]]></string>
    <string>Test succeeded!!!</string>
  </Logs>
  <ActResult><![CDATA[WritePatch Started CycleStep. 2025-02-23 7:33:22 AM
LempelZivWilliams

WritePatch ran compiler. 2025-02-23 7:36:13 AM
LempelZivWilliams

CompilerResponse
Compile failed or had warnings.

Output:
  Determining projects to restore...
  All projects are up-to-date for restore.
D:\Code2025\RavenWork\LempelZivWilliams\LempelZivWilliams\LZRWCompressor.cs(24,22): error CS0136: A local or parameter named 'i' cannot be declared in this scope because that name is used in an enclosing local scope to define a local or parameter [D:\Code2025\RavenWork\LempelZivWilliams\LempelZivWilliams\LempelZivWilliams.csproj]
D:\Code2025\RavenWork\LempelZivWilliams\LempelZivWilliams\LZRWCompressor.cs(14,24): warning CS8603: Possible null reference return. [D:\Code2025\RavenWork\LempelZivWilliams\LempelZivWilliams\LempelZivWilliams.csproj]
D:\Code2025\RavenWork\LempelZivWilliams\LempelZivWilliams\LZRWCompressor.cs(98,24): warning CS8603: Possible null reference return. [D:\Code2025\RavenWork\LempelZivWilliams\LempelZivWilliams\LempelZivWilliams.csproj]

Build FAILED.

D:\Code2025\RavenWork\LempelZivWilliams\LempelZivWilliams\LZRWCompressor.cs(14,24): warning CS8603: Possible null reference return. [D:\Code2025\RavenWork\LempelZivWilliams\LempelZivWilliams\LempelZivWilliams.csproj]
D:\Code2025\RavenWork\LempelZivWilliams\LempelZivWilliams\LZRWCompressor.cs(98,24): warning CS8603: Possible null reference return. [D:\Code2025\RavenWork\LempelZivWilliams\LempelZivWilliams\LempelZivWilliams.csproj]
D:\Code2025\RavenWork\LempelZivWilliams\LempelZivWilliams\LZRWCompressor.cs(24,22): error CS0136: A local or parameter named 'i' cannot be declared in this scope because that name is used in an enclosing local scope to define a local or parameter [D:\Code2025\RavenWork\LempelZivWilliams\LempelZivWilliams\LempelZivWilliams.csproj]
    2 Warning(s)
    1 Error(s)

Time Elapsed 00:00:00.75


Errors:

WritePatch: Compile failed.
LempelZivWilliams

Finished WritePatch cycle step.
2025-02-23 7:36:14 AM
LempelZivWilliams

WritePatch Started CycleStep. 2025-02-23 7:36:14 AM
LempelZivWilliams

WritePatch ran compiler. 2025-02-23 7:38:43 AM
LempelZivWilliams

CompilerResponse
Compile succeeded.
  Determining projects to restore...
  All projects are up-to-date for restore.
  LempelZivWilliams -> D:\Code2025\RavenWork\LempelZivWilliams\LempelZivWilliams\bin\Debug\net9.0\LempelZivWilliams.dll

Build succeeded.
    0 Warning(s)
    0 Error(s)

Time Elapsed 00:00:00.73


WritePatch: Code is Complete.
LempelZivWilliams

WritePatch Started CycleStep. 2025-02-23 7:39:11 AM
LempelZivWilliamsTest

WritePatch ran compiler. 2025-02-23 7:39:51 AM
LempelZivWilliamsTest

CompilerResponse
Compile succeeded.
  Determining projects to restore...
  Restored D:\Code2025\RavenWork\LempelZivWilliams\LempelZivWilliamsTest\LempelZivWilliamsTest.csproj (in 185 ms).
  1 of 2 projects are up-to-date for restore.
  LempelZivWilliams -> D:\Code2025\RavenWork\LempelZivWilliams\LempelZivWilliams\bin\Debug\net9.0\LempelZivWilliams.dll
  LempelZivWilliamsTest -> D:\Code2025\RavenWork\LempelZivWilliams\LempelZivWilliamsTest\bin\Debug\net9.0\LempelZivWilliamsTest.dll

Build succeeded.
    0 Warning(s)
    0 Error(s)

Time Elapsed 00:00:01.30


WritePatch: Code is Complete.
LempelZivWilliamsTest

TestResult:
[OUTPUT 2025-02-23 7:40:06 AM] Test Parallelization enabled for D:\Code2025\RavenWork\LempelZivWilliams\LempelZivWilliamsTest\bin\Debug\net9.0\LempelZivWilliamsTest.dll (Workers: 16, Scope: MethodLevel)
[OUTPUT 2025-02-23 7:40:06 AM] D:\Code2025\RavenWork\LempelZivWilliams\LempelZivWilliamsTest\bin\Debug\net9.0\LempelZivWilliamsTest.dll
[OUTPUT 2025-02-23 7:40:05 AM] A total of 1 test files matched the specified pattern.
[OUTPUT 2025-02-23 7:40:05 AM] Starting test execution, please wait...
[OUTPUT 2025-02-23 7:40:05 AM] VSTest version 17.12.0 (x64)
[OUTPUT 2025-02-23 7:40:05 AM] Test run for D:\Code2025\RavenWork\LempelZivWilliams\LempelZivWilliamsTest\bin\Debug\net9.0\LempelZivWilliamsTest.dll (.NETCoreApp,Version=v9.0)
[OUTPUT 2025-02-23 7:40:04 AM]   LempelZivWilliamsTest -> D:\Code2025\RavenWork\LempelZivWilliams\LempelZivWilliamsTest\bin\Debug\net9.0\LempelZivWilliamsTest.dll
[OUTPUT 2025-02-23 7:40:04 AM]   LempelZivWilliams -> D:\Code2025\RavenWork\LempelZivWilliams\LempelZivWilliams\bin\Debug\net9.0\LempelZivWilliams.dll
[OUTPUT 2025-02-23 7:40:04 AM]   All projects are up-to-date for restore.
[OUTPUT 2025-02-23 7:40:03 AM]   Determining projects to restore...
[SUCCESS 2025-02-23 7:40:06 AM] All tests passed successfully.
[INFO 2025-02-23 7:40:06 AM] Test process completed. Duration: 2.99 seconds.
[INFO 2025-02-23 7:40:06 AM] Process exited with code 0.
[INFO 2025-02-23 7:40:03 AM] Command: dotnet test "D:\Code2025\RavenWork\LempelZivWilliams\LempelZivWilliamsTest\LempelZivWilliamsTest.csproj" --logger:"console;verbosity=detailed" --results-directory "TestResults"
[INFO 2025-02-23 7:40:03 AM] Starting test for project: D:\Code2025\RavenWork\LempelZivWilliams\LempelZivWilliamsTest\LempelZivWilliamsTest.csproj

Test succeeded!!!]]></ActResult>
</ActRecord>