<ActRecord>
  <ProjectName>DaitchMokotoffSoundex</ProjectName>
  <ProjectDescription>Daitch–Mokotoff Soundex: a Soundex refinement which allows matching of Slavic and Germanic surnames</ProjectDescription>
  <XMLSpecification><![CDATA[<WriteAndTestPatchSpecification>
  <WriteSpecification>Daitch–Mokotoff Soundex: a Soundex refinement which allows matching of Slavic and Germanic surnames</WriteSpecification>
  <TestSpecification>Write through unit tests.</TestSpecification>
  <SolutionFolderPath>D:\Code2025\RavenWork\DaitchMokotoffSoundex</SolutionFolderPath>
  <ProjectFolderName>DaitchMokotoffSoundex</ProjectFolderName>
  <ProjectName>DaitchMokotoffSoundex</ProjectName>
  <ProjectType>CSharp ClassLibrary</ProjectType>
  <WriteMaxPasses>3</WriteMaxPasses>
  <TestMaxPasses>3</TestMaxPasses>
  <WriteAndTestMaxPasses>5</WriteAndTestMaxPasses>
  <Errors />
  <ContextPaths />
</WriteAndTestPatchSpecification>]]></XMLSpecification>
  <Logs>
    <string>WritePatch Started CycleStep. 2025-02-23 7:51:42 PM
DaitchMokotoffSoundex</string>
    <string>WritePatch ran compiler. 2025-02-23 7:54:07 PM
DaitchMokotoffSoundex</string>
    <string><![CDATA[CompilerResponse
Compile succeeded.
  Determining projects to restore...
  All projects are up-to-date for restore.
D:\Code2025\RavenWork\DaitchMokotoffSoundex\DaitchMokotoffSoundex\DaitchMokotoffSoundex.cs(21,34): warning CS8600: Converting null literal or possible null value to non-nullable type. [D:\Code2025\RavenWork\DaitchMokotoffSoundex\DaitchMokotoffSoundex\DaitchMokotoffSoundex.csproj]
  DaitchMokotoffSoundex -> D:\Code2025\RavenWork\DaitchMokotoffSoundex\DaitchMokotoffSoundex\bin\Debug\net9.0\DaitchMokotoffSoundex.dll

Build succeeded.

D:\Code2025\RavenWork\DaitchMokotoffSoundex\DaitchMokotoffSoundex\DaitchMokotoffSoundex.cs(21,34): warning CS8600: Converting null literal or possible null value to non-nullable type. [D:\Code2025\RavenWork\DaitchMokotoffSoundex\DaitchMokotoffSoundex\DaitchMokotoffSoundex.csproj]
    1 Warning(s)
    0 Error(s)

Time Elapsed 00:00:02.51
]]></string>
    <string>WritePatch: Compile failed.
DaitchMokotoffSoundex</string>
    <string>Finished WritePatch cycle step.
2025-02-23 7:54:09 PM
DaitchMokotoffSoundex</string>
    <string>WritePatch Started CycleStep. 2025-02-23 7:54:09 PM
DaitchMokotoffSoundex</string>
    <string>WritePatch ran compiler. 2025-02-23 7:55:16 PM
DaitchMokotoffSoundex</string>
    <string><![CDATA[CompilerResponse
Compile succeeded.
  Determining projects to restore...
  All projects are up-to-date for restore.
  DaitchMokotoffSoundex -> D:\Code2025\RavenWork\DaitchMokotoffSoundex\DaitchMokotoffSoundex\bin\Debug\net9.0\DaitchMokotoffSoundex.dll

Build succeeded.
    0 Warning(s)
    0 Error(s)

Time Elapsed 00:00:01.75
]]></string>
    <string>WritePatch: Code is not Complete.
DaitchMokotoffSoundex</string>
    <string>Finished WritePatch cycle step.
2025-02-23 7:56:23 PM
DaitchMokotoffSoundex</string>
    <string>WritePatch Started CycleStep. 2025-02-23 7:56:24 PM
DaitchMokotoffSoundex</string>
    <string>WritePatch ran compiler. 2025-02-23 7:58:18 PM
DaitchMokotoffSoundex</string>
    <string><![CDATA[CompilerResponse
Compile succeeded.
  Determining projects to restore...
  All projects are up-to-date for restore.
  DaitchMokotoffSoundex -> D:\Code2025\RavenWork\DaitchMokotoffSoundex\DaitchMokotoffSoundex\bin\Debug\net9.0\DaitchMokotoffSoundex.dll

Build succeeded.
    0 Warning(s)
    0 Error(s)

Time Elapsed 00:00:01.94
]]></string>
    <string>WritePatch: Code is not Complete.
DaitchMokotoffSoundex</string>
    <string>Finished WritePatch cycle step.
2025-02-23 7:59:29 PM
DaitchMokotoffSoundex</string>
    <string><![CDATA[WritePatch completed but failed. MaxPasses reached.
<FolderPath>
D:\Code2025\RavenWork\DaitchMokotoffSoundex\DaitchMokotoffSoundex
</FolderPath>
<CompilerResponse>
CompilerResponse
Compile succeeded.
  Determining projects to restore...
  All projects are up-to-date for restore.
  DaitchMokotoffSoundex -> D:\Code2025\RavenWork\DaitchMokotoffSoundex\DaitchMokotoffSoundex\bin\Debug\net9.0\DaitchMokotoffSoundex.dll

Build succeeded.
    0 Warning(s)
    0 Error(s)

Time Elapsed 00:00:01.94

</CompilerResponse>
2025-02-23 7:59:30 PM
DaitchMokotoffSoundex]]></string>
    <string>WritePatch ran compiler. 2025-02-23 7:59:32 PM
DaitchMokotoffSoundex</string>
    <string><![CDATA[CompilerResponse
Compile succeeded.
  Determining projects to restore...
  All projects are up-to-date for restore.
  DaitchMokotoffSoundex -> D:\Code2025\RavenWork\DaitchMokotoffSoundex\DaitchMokotoffSoundex\bin\Debug\net9.0\DaitchMokotoffSoundex.dll

Build succeeded.
    0 Warning(s)
    0 Error(s)

Time Elapsed 00:00:01.43
]]></string>
    <string>WritePatch: Code is not Complete.
DaitchMokotoffSoundex</string>
    <string>WritePatch Started CycleStep. 2025-02-23 8:00:14 PM
DaitchMokotoffSoundex</string>
    <string>Exception: The request was canceled due to the configured HttpClient.Timeout of 200 seconds elapsing.</string>
    <string>WritePatch Started CycleStep. 2025-02-23 8:03:36 PM
DaitchMokotoffSoundex</string>
    <string>WritePatch: WriteSpecification extraction failed. 2025-02-23 8:06:49 PM
DaitchMokotoffSoundex</string>
    <string>WritePatch Started CycleStep. 2025-02-23 8:06:49 PM
DaitchMokotoffSoundex</string>
    <string>WritePatch: WriteSpecification extraction failed. 2025-02-23 8:08:02 PM
DaitchMokotoffSoundex</string>
    <string><![CDATA[WritePatch completed but failed. MaxPasses reached.
<FolderPath>
D:\Code2025\RavenWork\DaitchMokotoffSoundex\DaitchMokotoffSoundex
</FolderPath>
2025-02-23 8:08:02 PM
DaitchMokotoffSoundex]]></string>
    <string>WritePatch ran compiler. 2025-02-23 8:08:07 PM
DaitchMokotoffSoundex</string>
    <string><![CDATA[CompilerResponse
Compile succeeded.
  Determining projects to restore...
  All projects are up-to-date for restore.
  DaitchMokotoffSoundex -> D:\Code2025\RavenWork\DaitchMokotoffSoundex\DaitchMokotoffSoundex\bin\Debug\net9.0\DaitchMokotoffSoundex.dll

Build succeeded.
    0 Warning(s)
    0 Error(s)

Time Elapsed 00:00:02.39
]]></string>
    <string>WritePatch: Code is not Complete.
DaitchMokotoffSoundex</string>
    <string>WritePatch Started CycleStep. 2025-02-23 8:09:52 PM
DaitchMokotoffSoundex</string>
    <string>WritePatch: WriteSpecification extraction failed. 2025-02-23 8:12:07 PM
DaitchMokotoffSoundex</string>
    <string>WritePatch Started CycleStep. 2025-02-23 8:12:07 PM
DaitchMokotoffSoundex</string>
    <string>WritePatch ran compiler. 2025-02-23 8:13:55 PM
DaitchMokotoffSoundex</string>
    <string><![CDATA[CompilerResponse
Compile succeeded.
  Determining projects to restore...
  All projects are up-to-date for restore.
  DaitchMokotoffSoundex -> D:\Code2025\RavenWork\DaitchMokotoffSoundex\DaitchMokotoffSoundex\bin\Debug\net9.0\DaitchMokotoffSoundex.dll

Build succeeded.
    0 Warning(s)
    0 Error(s)

Time Elapsed 00:00:02.21
]]></string>
    <string>WritePatch: Code is not Complete.
DaitchMokotoffSoundex</string>
    <string>Finished WritePatch cycle step.
2025-02-23 8:14:40 PM
DaitchMokotoffSoundex</string>
    <string>WritePatch Started CycleStep. 2025-02-23 8:14:41 PM
DaitchMokotoffSoundex</string>
    <string>WritePatch ran compiler. 2025-02-23 8:16:10 PM
DaitchMokotoffSoundex</string>
    <string><![CDATA[CompilerResponse
Compile succeeded.
  Determining projects to restore...
  All projects are up-to-date for restore.
  DaitchMokotoffSoundex -> D:\Code2025\RavenWork\DaitchMokotoffSoundex\DaitchMokotoffSoundex\bin\Debug\net9.0\DaitchMokotoffSoundex.dll

Build succeeded.
    0 Warning(s)
    0 Error(s)

Time Elapsed 00:00:01.73
]]></string>
    <string>WritePatch: Code is Complete.
DaitchMokotoffSoundex</string>
    <string>WritePatch Started CycleStep. 2025-02-23 8:16:49 PM
DaitchMokotoffSoundexTest</string>
    <string>WritePatch ran compiler. 2025-02-23 8:17:29 PM
DaitchMokotoffSoundexTest</string>
    <string><![CDATA[CompilerResponse
Compile succeeded.
  Determining projects to restore...
  Restored D:\Code2025\RavenWork\DaitchMokotoffSoundex\DaitchMokotoffSoundexTest\DaitchMokotoffSoundexTest.csproj (in 403 ms).
  1 of 2 projects are up-to-date for restore.
  DaitchMokotoffSoundex -> D:\Code2025\RavenWork\DaitchMokotoffSoundex\DaitchMokotoffSoundex\bin\Debug\net9.0\DaitchMokotoffSoundex.dll
  DaitchMokotoffSoundexTest -> D:\Code2025\RavenWork\DaitchMokotoffSoundex\DaitchMokotoffSoundexTest\bin\Debug\net9.0\DaitchMokotoffSoundexTest.dll

Build succeeded.
    0 Warning(s)
    0 Error(s)

Time Elapsed 00:00:03.03
]]></string>
    <string>WritePatch: Code is Complete.
DaitchMokotoffSoundexTest</string>
    <string>[INFO 2025-02-23 8:17:52 PM] Starting test for project: D:\Code2025\RavenWork\DaitchMokotoffSoundex\DaitchMokotoffSoundexTest\DaitchMokotoffSoundexTest.csproj</string>
    <string>[INFO 2025-02-23 8:17:52 PM] Starting test for project: D:\Code2025\RavenWork\DaitchMokotoffSoundex\DaitchMokotoffSoundexTest\DaitchMokotoffSoundexTest.csproj</string>
    <string>[INFO 2025-02-23 8:17:52 PM] Starting test for project: D:\Code2025\RavenWork\DaitchMokotoffSoundex\DaitchMokotoffSoundexTest\DaitchMokotoffSoundexTest.csproj</string>
    <string>[INFO 2025-02-23 8:17:52 PM] Starting test for project: D:\Code2025\RavenWork\DaitchMokotoffSoundex\DaitchMokotoffSoundexTest\DaitchMokotoffSoundexTest.csproj</string>
    <string>[INFO 2025-02-23 8:17:52 PM] Starting test for project: D:\Code2025\RavenWork\DaitchMokotoffSoundex\DaitchMokotoffSoundexTest\DaitchMokotoffSoundexTest.csproj</string>
    <string>[INFO 2025-02-23 8:17:52 PM] Starting test for project: D:\Code2025\RavenWork\DaitchMokotoffSoundex\DaitchMokotoffSoundexTest\DaitchMokotoffSoundexTest.csproj</string>
    <string>[INFO 2025-02-23 8:17:52 PM] Starting test for project: D:\Code2025\RavenWork\DaitchMokotoffSoundex\DaitchMokotoffSoundexTest\DaitchMokotoffSoundexTest.csproj</string>
    <string>[INFO 2025-02-23 8:17:52 PM] Starting test for project: D:\Code2025\RavenWork\DaitchMokotoffSoundex\DaitchMokotoffSoundexTest\DaitchMokotoffSoundexTest.csproj</string>
    <string>[INFO 2025-02-23 8:17:52 PM] Starting test for project: D:\Code2025\RavenWork\DaitchMokotoffSoundex\DaitchMokotoffSoundexTest\DaitchMokotoffSoundexTest.csproj</string>
    <string>[INFO 2025-02-23 8:17:52 PM] Starting test for project: D:\Code2025\RavenWork\DaitchMokotoffSoundex\DaitchMokotoffSoundexTest\DaitchMokotoffSoundexTest.csproj</string>
    <string>[INFO 2025-02-23 8:17:52 PM] Starting test for project: D:\Code2025\RavenWork\DaitchMokotoffSoundex\DaitchMokotoffSoundexTest\DaitchMokotoffSoundexTest.csproj</string>
    <string>[INFO 2025-02-23 8:17:52 PM] Starting test for project: D:\Code2025\RavenWork\DaitchMokotoffSoundex\DaitchMokotoffSoundexTest\DaitchMokotoffSoundexTest.csproj</string>
    <string>[INFO 2025-02-23 8:17:52 PM] Starting test for project: D:\Code2025\RavenWork\DaitchMokotoffSoundex\DaitchMokotoffSoundexTest\DaitchMokotoffSoundexTest.csproj</string>
    <string><![CDATA[TestResult:
[SUCCESS 2025-02-23 8:17:59 PM] All tests passed successfully.
[INFO 2025-02-23 8:17:59 PM] Test process completed. Duration: 6.94 seconds.
[INFO 2025-02-23 8:17:59 PM] Process exited with code 0.
[OUTPUT 2025-02-23 8:17:59 PM] Test Parallelization enabled for D:\Code2025\RavenWork\DaitchMokotoffSoundex\DaitchMokotoffSoundexTest\bin\Debug\net9.0\DaitchMokotoffSoundexTest.dll (Workers: 16, Scope: MethodLevel)
[OUTPUT 2025-02-23 8:17:58 PM] D:\Code2025\RavenWork\DaitchMokotoffSoundex\DaitchMokotoffSoundexTest\bin\Debug\net9.0\DaitchMokotoffSoundexTest.dll
[OUTPUT 2025-02-23 8:17:57 PM] A total of 1 test files matched the specified pattern.
[OUTPUT 2025-02-23 8:17:57 PM] Starting test execution, please wait...
[OUTPUT 2025-02-23 8:17:55 PM]   DaitchMokotoffSoundex -> D:\Code2025\RavenWork\DaitchMokotoffSoundex\DaitchMokotoffSoundex\bin\Debug\net9.0\DaitchMokotoffSoundex.dll
[OUTPUT 2025-02-23 8:17:54 PM]   Determining projects to restore...
[OUTPUT 2025-02-23 8:18:00 PM]   Passed Test_Encode_R_ReturnsCorrectCode [9 ms]
[OUTPUT 2025-02-23 8:17:56 PM] VSTest version 17.12.0 (x64)
[OUTPUT 2025-02-23 8:17:56 PM] Test run for D:\Code2025\RavenWork\DaitchMokotoffSoundex\DaitchMokotoffSoundexTest\bin\Debug\net9.0\DaitchMokotoffSoundexTest.dll (.NETCoreApp,Version=v9.0)
[OUTPUT 2025-02-23 8:17:55 PM]   DaitchMokotoffSoundexTest -> D:\Code2025\RavenWork\DaitchMokotoffSoundex\DaitchMokotoffSoundexTest\bin\Debug\net9.0\DaitchMokotoffSoundexTest.dll
[OUTPUT 2025-02-23 8:17:54 PM]   All projects are up-to-date for restore.
[INFO 2025-02-23 8:17:52 PM] Command: dotnet test "D:\Code2025\RavenWork\DaitchMokotoffSoundex\DaitchMokotoffSoundexTest\DaitchMokotoffSoundexTest.csproj" --logger:"console;verbosity=detailed" --results-directory "TestResults"
[INFO 2025-02-23 8:17:52 PM] Starting test for project: D:\Code2025\RavenWork\DaitchMokotoffSoundex\DaitchMokotoffSoundexTest\DaitchMokotoffSoundexTest.csproj]]></string>
    <string>Test succeeded!!!</string>
  </Logs>
  <ActResult><![CDATA[WritePatch Started CycleStep. 2025-02-23 7:51:42 PM
DaitchMokotoffSoundex

WritePatch ran compiler. 2025-02-23 7:54:07 PM
DaitchMokotoffSoundex

CompilerResponse
Compile succeeded.
  Determining projects to restore...
  All projects are up-to-date for restore.
D:\Code2025\RavenWork\DaitchMokotoffSoundex\DaitchMokotoffSoundex\DaitchMokotoffSoundex.cs(21,34): warning CS8600: Converting null literal or possible null value to non-nullable type. [D:\Code2025\RavenWork\DaitchMokotoffSoundex\DaitchMokotoffSoundex\DaitchMokotoffSoundex.csproj]
  DaitchMokotoffSoundex -> D:\Code2025\RavenWork\DaitchMokotoffSoundex\DaitchMokotoffSoundex\bin\Debug\net9.0\DaitchMokotoffSoundex.dll

Build succeeded.

D:\Code2025\RavenWork\DaitchMokotoffSoundex\DaitchMokotoffSoundex\DaitchMokotoffSoundex.cs(21,34): warning CS8600: Converting null literal or possible null value to non-nullable type. [D:\Code2025\RavenWork\DaitchMokotoffSoundex\DaitchMokotoffSoundex\DaitchMokotoffSoundex.csproj]
    1 Warning(s)
    0 Error(s)

Time Elapsed 00:00:02.51


WritePatch: Compile failed.
DaitchMokotoffSoundex

Finished WritePatch cycle step.
2025-02-23 7:54:09 PM
DaitchMokotoffSoundex

WritePatch Started CycleStep. 2025-02-23 7:54:09 PM
DaitchMokotoffSoundex

WritePatch ran compiler. 2025-02-23 7:55:16 PM
DaitchMokotoffSoundex

CompilerResponse
Compile succeeded.
  Determining projects to restore...
  All projects are up-to-date for restore.
  DaitchMokotoffSoundex -> D:\Code2025\RavenWork\DaitchMokotoffSoundex\DaitchMokotoffSoundex\bin\Debug\net9.0\DaitchMokotoffSoundex.dll

Build succeeded.
    0 Warning(s)
    0 Error(s)

Time Elapsed 00:00:01.75


WritePatch: Code is not Complete.
DaitchMokotoffSoundex

Finished WritePatch cycle step.
2025-02-23 7:56:23 PM
DaitchMokotoffSoundex

WritePatch Started CycleStep. 2025-02-23 7:56:24 PM
DaitchMokotoffSoundex

WritePatch ran compiler. 2025-02-23 7:58:18 PM
DaitchMokotoffSoundex

CompilerResponse
Compile succeeded.
  Determining projects to restore...
  All projects are up-to-date for restore.
  DaitchMokotoffSoundex -> D:\Code2025\RavenWork\DaitchMokotoffSoundex\DaitchMokotoffSoundex\bin\Debug\net9.0\DaitchMokotoffSoundex.dll

Build succeeded.
    0 Warning(s)
    0 Error(s)

Time Elapsed 00:00:01.94


WritePatch: Code is not Complete.
DaitchMokotoffSoundex

Finished WritePatch cycle step.
2025-02-23 7:59:29 PM
DaitchMokotoffSoundex

WritePatch completed but failed. MaxPasses reached.
<FolderPath>
D:\Code2025\RavenWork\DaitchMokotoffSoundex\DaitchMokotoffSoundex
</FolderPath>
<CompilerResponse>
CompilerResponse
Compile succeeded.
  Determining projects to restore...
  All projects are up-to-date for restore.
  DaitchMokotoffSoundex -> D:\Code2025\RavenWork\DaitchMokotoffSoundex\DaitchMokotoffSoundex\bin\Debug\net9.0\DaitchMokotoffSoundex.dll

Build succeeded.
    0 Warning(s)
    0 Error(s)

Time Elapsed 00:00:01.94

</CompilerResponse>
2025-02-23 7:59:30 PM
DaitchMokotoffSoundex

WritePatch ran compiler. 2025-02-23 7:59:32 PM
DaitchMokotoffSoundex

CompilerResponse
Compile succeeded.
  Determining projects to restore...
  All projects are up-to-date for restore.
  DaitchMokotoffSoundex -> D:\Code2025\RavenWork\DaitchMokotoffSoundex\DaitchMokotoffSoundex\bin\Debug\net9.0\DaitchMokotoffSoundex.dll

Build succeeded.
    0 Warning(s)
    0 Error(s)

Time Elapsed 00:00:01.43


WritePatch: Code is not Complete.
DaitchMokotoffSoundex

WritePatch Started CycleStep. 2025-02-23 8:00:14 PM
DaitchMokotoffSoundex

Exception: The request was canceled due to the configured HttpClient.Timeout of 200 seconds elapsing.

WritePatch Started CycleStep. 2025-02-23 8:03:36 PM
DaitchMokotoffSoundex

WritePatch: WriteSpecification extraction failed. 2025-02-23 8:06:49 PM
DaitchMokotoffSoundex

WritePatch Started CycleStep. 2025-02-23 8:06:49 PM
DaitchMokotoffSoundex

WritePatch: WriteSpecification extraction failed. 2025-02-23 8:08:02 PM
DaitchMokotoffSoundex

WritePatch completed but failed. MaxPasses reached.
<FolderPath>
D:\Code2025\RavenWork\DaitchMokotoffSoundex\DaitchMokotoffSoundex
</FolderPath>
2025-02-23 8:08:02 PM
DaitchMokotoffSoundex

WritePatch ran compiler. 2025-02-23 8:08:07 PM
DaitchMokotoffSoundex

CompilerResponse
Compile succeeded.
  Determining projects to restore...
  All projects are up-to-date for restore.
  DaitchMokotoffSoundex -> D:\Code2025\RavenWork\DaitchMokotoffSoundex\DaitchMokotoffSoundex\bin\Debug\net9.0\DaitchMokotoffSoundex.dll

Build succeeded.
    0 Warning(s)
    0 Error(s)

Time Elapsed 00:00:02.39


WritePatch: Code is not Complete.
DaitchMokotoffSoundex

WritePatch Started CycleStep. 2025-02-23 8:09:52 PM
DaitchMokotoffSoundex

WritePatch: WriteSpecification extraction failed. 2025-02-23 8:12:07 PM
DaitchMokotoffSoundex

WritePatch Started CycleStep. 2025-02-23 8:12:07 PM
DaitchMokotoffSoundex

WritePatch ran compiler. 2025-02-23 8:13:55 PM
DaitchMokotoffSoundex

CompilerResponse
Compile succeeded.
  Determining projects to restore...
  All projects are up-to-date for restore.
  DaitchMokotoffSoundex -> D:\Code2025\RavenWork\DaitchMokotoffSoundex\DaitchMokotoffSoundex\bin\Debug\net9.0\DaitchMokotoffSoundex.dll

Build succeeded.
    0 Warning(s)
    0 Error(s)

Time Elapsed 00:00:02.21


WritePatch: Code is not Complete.
DaitchMokotoffSoundex

Finished WritePatch cycle step.
2025-02-23 8:14:40 PM
DaitchMokotoffSoundex

WritePatch Started CycleStep. 2025-02-23 8:14:41 PM
DaitchMokotoffSoundex

WritePatch ran compiler. 2025-02-23 8:16:10 PM
DaitchMokotoffSoundex

CompilerResponse
Compile succeeded.
  Determining projects to restore...
  All projects are up-to-date for restore.
  DaitchMokotoffSoundex -> D:\Code2025\RavenWork\DaitchMokotoffSoundex\DaitchMokotoffSoundex\bin\Debug\net9.0\DaitchMokotoffSoundex.dll

Build succeeded.
    0 Warning(s)
    0 Error(s)

Time Elapsed 00:00:01.73


WritePatch: Code is Complete.
DaitchMokotoffSoundex

WritePatch Started CycleStep. 2025-02-23 8:16:49 PM
DaitchMokotoffSoundexTest

WritePatch ran compiler. 2025-02-23 8:17:29 PM
DaitchMokotoffSoundexTest

CompilerResponse
Compile succeeded.
  Determining projects to restore...
  Restored D:\Code2025\RavenWork\DaitchMokotoffSoundex\DaitchMokotoffSoundexTest\DaitchMokotoffSoundexTest.csproj (in 403 ms).
  1 of 2 projects are up-to-date for restore.
  DaitchMokotoffSoundex -> D:\Code2025\RavenWork\DaitchMokotoffSoundex\DaitchMokotoffSoundex\bin\Debug\net9.0\DaitchMokotoffSoundex.dll
  DaitchMokotoffSoundexTest -> D:\Code2025\RavenWork\DaitchMokotoffSoundex\DaitchMokotoffSoundexTest\bin\Debug\net9.0\DaitchMokotoffSoundexTest.dll

Build succeeded.
    0 Warning(s)
    0 Error(s)

Time Elapsed 00:00:03.03


WritePatch: Code is Complete.
DaitchMokotoffSoundexTest

TestResult:
[SUCCESS 2025-02-23 8:17:59 PM] All tests passed successfully.
[INFO 2025-02-23 8:17:59 PM] Test process completed. Duration: 6.94 seconds.
[INFO 2025-02-23 8:17:59 PM] Process exited with code 0.
[OUTPUT 2025-02-23 8:17:59 PM] Test Parallelization enabled for D:\Code2025\RavenWork\DaitchMokotoffSoundex\DaitchMokotoffSoundexTest\bin\Debug\net9.0\DaitchMokotoffSoundexTest.dll (Workers: 16, Scope: MethodLevel)
[OUTPUT 2025-02-23 8:17:58 PM] D:\Code2025\RavenWork\DaitchMokotoffSoundex\DaitchMokotoffSoundexTest\bin\Debug\net9.0\DaitchMokotoffSoundexTest.dll
[OUTPUT 2025-02-23 8:17:57 PM] A total of 1 test files matched the specified pattern.
[OUTPUT 2025-02-23 8:17:57 PM] Starting test execution, please wait...
[OUTPUT 2025-02-23 8:17:55 PM]   DaitchMokotoffSoundex -> D:\Code2025\RavenWork\DaitchMokotoffSoundex\DaitchMokotoffSoundex\bin\Debug\net9.0\DaitchMokotoffSoundex.dll
[OUTPUT 2025-02-23 8:17:54 PM]   Determining projects to restore...
[OUTPUT 2025-02-23 8:18:00 PM]   Passed Test_Encode_R_ReturnsCorrectCode [9 ms]
[OUTPUT 2025-02-23 8:17:56 PM] VSTest version 17.12.0 (x64)
[OUTPUT 2025-02-23 8:17:56 PM] Test run for D:\Code2025\RavenWork\DaitchMokotoffSoundex\DaitchMokotoffSoundexTest\bin\Debug\net9.0\DaitchMokotoffSoundexTest.dll (.NETCoreApp,Version=v9.0)
[OUTPUT 2025-02-23 8:17:55 PM]   DaitchMokotoffSoundexTest -> D:\Code2025\RavenWork\DaitchMokotoffSoundex\DaitchMokotoffSoundexTest\bin\Debug\net9.0\DaitchMokotoffSoundexTest.dll
[OUTPUT 2025-02-23 8:17:54 PM]   All projects are up-to-date for restore.
[INFO 2025-02-23 8:17:52 PM] Command: dotnet test "D:\Code2025\RavenWork\DaitchMokotoffSoundex\DaitchMokotoffSoundexTest\DaitchMokotoffSoundexTest.csproj" --logger:"console;verbosity=detailed" --results-directory "TestResults"
[INFO 2025-02-23 8:17:52 PM] Starting test for project: D:\Code2025\RavenWork\DaitchMokotoffSoundex\DaitchMokotoffSoundexTest\DaitchMokotoffSoundexTest.csproj

Test succeeded!!!]]></ActResult>
</ActRecord>